CUDA: False
Namespace(algo='ppo', lr=0.0003, eps=1e-05, alpha=0.99, gamma=0.99, use_gae=True, gae_lambda=0.95, entropy_coef=0.005, value_loss_coef=0.5, max_grad_norm=0.5, seed=30771, cuda_deterministic=False, num_processes=2, num_steps=2048, ppo_epoch=10, num_mini_batch=2, clip_param=0.2, log_interval=1, save_interval=100, no_cuda=False, use_proper_time_limits=False, recurrent_policy=True, use_linear_lr_decay=True, env_name='plume', log_dir='/tmp/gym/', save_dir='./trained_models/ExptWalking20250730/', dynamic=False, eval_type='fixed', eval_episodes=20, eval_interval=None, weight_decay=0.00012, rnn_type='VRNN', hidden_size=64, betadist=False, stacking=0, masking=None, stride=1, dataset=['constantx5b5', 'constantx5b5'], num_env_steps=[500000, 750000], qvar=[0.6, 0.85], birthx=[2.4, 1.9], diff_max=[0.8, 0.8], diff_min=[0.7, 0.7], birthx_max=1.0, dryrun=False, curriculum=False, turnx=1.0, movex=1.0, auto_movex=False, auto_reward=False, loc_algo='uniform', time_algo='uniform', env_dt=0.04, outsuffix='walk-v2_20250730_VRNN_constantx5b5constantx5b5_stepoobmetabolicfound_bx2.41.9_t500000750000_q0.60.85_dmx0.80.8_dmn0.70.7_h64_wd0.00012_n2_walking_seed3077117', walking=True, radiusx=1.0, diffusion_min=1.0, diffusion_max=1.0, r_shaping=['step', 'oob', 'metabolic', 'found'], wind_rel=True, action_feedback=False, squash_action=True, flipping=True, odor_scaling=True, stray_max=2.0, test_episodes=50, viz_episodes=10, model_fname='', obs_noise=0.0, act_noise=0.0, cuda=False)
PPO Args ---> Namespace(algo='ppo', lr=0.0003, eps=1e-05, alpha=0.99, gamma=0.99, use_gae=True, gae_lambda=0.95, entropy_coef=0.005, value_loss_coef=0.5, max_grad_norm=0.5, seed=30771, cuda_deterministic=False, num_processes=2, num_steps=2048, ppo_epoch=10, num_mini_batch=2, clip_param=0.2, log_interval=1, save_interval=100, no_cuda=False, use_proper_time_limits=False, recurrent_policy=True, use_linear_lr_decay=True, env_name='plume', log_dir='/tmp/gym/', save_dir='./trained_models/ExptWalking20250730/', dynamic=False, eval_type='fixed', eval_episodes=20, eval_interval=None, weight_decay=0.00012, rnn_type='VRNN', hidden_size=64, betadist=False, stacking=0, masking=None, stride=1, dataset=['constantx5b5', 'constantx5b5'], num_env_steps=[500000, 750000], qvar=[0.6, 0.85], birthx=[2.4, 1.9], diff_max=[0.8, 0.8], diff_min=[0.7, 0.7], birthx_max=1.0, dryrun=False, curriculum=False, turnx=1.0, movex=1.0, auto_movex=False, auto_reward=False, loc_algo='uniform', time_algo='uniform', env_dt=0.04, outsuffix='walk-v2_20250730_VRNN_constantx5b5constantx5b5_stepoobmetabolicfound_bx2.41.9_t500000750000_q0.60.85_dmx0.80.8_dmn0.70.7_h64_wd0.00012_n2_walking_seed3077117', walking=True, radiusx=1.0, diffusion_min=1.0, diffusion_max=1.0, r_shaping=['step', 'oob', 'metabolic', 'found'], wind_rel=True, action_feedback=False, squash_action=True, flipping=True, odor_scaling=True, stray_max=2.0, test_episodes=50, viz_episodes=10, model_fname='', obs_noise=0.0, act_noise=0.0, cuda=False)
Using Precomputed Plume...
Using Precomputed Plume...
2025-07-30 22:20:58.132 python[28211:55124734] +[NSXPCSharedListener endpointForReply:withListenerName:replyErrorCode:]: an error occurred while attempting to obtain endpoint for listener 'ClientCallsAuxiliary': Connection invalid
2025-07-30 22:20:58.133 python[28212:55124735] +[NSXPCSharedListener endpointForReply:withListenerName:replyErrorCode:]: an error occurred while attempting to obtain endpoint for listener 'ClientCallsAuxiliary': Connection invalid
Using Precomputed Plume...
PlumeEnvironment: {'self': <plume_env.PlumeEnvironment object at 0x172154e50>, 't_val_min': 10.0, 'sim_steps_max': 3000, 'reset_offset_tmax': 30, 'dataset': 'constantx5b5', 'move_capacity': 2.0, 'turn_capacity': 19.634954084936208, 'wind_obsx': 1.0, 'movex': 1.0, 'turnx': 1.0, 'birthx': 2.4, 'birthx_max': 1.0, 'env_dt': 0.04, 'loc_algo': 'uniform', 'qvar': 0.6, 'time_algo': 'uniform', 'angle_algo': 'uniform', 'homed_radius': 0.2, 'stray_max': 2.0, 'wind_rel': True, 'auto_movex': False, 'auto_reward': False, 'diff_max': 0.8, 'diff_min': 0.7, 'r_shaping': ['step', 'oob', 'metabolic', 'found'], 'rewardx': 1.0, 'rescale': False, 'squash_action': True, 'walking': True, 'walk_move': 0.05, 'walk_turn': 3.14159, 'radiusx': 1.0, 'diffusion_min': 1.0, 'diffusion_max': 1.0, 'action_feedback': False, 'flipping': True, 'odor_scaling': True, 'obs_noise': 0.0, 'act_noise': 0.0, 'dynamic': False, 'seed': 30771, 'verbose': 0, '__class__': <class 'plume_env.PlumeEnvironment'>}
Squashing actions to 0-1
constantx5b5
wind: t_val_diff 0.03999999999999915 env_dt 0.04
puffs: t_val_diff 0.03999999999999915 env_dt 0.04
Reward Shaping ['step', 'oob', 'metabolic', 'found']
Using MLPBase
hidden_size 64
Using VanillaRNN
Saved ./trained_models/ExptWalking20250730//plume_walk-v2_20250730_VRNN_constantx5b5constantx5b5_stepoobmetabolicfound_bx2.41.9_t500000750000_q0.60.85_dmx0.80.8_dmn0.70.7_h64_wd0.00012_n2_walking_seed3077117.pt.start
Stage: 0/2 - constantx5b5 b2.4 q0.6 n500000
Saved ./trained_models/ExptWalking20250730/plume_walk-v2_20250730_VRNN_constantx5b5constantx5b5_stepoobmetabolicfound_bx2.41.9_t500000750000_q0.60.85_dmx0.80.8_dmn0.70.7_h64_wd0.00012_n2_walking_seed3077117.pt
Update 0/122, T 4096, FPS 177, 32-training-episode: mean/median -2.8/-2.1, min/max -7.4/-1.5
Update 1/122, T 8192, FPS 190, 50-training-episode: mean/median -3.6/-2.6, min/max -8.6/-1.5
Update 2/122, T 12288, FPS 192, 50-training-episode: mean/median -1.9/-3.1, min/max -8.6/99.9
Update 3/122, T 16384, FPS 192, 50-training-episode: mean/median 0.5/-2.4, min/max -9.7/99.9
Update 4/122, T 20480, FPS 190, 50-training-episode: mean/median 4.7/-2.2, min/max -9.7/100.6
Update 5/122, T 24576, FPS 189, 50-training-episode: mean/median 6.8/-2.2, min/max -8.9/100.6
Update 6/122, T 28672, FPS 188, 50-training-episode: mean/median 9.2/-2.3, min/max -8.2/100.0
Update 7/122, T 32768, FPS 188, 50-training-episode: mean/median 11.4/-2.7, min/max -5.2/100.2
Update 8/122, T 36864, FPS 185, 50-training-episode: mean/median 15.9/-2.1, min/max -5.2/100.5
Update 9/122, T 40960, FPS 184, 50-training-episode: mean/median 14.0/-2.0, min/max -3.4/100.5
Update 10/122, T 45056, FPS 184, 50-training-episode: mean/median 20.1/-1.8, min/max -3.5/100.4
Update 11/122, T 49152, FPS 178, 50-training-episode: mean/median 36.5/-1.7, min/max -3.5/100.6
Update 12/122, T 53248, FPS 178, 50-training-episode: mean/median 40.5/-1.7, min/max -5.3/100.6
Update 13/122, T 57344, FPS 179, 50-training-episode: mean/median 42.5/-1.6, min/max -5.3/100.6
Update 14/122, T 61440, FPS 180, 50-training-episode: mean/median 46.7/-1.4, min/max -4.7/100.6
Update 15/122, T 65536, FPS 180, 50-training-episode: mean/median 57.0/99.1, min/max -2.9/100.6
Update 16/122, T 69632, FPS 179, 50-training-episode: mean/median 56.9/99.2, min/max -3.8/100.6
Update 17/122, T 73728, FPS 180, 50-training-episode: mean/median 52.8/99.3, min/max -3.8/100.6
Update 18/122, T 77824, FPS 178, 50-training-episode: mean/median 52.9/99.3, min/max -3.9/100.6
Update 19/122, T 81920, FPS 178, 50-training-episode: mean/median 55.0/99.4, min/max -3.9/100.6
Update 20/122, T 86016, FPS 178, 50-training-episode: mean/median 49.1/53.6, min/max -4.0/100.6
Update 21/122, T 90112, FPS 178, 50-training-episode: mean/median 55.2/99.1, min/max -4.0/100.4
Update 22/122, T 94208, FPS 178, 50-training-episode: mean/median 67.3/99.7, min/max -3.6/100.6
Update 23/122, T 98304, FPS 178, 50-training-episode: mean/median 59.1/99.6, min/max -3.4/100.6
Update 24/122, T 102400, FPS 178, 50-training-episode: mean/median 52.9/99.6, min/max -3.9/100.7
Update 25/122, T 106496, FPS 178, 50-training-episode: mean/median 57.0/99.5, min/max -3.9/100.7
Update 26/122, T 110592, FPS 177, 50-training-episode: mean/median 59.0/99.6, min/max -3.6/100.5
Update 27/122, T 114688, FPS 177, 50-training-episode: mean/median 40.5/-1.6, min/max -3.7/100.6
Update 28/122, T 118784, FPS 178, 50-training-episode: mean/median 42.7/-1.5, min/max -3.5/100.7
Update 29/122, T 122880, FPS 178, 50-training-episode: mean/median 50.9/99.1, min/max -3.5/100.7
Update 30/122, T 126976, FPS 179, 50-training-episode: mean/median 54.9/99.4, min/max -3.7/100.6
Update 31/122, T 131072, FPS 179, 50-training-episode: mean/median 58.9/99.4, min/max -4.2/100.7
Update 32/122, T 135168, FPS 179, 50-training-episode: mean/median 67.4/99.7, min/max -4.2/100.7
Traceback (most recent call last):
  File "/Users/aaravsinha/manyplume/oneplume/ppo/main.py", line 617, in <module>
    main()
  File "/Users/aaravsinha/manyplume/oneplume/ppo/main.py", line 569, in main
    training_log, eval_log = training_loop(agent, envs, args, device, actor_critic,
  File "/Users/aaravsinha/manyplume/oneplume/ppo/main.py", line 343, in training_loop
    obs, reward, done, infos = envs.step(action)
  File "/opt/anaconda3/envs/py39/lib/python3.9/site-packages/stable_baselines3/common/vec_env/base_vec_env.py", line 163, in step
    return self.step_wait()
  File "/Users/aaravsinha/manyplume/oneplume/ppo/a2c_ppo_acktr/envs.py", line 220, in step_wait
    obs, reward, done, info = self.venv.step_wait()
  File "/opt/anaconda3/envs/py39/lib/python3.9/site-packages/stable_baselines3/common/vec_env/vec_normalize.py", line 175, in step_wait
    obs, rewards, dones, infos = self.venv.step_wait()
  File "/opt/anaconda3/envs/py39/lib/python3.9/site-packages/stable_baselines3/common/vec_env/subproc_vec_env.py", line 121, in step_wait
    results = [remote.recv() for remote in self.remotes]
  File "/opt/anaconda3/envs/py39/lib/python3.9/site-packages/stable_baselines3/common/vec_env/subproc_vec_env.py", line 121, in <listcomp>
    results = [remote.recv() for remote in self.remotes]
  File "/opt/anaconda3/envs/py39/lib/python3.9/multiprocessing/connection.py", line 250, in recv
    buf = self._recv_bytes()
  File "/opt/anaconda3/envs/py39/lib/python3.9/multiprocessing/connection.py", line 414, in _recv_bytes
    buf = self._recv(4)
  File "/opt/anaconda3/envs/py39/lib/python3.9/multiprocessing/connection.py", line 383, in _recv
    raise EOFError
EOFError
