CUDA: False
Namespace(algo='ppo', lr=0.0003, eps=1e-05, alpha=0.99, gamma=0.99, use_gae=True, gae_lambda=0.95, entropy_coef=0.005, value_loss_coef=0.5, max_grad_norm=0.5, seed=29086, cuda_deterministic=False, num_processes=2, num_steps=2048, ppo_epoch=10, num_mini_batch=2, clip_param=0.2, log_interval=1, save_interval=100, no_cuda=False, use_proper_time_limits=False, recurrent_policy=True, use_linear_lr_decay=True, env_name='plume', log_dir='/tmp/gym/', save_dir='./trained_models/ExptWalking20250802/', dynamic=False, eval_type='fixed', eval_episodes=20, eval_interval=None, weight_decay=0.00012, rnn_type='VRNN', hidden_size=64, betadist=False, stacking=0, masking=None, stride=1, dataset=['constantx5b5', 'noisy3x5b5'], num_env_steps=[1000000, 10000], qvar=[0.45, 0.55], birthx=[2.8, 3.0], diff_max=[0.8, 0.8], diff_min=[0.7, 0.4], birthx_max=1.0, dryrun=False, curriculum=False, turnx=1.0, movex=1.0, auto_movex=False, auto_reward=False, loc_algo='uniform', time_algo='uniform', env_dt=0.04, outsuffix='walk-v8_20250802_VRNN_constantx5b5noisy3x5b5_stepoobmetabolicfound_bx2.83_t100000010000_q0.450.55_dmx0.80.8_dmn0.70.4_h64_wd0.00012_n2_walking_seed29086b7', walking=True, radiusx=1.0, diffusion_min=1.0, diffusion_max=1.0, r_shaping=['step', 'oob', 'metabolic', 'found'], wind_rel=True, action_feedback=False, squash_action=True, flipping=True, odor_scaling=True, stray_max=2.0, test_episodes=50, viz_episodes=10, model_fname='', obs_noise=0.0, act_noise=0.0, cuda=False)
PPO Args ---> Namespace(algo='ppo', lr=0.0003, eps=1e-05, alpha=0.99, gamma=0.99, use_gae=True, gae_lambda=0.95, entropy_coef=0.005, value_loss_coef=0.5, max_grad_norm=0.5, seed=29086, cuda_deterministic=False, num_processes=2, num_steps=2048, ppo_epoch=10, num_mini_batch=2, clip_param=0.2, log_interval=1, save_interval=100, no_cuda=False, use_proper_time_limits=False, recurrent_policy=True, use_linear_lr_decay=True, env_name='plume', log_dir='/tmp/gym/', save_dir='./trained_models/ExptWalking20250802/', dynamic=False, eval_type='fixed', eval_episodes=20, eval_interval=None, weight_decay=0.00012, rnn_type='VRNN', hidden_size=64, betadist=False, stacking=0, masking=None, stride=1, dataset=['constantx5b5', 'noisy3x5b5'], num_env_steps=[1000000, 10000], qvar=[0.45, 0.55], birthx=[2.8, 3.0], diff_max=[0.8, 0.8], diff_min=[0.7, 0.4], birthx_max=1.0, dryrun=False, curriculum=False, turnx=1.0, movex=1.0, auto_movex=False, auto_reward=False, loc_algo='uniform', time_algo='uniform', env_dt=0.04, outsuffix='walk-v8_20250802_VRNN_constantx5b5noisy3x5b5_stepoobmetabolicfound_bx2.83_t100000010000_q0.450.55_dmx0.80.8_dmn0.70.4_h64_wd0.00012_n2_walking_seed29086b7', walking=True, radiusx=1.0, diffusion_min=1.0, diffusion_max=1.0, r_shaping=['step', 'oob', 'metabolic', 'found'], wind_rel=True, action_feedback=False, squash_action=True, flipping=True, odor_scaling=True, stray_max=2.0, test_episodes=50, viz_episodes=10, model_fname='', obs_noise=0.0, act_noise=0.0, cuda=False)
Using Precomputed Plume...
Using Precomputed Plume...
2025-08-02 22:01:53.406 python[47447:59653059] +[NSXPCSharedListener endpointForReply:withListenerName:replyErrorCode:]: an error occurred while attempting to obtain endpoint for listener 'ClientCallsAuxiliary': Connection invalid
2025-08-02 22:01:53.406 python[47448:59653063] +[NSXPCSharedListener endpointForReply:withListenerName:replyErrorCode:]: an error occurred while attempting to obtain endpoint for listener 'ClientCallsAuxiliary': Connection invalid
Using Precomputed Plume...
PlumeEnvironment: {'self': <plume_env.PlumeEnvironment object at 0x17513ad30>, 't_val_min': 10.0, 'sim_steps_max': 2600, 'reset_offset_tmax': 30, 'dataset': 'constantx5b5', 'move_capacity': 2.0, 'turn_capacity': 19.634954084936208, 'wind_obsx': 1.0, 'movex': 1.0, 'turnx': 1.0, 'birthx': 2.8, 'birthx_max': 1.0, 'env_dt': 0.04, 'loc_algo': 'uniform', 'qvar': 0.45, 'time_algo': 'uniform', 'angle_algo': 'uniform', 'homed_radius': 0.2, 'stray_max': 2.0, 'wind_rel': True, 'auto_movex': False, 'auto_reward': False, 'diff_max': 0.8, 'diff_min': 0.7, 'r_shaping': ['step', 'oob', 'metabolic', 'found'], 'rewardx': 1.0, 'rescale': False, 'squash_action': True, 'walking': True, 'walk_move': 0.05, 'walk_turn': 3.14159, 'radiusx': 1.0, 'diffusion_min': 1.0, 'diffusion_max': 1.0, 'action_feedback': False, 'flipping': True, 'odor_scaling': True, 'obs_noise': 0.0, 'act_noise': 0.0, 'dynamic': False, 'seed': 29086, 'verbose': 0, '__class__': <class 'plume_env.PlumeEnvironment'>}
Squashing actions to 0-1
constantx5b5
wind: t_val_diff 0.03999999999999915 env_dt 0.04
puffs: t_val_diff 0.03999999999999915 env_dt 0.04
Reward Shaping ['step', 'oob', 'metabolic', 'found']
Using MLPBase
hidden_size 64
Using VanillaRNN
Saved ./trained_models/ExptWalking20250802//plume_walk-v8_20250802_VRNN_constantx5b5noisy3x5b5_stepoobmetabolicfound_bx2.83_t100000010000_q0.450.55_dmx0.80.8_dmn0.70.4_h64_wd0.00012_n2_walking_seed29086b7.pt.start
Stage: 0/2 - constantx5b5 b2.8 q0.45 n1000000
Saved ./trained_models/ExptWalking20250802/plume_walk-v8_20250802_VRNN_constantx5b5noisy3x5b5_stepoobmetabolicfound_bx2.83_t100000010000_q0.450.55_dmx0.80.8_dmn0.70.4_h64_wd0.00012_n2_walking_seed29086b7.pt
Update 0/244, T 4096, FPS 161, 42-training-episode: mean/median -1.6/-1.9, min/max -3.0/8.8
Update 1/244, T 8192, FPS 167, 50-training-episode: mean/median -1.4/-1.9, min/max -3.0/9.5
Update 2/244, T 12288, FPS 158, 50-training-episode: mean/median -1.6/-2.2, min/max -3.1/8.4
Update 3/244, T 16384, FPS 157, 50-training-episode: mean/median -1.9/-1.8, min/max -3.2/-0.9
Update 4/244, T 20480, FPS 156, 50-training-episode: mean/median -1.4/-2.0, min/max -3.1/9.0
Update 5/244, T 24576, FPS 157, 50-training-episode: mean/median -1.6/-1.8, min/max -3.2/8.3
Update 6/244, T 28672, FPS 160, 50-training-episode: mean/median -2.0/-2.0, min/max -3.0/-0.8
Update 7/244, T 32768, FPS 161, 50-training-episode: mean/median -1.9/-1.9, min/max -3.0/-0.5
Update 8/244, T 36864, FPS 162, 50-training-episode: mean/median -1.4/-1.7, min/max -3.7/8.9
Traceback (most recent call last):
  File "/Users/aaravsinha/manyplume/oneplume/ppo/main.py", line 617, in <module>
    main()
  File "/Users/aaravsinha/manyplume/oneplume/ppo/main.py", line 569, in main
    training_log, eval_log = training_loop(agent, envs, args, device, actor_critic,
  File "/Users/aaravsinha/manyplume/oneplume/ppo/main.py", line 343, in training_loop
    obs, reward, done, infos = envs.step(action)
  File "/opt/anaconda3/envs/py39/lib/python3.9/site-packages/stable_baselines3/common/vec_env/base_vec_env.py", line 162, in step
    self.step_async(actions)
  File "/Users/aaravsinha/manyplume/oneplume/ppo/a2c_ppo_acktr/envs.py", line 217, in step_async
    self.venv.step_async(actions)
  File "/opt/anaconda3/envs/py39/lib/python3.9/site-packages/stable_baselines3/common/vec_env/base_vec_env.py", line 265, in step_async
    self.venv.step_async(actions)
  File "/opt/anaconda3/envs/py39/lib/python3.9/site-packages/stable_baselines3/common/vec_env/subproc_vec_env.py", line 117, in step_async
    remote.send(("step", action))
  File "/opt/anaconda3/envs/py39/lib/python3.9/multiprocessing/connection.py", line 206, in send
    self._send_bytes(_ForkingPickler.dumps(obj))
  File "/opt/anaconda3/envs/py39/lib/python3.9/multiprocessing/connection.py", line 411, in _send_bytes
    self._send(header + buf)
  File "/opt/anaconda3/envs/py39/lib/python3.9/multiprocessing/connection.py", line 368, in _send
    n = write(self._handle, buf)
BrokenPipeError: [Errno 32] Broken pipe
