usage: main.py [-h] [--algo ALGO] [--lr LR] [--eps EPS] [--alpha ALPHA]
               [--gamma GAMMA] [--use-gae] [--gae-lambda GAE_LAMBDA]
               [--entropy-coef ENTROPY_COEF]
               [--value-loss-coef VALUE_LOSS_COEF]
               [--max-grad-norm MAX_GRAD_NORM] [--seed SEED]
               [--cuda-deterministic] [--num-processes NUM_PROCESSES]
               [--num-steps NUM_STEPS] [--ppo-epoch PPO_EPOCH]
               [--num-mini-batch NUM_MINI_BATCH] [--clip-param CLIP_PARAM]
               [--log-interval LOG_INTERVAL] [--save-interval SAVE_INTERVAL]
               [--no-cuda] [--use-proper-time-limits] [--recurrent-policy]
               [--use-linear-lr-decay] [--env-name ENV_NAME]
               [--log-dir LOG_DIR] [--save-dir SAVE_DIR] [--dynamic DYNAMIC]
               [--eval_type EVAL_TYPE] [--eval_episodes EVAL_EPISODES]
               [--eval-interval EVAL_INTERVAL] [--weight_decay WEIGHT_DECAY]
               [--rnn_type RNN_TYPE] [--hidden_size HIDDEN_SIZE]
               [--betadist BETADIST] [--stacking STACKING] [--masking MASKING]
               [--stride STRIDE] [--dataset DATASET [DATASET ...]]
               [--num-env-steps NUM_ENV_STEPS [NUM_ENV_STEPS ...]]
               [--qvar QVAR [QVAR ...]] [--birthx BIRTHX [BIRTHX ...]]
               [--diff_max DIFF_MAX [DIFF_MAX ...]]
               [--diff_min DIFF_MIN [DIFF_MIN ...]] [--birthx_max BIRTHX_MAX]
               [--dryrun DRYRUN] [--curriculum CURRICULUM] [--turnx TURNX]
               [--movex MOVEX] [--auto_movex AUTO_MOVEX]
               [--auto_reward AUTO_REWARD] [--loc_algo LOC_ALGO]
               [--time_algo TIME_ALGO] [--env_dt ENV_DT]
               [--outsuffix OUTSUFFIX] [--walking WALKING] [--radiusx RADIUSX]
               [--diffusion_min DIFFUSION_MIN] [--diffusion_max DIFFUSION_MAX]
               [--r_shaping R_SHAPING [R_SHAPING ...]] [--wind_rel WIND_REL]
               [--action_feedback ACTION_FEEDBACK]
               [--squash_action SQUASH_ACTION] [--flipping FLIPPING]
               [--odor_scaling ODOR_SCALING] [--stray_max STRAY_MAX]
               [--test_episodes TEST_EPISODES] [--viz_episodes VIZ_EPISODES]
               [--model_fname MODEL_FNAME] [--obs_noise OBS_NOISE]
               [--act_noise ACT_NOISE]
main.py: error: argument --birthx: invalid float value: '0.3 0.8'
