CUDA: False
Namespace(algo='ppo', lr=0.0003, eps=1e-05, alpha=0.99, gamma=0.99, use_gae=True, gae_lambda=0.95, entropy_coef=0.005, value_loss_coef=0.5, max_grad_norm=0.5, seed=7273, cuda_deterministic=False, num_processes=2, num_steps=2048, ppo_epoch=10, num_mini_batch=2, clip_param=0.2, log_interval=1, save_interval=100, no_cuda=False, use_proper_time_limits=False, recurrent_policy=True, use_linear_lr_decay=True, env_name='plume', log_dir='/tmp/gym/', save_dir='./trained_models/ExptMemory120250725/', dynamic=False, eval_type='fixed', eval_episodes=20, eval_interval=None, weight_decay=0.000115, rnn_type='VRNN', hidden_size=64, betadist=False, stacking=0, masking=None, stride=1, dataset=['constantx5b5', 'noisy3x5b5'], num_env_steps=[500000, 3000000], qvar=[2.0, 0.5], birthx=[0.3, 0.8], diff_max=[0.8, 0.8], diff_min=[0.7, 0.4], birthx_max=1.0, dryrun=False, curriculum=False, turnx=1.0, movex=1.0, auto_movex=False, auto_reward=False, loc_algo='uniform', time_algo='uniform', env_dt=0.04, outsuffix='20250725_VRNN_constantx5b5noisy3x5b5_stepoob_bx0.30.8_t5000003000000_q2.00.5_dmx0.80.8_dmn0.70.4_h64_wd0.000115_n2_codeVRNN_seed727321', walking=False, radiusx=1.0, diffusion_min=1.0, diffusion_max=1.0, r_shaping=['step', 'oob'], wind_rel=True, action_feedback=False, squash_action=True, flipping=True, odor_scaling=True, stray_max=2.0, test_episodes=50, viz_episodes=10, model_fname='', obs_noise=0.0, act_noise=0.0, cuda=False)
PPO Args ---> Namespace(algo='ppo', lr=0.0003, eps=1e-05, alpha=0.99, gamma=0.99, use_gae=True, gae_lambda=0.95, entropy_coef=0.005, value_loss_coef=0.5, max_grad_norm=0.5, seed=7273, cuda_deterministic=False, num_processes=2, num_steps=2048, ppo_epoch=10, num_mini_batch=2, clip_param=0.2, log_interval=1, save_interval=100, no_cuda=False, use_proper_time_limits=False, recurrent_policy=True, use_linear_lr_decay=True, env_name='plume', log_dir='/tmp/gym/', save_dir='./trained_models/ExptMemory120250725/', dynamic=False, eval_type='fixed', eval_episodes=20, eval_interval=None, weight_decay=0.000115, rnn_type='VRNN', hidden_size=64, betadist=False, stacking=0, masking=None, stride=1, dataset=['constantx5b5', 'noisy3x5b5'], num_env_steps=[500000, 3000000], qvar=[2.0, 0.5], birthx=[0.3, 0.8], diff_max=[0.8, 0.8], diff_min=[0.7, 0.4], birthx_max=1.0, dryrun=False, curriculum=False, turnx=1.0, movex=1.0, auto_movex=False, auto_reward=False, loc_algo='uniform', time_algo='uniform', env_dt=0.04, outsuffix='20250725_VRNN_constantx5b5noisy3x5b5_stepoob_bx0.30.8_t5000003000000_q2.00.5_dmx0.80.8_dmn0.70.4_h64_wd0.000115_n2_codeVRNN_seed727321', walking=False, radiusx=1.0, diffusion_min=1.0, diffusion_max=1.0, r_shaping=['step', 'oob'], wind_rel=True, action_feedback=False, squash_action=True, flipping=True, odor_scaling=True, stray_max=2.0, test_episodes=50, viz_episodes=10, model_fname='', obs_noise=0.0, act_noise=0.0, cuda=False)
Using Precomputed Plume...
Using Precomputed Plume...
Using Precomputed Plume...
PlumeEnvironment: {'self': <plume_env.PlumeEnvironment object at 0x175ea9e50>, 't_val_min': 60.0, 'sim_steps_max': 300, 'reset_offset_tmax': 30, 'dataset': 'constantx5b5', 'move_capacity': 2.0, 'turn_capacity': 19.634954084936208, 'wind_obsx': 1.0, 'movex': 1.0, 'turnx': 1.0, 'birthx': 0.3, 'birthx_max': 1.0, 'env_dt': 0.04, 'loc_algo': 'uniform', 'qvar': 2.0, 'time_algo': 'uniform', 'angle_algo': 'uniform', 'homed_radius': 0.2, 'stray_max': 2.0, 'wind_rel': True, 'auto_movex': False, 'auto_reward': False, 'diff_max': 0.8, 'diff_min': 0.7, 'r_shaping': ['step', 'oob'], 'rewardx': 1.0, 'rescale': False, 'squash_action': True, 'walking': False, 'walk_move': 0.05, 'walk_turn': 3.141592653589793, 'radiusx': 1.0, 'diffusion_min': 1.0, 'diffusion_max': 1.0, 'action_feedback': False, 'flipping': True, 'odor_scaling': True, 'obs_noise': 0.0, 'act_noise': 0.0, 'dynamic': False, 'seed': 7273, 'verbose': 0, '__class__': <class 'plume_env.PlumeEnvironment'>}
Squashing actions to 0-1
constantx5b5
wind: t_val_diff 0.03999999999999915 env_dt 0.04
puffs: t_val_diff 0.03999999999999915 env_dt 0.04
Reward Shaping ['step', 'oob']
Using MLPBase
hidden_size 64
Using VanillaRNN
Saved ./trained_models/ExptMemory120250725//plume_20250725_VRNN_constantx5b5noisy3x5b5_stepoob_bx0.30.8_t5000003000000_q2.00.5_dmx0.80.8_dmn0.70.4_h64_wd0.000115_n2_codeVRNN_seed727321.pt.start
Stage: 0/2 - constantx5b5 b0.3 q2.0 n500000
Saved ./trained_models/ExptMemory120250725/plume_20250725_VRNN_constantx5b5noisy3x5b5_stepoob_bx0.30.8_t5000003000000_q2.00.5_dmx0.80.8_dmn0.70.4_h64_wd0.000115_n2_codeVRNN_seed727321.pt
Update 0/122, T 4096, FPS 400, 41-training-episode: mean/median -51.7/-49.7, min/max -141.5/91.4
Update 1/122, T 8192, FPS 404, 50-training-episode: mean/median -53.3/-57.5, min/max -141.5/94.8
Update 2/122, T 12288, FPS 403, 50-training-episode: mean/median -39.9/-51.5, min/max -95.3/94.8
Update 3/122, T 16384, FPS 413, 50-training-episode: mean/median -45.2/-53.9, min/max -101.1/93.3
Update 4/122, T 20480, FPS 421, 50-training-episode: mean/median -46.6/-55.1, min/max -101.1/93.3
Update 5/122, T 24576, FPS 425, 50-training-episode: mean/median -36.8/-56.2, min/max -93.2/88.3
Update 6/122, T 28672, FPS 428, 50-training-episode: mean/median -25.4/-46.0, min/max -93.2/93.5
Update 7/122, T 32768, FPS 429, 50-training-episode: mean/median -35.8/-51.3, min/max -93.3/93.5
Update 8/122, T 36864, FPS 430, 50-training-episode: mean/median -35.4/-56.6, min/max -93.3/89.7
Update 9/122, T 40960, FPS 429, 50-training-episode: mean/median -24.2/-54.6, min/max -79.0/90.6
Update 10/122, T 45056, FPS 429, 50-training-episode: mean/median -7.5/-46.6, min/max -84.4/95.5
Update 11/122, T 49152, FPS 430, 50-training-episode: mean/median -23.8/-51.9, min/max -93.9/100.4
Update 12/122, T 53248, FPS 430, 50-training-episode: mean/median -9.5/-53.2, min/max -93.9/100.4
Update 13/122, T 57344, FPS 431, 50-training-episode: mean/median 6.0/-35.9, min/max -70.2/95.3
Update 14/122, T 61440, FPS 431, 50-training-episode: mean/median 8.0/-50.9, min/max -79.6/96.3
Update 15/122, T 65536, FPS 429, 50-training-episode: mean/median -10.8/-52.2, min/max -79.6/95.7
Update 16/122, T 69632, FPS 430, 50-training-episode: mean/median -11.4/-52.4, min/max -73.7/95.2
Update 17/122, T 73728, FPS 430, 50-training-episode: mean/median -11.0/-58.3, min/max -74.3/95.5
Update 18/122, T 77824, FPS 426, 50-training-episode: mean/median 2.8/-53.6, min/max -74.3/98.3
Update 19/122, T 81920, FPS 424, 50-training-episode: mean/median 7.0/-52.5, min/max -71.5/98.3
Update 20/122, T 86016, FPS 421, 50-training-episode: mean/median 1.1/-53.7, min/max -72.7/98.9
Update 21/122, T 90112, FPS 415, 50-training-episode: mean/median -20.0/-56.5, min/max -72.7/98.9
Update 22/122, T 94208, FPS 414, 50-training-episode: mean/median -13.1/-55.9, min/max -71.8/99.5
Update 23/122, T 98304, FPS 414, 50-training-episode: mean/median -3.2/-53.7, min/max -67.1/99.5
Update 24/122, T 102400, FPS 413, 50-training-episode: mean/median -13.8/-53.2, min/max -66.4/100.8
Update 25/122, T 106496, FPS 413, 50-training-episode: mean/median 14.1/-47.7, min/max -66.4/99.7
Update 26/122, T 110592, FPS 411, 50-training-episode: mean/median 7.5/-49.3, min/max -66.2/97.5
Update 27/122, T 114688, FPS 410, 50-training-episode: mean/median 22.7/84.4, min/max -64.3/103.7
Update 28/122, T 118784, FPS 410, 50-training-episode: mean/median 14.2/-50.6, min/max -65.6/103.7
Update 29/122, T 122880, FPS 410, 50-training-episode: mean/median -1.7/-52.9, min/max -71.1/96.2
Update 30/122, T 126976, FPS 409, 50-training-episode: mean/median 15.6/-50.1, min/max -66.2/102.2
Update 31/122, T 131072, FPS 408, 50-training-episode: mean/median 12.9/-49.8, min/max -66.2/102.9
Update 32/122, T 135168, FPS 407, 50-training-episode: mean/median -17.0/-54.2, min/max -66.6/100.8
Update 33/122, T 139264, FPS 407, 50-training-episode: mean/median 6.7/-50.5, min/max -72.2/102.5
Update 34/122, T 143360, FPS 407, 50-training-episode: mean/median -4.7/-51.6, min/max -71.1/104.1
Update 35/122, T 147456, FPS 406, 50-training-episode: mean/median 4.5/-50.5, min/max -62.8/105.0
Update 36/122, T 151552, FPS 404, 50-training-episode: mean/median 13.6/-50.0, min/max -62.4/100.3
Update 37/122, T 155648, FPS 404, 50-training-episode: mean/median 17.9/-47.0, min/max -61.6/104.6
Update 38/122, T 159744, FPS 404, 50-training-episode: mean/median 22.8/85.6, min/max -67.4/101.1
Update 39/122, T 163840, FPS 403, 50-training-episode: mean/median 35.9/94.0, min/max -72.4/104.0
Update 40/122, T 167936, FPS 401, 50-training-episode: mean/median 35.3/92.0, min/max -64.5/104.7
Update 41/122, T 172032, FPS 401, 50-training-episode: mean/median 16.5/-43.9, min/max -69.8/103.4
Update 42/122, T 176128, FPS 401, 50-training-episode: mean/median 25.2/86.6, min/max -68.4/102.9
Update 43/122, T 180224, FPS 401, 50-training-episode: mean/median 27.1/89.8, min/max -67.7/104.2
Update 44/122, T 184320, FPS 401, 50-training-episode: mean/median 26.0/87.0, min/max -67.7/106.8
Update 45/122, T 188416, FPS 401, 50-training-episode: mean/median 35.1/88.7, min/max -63.8/105.0
Update 46/122, T 192512, FPS 402, 50-training-episode: mean/median 31.9/90.6, min/max -62.5/99.6
Update 47/122, T 196608, FPS 402, 50-training-episode: mean/median 19.4/18.5, min/max -68.3/103.2
Update 48/122, T 200704, FPS 401, 50-training-episode: mean/median 15.9/-50.8, min/max -69.1/107.6
Update 49/122, T 204800, FPS 399, 50-training-episode: mean/median 37.3/91.5, min/max -66.9/107.6
Update 50/122, T 208896, FPS 400, 50-training-episode: mean/median 19.3/19.3, min/max -67.5/106.4
Update 51/122, T 212992, FPS 400, 50-training-episode: mean/median 18.5/23.1, min/max -77.6/105.3
Update 52/122, T 217088, FPS 400, 50-training-episode: mean/median 12.5/-46.9, min/max -71.8/102.9
Update 53/122, T 221184, FPS 401, 50-training-episode: mean/median 20.8/79.1, min/max -71.3/103.4
Update 54/122, T 225280, FPS 401, 50-training-episode: mean/median 33.7/91.8, min/max -73.2/102.9
Update 55/122, T 229376, FPS 401, 50-training-episode: mean/median 32.5/91.2, min/max -74.8/101.2
Update 56/122, T 233472, FPS 402, 50-training-episode: mean/median 16.8/19.5, min/max -73.1/104.9
Update 57/122, T 237568, FPS 402, 50-training-episode: mean/median 28.5/88.2, min/max -65.4/106.3
Update 58/122, T 241664, FPS 403, 50-training-episode: mean/median 18.9/18.3, min/max -74.0/103.9
Update 59/122, T 245760, FPS 403, 50-training-episode: mean/median 29.5/89.5, min/max -77.0/102.8
Update 60/122, T 249856, FPS 403, 50-training-episode: mean/median 28.0/86.9, min/max -71.2/103.4
Update 61/122, T 253952, FPS 403, 50-training-episode: mean/median 29.3/84.8, min/max -58.6/104.0
Update 62/122, T 258048, FPS 404, 50-training-episode: mean/median 17.2/-46.6, min/max -75.4/106.9
Update 63/122, T 262144, FPS 404, 50-training-episode: mean/median 11.5/-46.6, min/max -62.2/104.8
Update 64/122, T 266240, FPS 404, 50-training-episode: mean/median 38.1/88.4, min/max -62.6/103.8
Update 65/122, T 270336, FPS 404, 50-training-episode: mean/median 5.9/-49.2, min/max -63.6/100.3
Update 66/122, T 274432, FPS 404, 50-training-episode: mean/median 23.8/86.5, min/max -65.3/102.2
Update 67/122, T 278528, FPS 404, 50-training-episode: mean/median 23.4/84.0, min/max -65.9/102.0
Update 68/122, T 282624, FPS 404, 50-training-episode: mean/median 19.9/-36.6, min/max -64.7/106.5
Update 69/122, T 286720, FPS 403, 50-training-episode: mean/median 33.1/89.1, min/max -68.5/102.3
Update 70/122, T 290816, FPS 404, 50-training-episode: mean/median 34.1/91.9, min/max -63.8/103.7
Update 71/122, T 294912, FPS 403, 50-training-episode: mean/median 51.0/91.7, min/max -58.1/104.2
Update 72/122, T 299008, FPS 403, 50-training-episode: mean/median 48.0/91.7, min/max -71.9/100.9
Update 73/122, T 303104, FPS 403, 50-training-episode: mean/median 37.3/91.0, min/max -58.0/104.5
Update 74/122, T 307200, FPS 403, 50-training-episode: mean/median 37.1/90.7, min/max -58.9/102.7
Update 75/122, T 311296, FPS 404, 50-training-episode: mean/median 37.1/92.3, min/max -66.9/101.2
Update 76/122, T 315392, FPS 404, 50-training-episode: mean/median 16.4/-46.5, min/max -58.8/105.2
Update 77/122, T 319488, FPS 404, 50-training-episode: mean/median 10.4/-46.2, min/max -64.0/104.4
Update 78/122, T 323584, FPS 404, 50-training-episode: mean/median 16.0/-44.4, min/max -64.2/99.9
Update 79/122, T 327680, FPS 404, 50-training-episode: mean/median 18.4/-44.1, min/max -60.9/105.9
Update 80/122, T 331776, FPS 404, 50-training-episode: mean/median 15.4/-40.4, min/max -65.9/102.3
Update 81/122, T 335872, FPS 404, 50-training-episode: mean/median 17.7/-43.8, min/max -57.7/103.0
Update 82/122, T 339968, FPS 404, 50-training-episode: mean/median 29.0/86.5, min/max -55.3/106.8
Update 83/122, T 344064, FPS 404, 50-training-episode: mean/median 16.6/-45.0, min/max -64.4/102.3
Update 84/122, T 348160, FPS 404, 50-training-episode: mean/median 27.8/89.9, min/max -62.7/106.1
Update 85/122, T 352256, FPS 404, 50-training-episode: mean/median 31.0/88.2, min/max -61.1/105.9
Update 86/122, T 356352, FPS 404, 50-training-episode: mean/median 33.7/91.6, min/max -68.6/106.2
Update 87/122, T 360448, FPS 404, 50-training-episode: mean/median 22.9/25.8, min/max -68.4/105.1
Update 88/122, T 364544, FPS 404, 50-training-episode: mean/median 17.7/-43.6, min/max -67.6/101.0
Update 89/122, T 368640, FPS 404, 50-training-episode: mean/median 13.6/-45.5, min/max -68.2/105.1
Update 90/122, T 372736, FPS 404, 50-training-episode: mean/median 17.2/-44.1, min/max -58.7/103.0
Update 91/122, T 376832, FPS 404, 50-training-episode: mean/median 31.7/88.7, min/max -58.9/105.8
Update 92/122, T 380928, FPS 404, 50-training-episode: mean/median 28.5/89.6, min/max -64.6/103.1
Update 93/122, T 385024, FPS 405, 50-training-episode: mean/median 14.9/-41.8, min/max -59.7/106.7
Update 94/122, T 389120, FPS 404, 50-training-episode: mean/median 6.5/-44.2, min/max -59.7/102.9
Update 95/122, T 393216, FPS 405, 50-training-episode: mean/median 7.0/-44.6, min/max -60.1/102.2
Update 96/122, T 397312, FPS 405, 50-training-episode: mean/median 2.0/-47.8, min/max -67.3/105.5
Update 97/122, T 401408, FPS 405, 50-training-episode: mean/median 4.5/-47.0, min/max -61.7/99.1
Update 98/122, T 405504, FPS 405, 50-training-episode: mean/median 22.7/29.2, min/max -57.7/103.7
Update 99/122, T 409600, FPS 405, 50-training-episode: mean/median 11.9/-45.5, min/max -60.6/104.3
Saved ./trained_models/ExptMemory120250725/plume_20250725_VRNN_constantx5b5noisy3x5b5_stepoob_bx0.30.8_t5000003000000_q2.00.5_dmx0.80.8_dmn0.70.4_h64_wd0.000115_n2_codeVRNN_seed727321.pt
Update 100/122, T 413696, FPS 405, 50-training-episode: mean/median 17.3/-46.0, min/max -56.6/104.0
Update 101/122, T 417792, FPS 405, 50-training-episode: mean/median 16.0/-47.9, min/max -61.0/103.6
Update 102/122, T 421888, FPS 405, 50-training-episode: mean/median 7.4/-47.7, min/max -60.0/107.2
Update 103/122, T 425984, FPS 405, 50-training-episode: mean/median 2.2/-50.3, min/max -70.8/103.9
Update 104/122, T 430080, FPS 405, 50-training-episode: mean/median 5.2/-45.3, min/max -70.2/101.6
Update 105/122, T 434176, FPS 405, 50-training-episode: mean/median 1.8/-49.8, min/max -70.2/104.8
Update 106/122, T 438272, FPS 405, 50-training-episode: mean/median 36.2/92.8, min/max -64.3/104.1
Update 107/122, T 442368, FPS 405, 50-training-episode: mean/median 15.0/-47.9, min/max -68.8/107.1
Update 108/122, T 446464, FPS 405, 50-training-episode: mean/median 37.3/93.7, min/max -70.9/103.5
Update 109/122, T 450560, FPS 405, 50-training-episode: mean/median 28.0/87.3, min/max -62.9/103.0
Update 110/122, T 454656, FPS 405, 50-training-episode: mean/median 12.9/-47.6, min/max -63.5/104.5
Update 111/122, T 458752, FPS 405, 50-training-episode: mean/median 37.5/92.7, min/max -62.2/104.7
Update 112/122, T 462848, FPS 405, 50-training-episode: mean/median 61.2/96.5, min/max -60.0/103.3
Update 113/122, T 466944, FPS 405, 50-training-episode: mean/median 53.4/92.8, min/max -62.5/104.7
Update 114/122, T 471040, FPS 405, 50-training-episode: mean/median 45.8/92.8, min/max -61.3/106.6
Update 115/122, T 475136, FPS 405, 50-training-episode: mean/median 21.2/19.1, min/max -61.7/101.7
Update 116/122, T 479232, FPS 405, 50-training-episode: mean/median 27.6/87.0, min/max -67.8/104.7
Update 117/122, T 483328, FPS 404, 50-training-episode: mean/median 31.5/92.8, min/max -64.8/105.7
Update 118/122, T 487424, FPS 404, 50-training-episode: mean/median 51.3/92.3, min/max -55.8/103.7
Update 119/122, T 491520, FPS 404, 50-training-episode: mean/median 40.9/91.3, min/max -58.3/109.3
Update 120/122, T 495616, FPS 404, 50-training-episode: mean/median 22.2/21.2, min/max -77.3/105.2
Saved ./trained_models/ExptMemory120250725/plume_20250725_VRNN_constantx5b5noisy3x5b5_stepoob_bx0.30.8_t5000003000000_q2.00.5_dmx0.80.8_dmn0.70.4_h64_wd0.000115_n2_codeVRNN_seed727321.pt
Saved ./trained_models/ExptMemory120250725/plume_20250725_VRNN_constantx5b5noisy3x5b5_stepoob_bx0.30.8_t5000003000000_q2.00.5_dmx0.80.8_dmn0.70.4_h64_wd0.000115_n2_codeVRNN_seed727321.pt.best
Update 121/122, T 499712, FPS 404, 50-training-episode: mean/median 38.9/90.9, min/max -61.4/110.2
Stage: 1/2 - noisy3x5b5 b0.8 q0.5 n3000000
Using Precomputed Plume...
Using Precomputed Plume...
2025-07-25 14:38:26.144 python[49000:41774444] +[NSXPCSharedListener endpointForReply:withListenerName:replyErrorCode:]: an error occurred while attempting to obtain endpoint for listener 'ClientCallsAuxiliary': Connection invalid
2025-07-25 14:38:26.144 python[48999:41774443] +[NSXPCSharedListener endpointForReply:withListenerName:replyErrorCode:]: an error occurred while attempting to obtain endpoint for listener 'ClientCallsAuxiliary': Connection invalid
PlumeEnvironment: {'self': <plume_env.PlumeEnvironment object at 0x1012eb250>, 't_val_min': 60.0, 'sim_steps_max': 300, 'reset_offset_tmax': 30, 'dataset': 'constantx5b5', 'move_capacity': 2.0, 'turn_capacity': 19.634954084936208, 'wind_obsx': 1.0, 'movex': 1.0, 'turnx': 1.0, 'birthx': 0.3, 'birthx_max': 1.0, 'env_dt': 0.04, 'loc_algo': 'uniform', 'qvar': 2.0, 'time_algo': 'uniform', 'angle_algo': 'uniform', 'homed_radius': 0.2, 'stray_max': 2.0, 'wind_rel': True, 'auto_movex': False, 'auto_reward': False, 'diff_max': 0.8, 'diff_min': 0.7, 'r_shaping': ['step', 'oob'], 'rewardx': 1.0, 'rescale': False, 'squash_action': True, 'walking': False, 'walk_move': 0.05, 'walk_turn': 3.141592653589793, 'radiusx': 1.0, 'diffusion_min': 1.0, 'diffusion_max': 1.0, 'action_feedback': False, 'flipping': True, 'odor_scaling': True, 'obs_noise': 0.0, 'act_noise': 0.0, 'dynamic': False, 'seed': 7273, 'verbose': 0, '__class__': <class 'plume_env.PlumeEnvironment'>}
Squashing actions to 0-1
constantx5b5
wind: t_val_diff 0.03999999999999915 env_dt 0.04
puffs: t_val_diff 0.03999999999999915 env_dt 0.04
Reward Shaping ['step', 'oob']
PlumeEnvironment: {'self': <plume_env.PlumeEnvironment object at 0x1012eb250>, 't_val_min': 60.0, 'sim_steps_max': 300, 'reset_offset_tmax': 30, 'dataset': 'constantx5b5', 'move_capacity': 2.0, 'turn_capacity': 19.634954084936208, 'wind_obsx': 1.0, 'movex': 1.0, 'turnx': 1.0, 'birthx': 0.3, 'birthx_max': 1.0, 'env_dt': 0.04, 'loc_algo': 'uniform', 'qvar': 2.0, 'time_algo': 'uniform', 'angle_algo': 'uniform', 'homed_radius': 0.2, 'stray_max': 2.0, 'wind_rel': True, 'auto_movex': False, 'auto_reward': False, 'diff_max': 0.8, 'diff_min': 0.7, 'r_shaping': ['step', 'oob'], 'rewardx': 1.0, 'rescale': False, 'squash_action': True, 'walking': False, 'walk_move': 0.05, 'walk_turn': 3.141592653589793, 'radiusx': 1.0, 'diffusion_min': 1.0, 'diffusion_max': 1.0, 'action_feedback': False, 'flipping': True, 'odor_scaling': True, 'obs_noise': 0.0, 'act_noise': 0.0, 'dynamic': False, 'seed': 7273, 'verbose': 0, '__class__': <class 'plume_env.PlumeEnvironment'>}
Squashing actions to 0-1
constantx5b5
wind: t_val_diff 0.03999999999999915 env_dt 0.04
puffs: t_val_diff 0.03999999999999915 env_dt 0.04
Reward Shaping ['step', 'oob']
Saved ./trained_models/ExptMemory120250725/plume_20250725_VRNN_constantx5b5noisy3x5b5_stepoob_bx0.30.8_t5000003000000_q2.00.5_dmx0.80.8_dmn0.70.4_h64_wd0.000115_n2_codeVRNN_seed727321.pt
Update 0/732, T 4096, FPS 290, 50-training-episode: mean/median -25.8/-32.6, min/max -52.7/101.0
Update 1/732, T 8192, FPS 285, 50-training-episode: mean/median -21.1/-30.6, min/max -57.8/103.3
Update 2/732, T 12288, FPS 286, 50-training-episode: mean/median -30.7/-34.2, min/max -58.0/99.0
Update 3/732, T 16384, FPS 285, 50-training-episode: mean/median -30.1/-32.0, min/max -64.3/100.1
Update 4/732, T 20480, FPS 288, 50-training-episode: mean/median -11.2/-27.7, min/max -59.0/103.4
Update 5/732, T 24576, FPS 290, 50-training-episode: mean/median -28.2/-31.6, min/max -59.7/92.2
Update 6/732, T 28672, FPS 292, 50-training-episode: mean/median -16.9/-31.9, min/max -61.0/100.4
Update 7/732, T 32768, FPS 291, 50-training-episode: mean/median -33.3/-36.6, min/max -60.1/105.5
Update 8/732, T 36864, FPS 292, 50-training-episode: mean/median -9.4/-29.4, min/max -58.4/102.3
Update 9/732, T 40960, FPS 293, 50-training-episode: mean/median -20.7/-30.5, min/max -52.1/107.7
Update 10/732, T 45056, FPS 295, 50-training-episode: mean/median -20.5/-30.1, min/max -60.0/107.8
Update 11/732, T 49152, FPS 295, 50-training-episode: mean/median -21.8/-33.2, min/max -54.0/102.7
Update 12/732, T 53248, FPS 294, 50-training-episode: mean/median -11.1/-28.9, min/max -54.4/103.7
Update 13/732, T 57344, FPS 294, 50-training-episode: mean/median -11.6/-32.8, min/max -54.3/107.7
Update 14/732, T 61440, FPS 295, 50-training-episode: mean/median -9.2/-30.0, min/max -59.8/101.7
Update 15/732, T 65536, FPS 295, 50-training-episode: mean/median -7.2/-31.0, min/max -65.2/102.8
Update 16/732, T 69632, FPS 294, 50-training-episode: mean/median -12.1/-30.5, min/max -53.7/99.9
Update 17/732, T 73728, FPS 294, 50-training-episode: mean/median 1.4/-27.7, min/max -64.7/105.1
Update 18/732, T 77824, FPS 294, 50-training-episode: mean/median -15.3/-31.8, min/max -59.4/103.4
Update 19/732, T 81920, FPS 293, 50-training-episode: mean/median -2.6/-29.3, min/max -58.1/100.7
Update 20/732, T 86016, FPS 292, 50-training-episode: mean/median -11.1/-30.8, min/max -58.1/104.3
Update 21/732, T 90112, FPS 293, 50-training-episode: mean/median -12.5/-30.9, min/max -58.4/105.4
Update 22/732, T 94208, FPS 294, 50-training-episode: mean/median -18.8/-31.5, min/max -54.0/104.7
Update 23/732, T 98304, FPS 293, 50-training-episode: mean/median -2.9/-25.9, min/max -54.0/103.5
Update 24/732, T 102400, FPS 293, 50-training-episode: mean/median 2.5/-28.0, min/max -59.9/106.9
Update 25/732, T 106496, FPS 293, 50-training-episode: mean/median -1.0/-28.0, min/max -55.3/102.5
Update 26/732, T 110592, FPS 294, 50-training-episode: mean/median -2.4/-27.2, min/max -57.2/104.8
Update 27/732, T 114688, FPS 294, 50-training-episode: mean/median -22.5/-33.5, min/max -57.1/98.5
Update 28/732, T 118784, FPS 295, 50-training-episode: mean/median -9.4/-26.9, min/max -56.9/104.3
Update 29/732, T 122880, FPS 294, 50-training-episode: mean/median -3.7/-28.3, min/max -61.2/104.3
Update 30/732, T 126976, FPS 295, 50-training-episode: mean/median -2.4/-25.6, min/max -64.5/102.2
Update 31/732, T 131072, FPS 294, 50-training-episode: mean/median -4.5/-27.6, min/max -57.5/98.8
Update 32/732, T 135168, FPS 294, 50-training-episode: mean/median -6.5/-29.2, min/max -67.8/103.4
Update 33/732, T 139264, FPS 294, 50-training-episode: mean/median -0.3/-30.3, min/max -68.0/104.2
Update 34/732, T 143360, FPS 295, 50-training-episode: mean/median -8.9/-32.1, min/max -74.2/106.4
Update 35/732, T 147456, FPS 296, 50-training-episode: mean/median 0.8/-27.3, min/max -65.8/103.1
Update 36/732, T 151552, FPS 296, 50-training-episode: mean/median -12.1/-33.2, min/max -65.5/100.9
Update 37/732, T 155648, FPS 296, 50-training-episode: mean/median 1.9/-30.2, min/max -65.0/104.3
Update 38/732, T 159744, FPS 296, 50-training-episode: mean/median 5.0/-29.4, min/max -58.2/101.4
Update 39/732, T 163840, FPS 296, 50-training-episode: mean/median -13.6/-34.3, min/max -70.2/98.6
Update 40/732, T 167936, FPS 297, 50-training-episode: mean/median -7.3/-30.9, min/max -64.5/101.6
Update 41/732, T 172032, FPS 297, 50-training-episode: mean/median 7.0/-29.4, min/max -63.1/105.6
Update 42/732, T 176128, FPS 297, 50-training-episode: mean/median 11.1/-24.1, min/max -70.8/103.1
Update 43/732, T 180224, FPS 295, 50-training-episode: mean/median -2.6/-31.6, min/max -57.5/105.0
Update 44/732, T 184320, FPS 294, 50-training-episode: mean/median 2.7/-31.5, min/max -65.5/103.1
Update 45/732, T 188416, FPS 293, 50-training-episode: mean/median 5.7/-30.0, min/max -68.4/104.1
Update 46/732, T 192512, FPS 291, 50-training-episode: mean/median -2.9/-34.4, min/max -71.1/100.7
Update 47/732, T 196608, FPS 290, 50-training-episode: mean/median 12.7/-28.4, min/max -73.4/105.7
Update 48/732, T 200704, FPS 290, 50-training-episode: mean/median -16.6/-34.0, min/max -66.8/100.9
Update 49/732, T 204800, FPS 290, 50-training-episode: mean/median -8.1/-34.8, min/max -68.1/102.8
Update 50/732, T 208896, FPS 289, 50-training-episode: mean/median -9.8/-35.1, min/max -75.1/98.7
Update 51/732, T 212992, FPS 289, 50-training-episode: mean/median 9.1/-28.0, min/max -68.6/101.7
Update 52/732, T 217088, FPS 289, 50-training-episode: mean/median 3.5/-33.8, min/max -78.8/101.4
Update 53/732, T 221184, FPS 288, 50-training-episode: mean/median -4.5/-40.0, min/max -78.8/103.4
Update 54/732, T 225280, FPS 288, 50-training-episode: mean/median -8.2/-35.4, min/max -84.3/105.9
Update 55/732, T 229376, FPS 288, 50-training-episode: mean/median 2.1/-31.6, min/max -69.2/101.9
Update 56/732, T 233472, FPS 287, 50-training-episode: mean/median 38.5/92.8, min/max -70.6/104.3
Update 57/732, T 237568, FPS 286, 50-training-episode: mean/median 6.0/-34.2, min/max -58.0/104.0
Update 58/732, T 241664, FPS 287, 50-training-episode: mean/median -9.5/-34.8, min/max -67.1/101.5
Update 59/732, T 245760, FPS 287, 50-training-episode: mean/median 1.2/-32.6, min/max -76.5/99.8
Update 60/732, T 249856, FPS 287, 50-training-episode: mean/median 8.8/-29.1, min/max -71.8/101.6
Update 61/732, T 253952, FPS 287, 50-training-episode: mean/median 2.9/-32.5, min/max -71.4/105.0
Update 62/732, T 258048, FPS 287, 50-training-episode: mean/median -6.3/-43.0, min/max -79.4/103.7
Update 63/732, T 262144, FPS 287, 50-training-episode: mean/median 10.5/-26.6, min/max -64.0/100.2
Update 64/732, T 266240, FPS 287, 50-training-episode: mean/median 0.3/-29.5, min/max -67.3/102.5
Update 65/732, T 270336, FPS 287, 50-training-episode: mean/median 1.8/-27.3, min/max -70.1/101.9
Update 66/732, T 274432, FPS 286, 50-training-episode: mean/median 26.3/77.0, min/max -75.7/101.9
Update 67/732, T 278528, FPS 285, 50-training-episode: mean/median 13.5/-23.7, min/max -68.4/100.0
Update 68/732, T 282624, FPS 283, 50-training-episode: mean/median 17.8/-22.7, min/max -78.0/101.6
Update 69/732, T 286720, FPS 283, 50-training-episode: mean/median 33.1/86.8, min/max -62.8/102.4
Update 70/732, T 290816, FPS 283, 50-training-episode: mean/median 8.7/-26.7, min/max -73.8/99.7
Update 71/732, T 294912, FPS 282, 50-training-episode: mean/median 16.9/-22.7, min/max -75.8/105.0
Update 72/732, T 299008, FPS 282, 50-training-episode: mean/median 17.1/-18.7, min/max -77.5/102.9
Update 73/732, T 303104, FPS 282, 50-training-episode: mean/median -7.3/-30.5, min/max -70.8/106.1
Update 74/732, T 307200, FPS 282, 50-training-episode: mean/median 6.9/-35.1, min/max -81.7/100.4
Update 75/732, T 311296, FPS 282, 50-training-episode: mean/median 12.9/-23.5, min/max -84.0/98.9
Update 76/732, T 315392, FPS 282, 50-training-episode: mean/median 9.5/-30.7, min/max -79.6/100.2
Update 77/732, T 319488, FPS 283, 50-training-episode: mean/median 13.3/-31.3, min/max -73.5/104.4
Update 78/732, T 323584, FPS 283, 50-training-episode: mean/median 6.3/-34.9, min/max -85.0/104.4
Update 79/732, T 327680, FPS 283, 50-training-episode: mean/median 15.4/-19.9, min/max -71.5/105.7
Update 80/732, T 331776, FPS 284, 50-training-episode: mean/median 15.9/-27.9, min/max -79.1/103.0
Update 81/732, T 335872, FPS 284, 50-training-episode: mean/median 21.7/32.0, min/max -91.8/102.9
Update 82/732, T 339968, FPS 284, 50-training-episode: mean/median 35.9/88.9, min/max -81.3/101.2
Update 83/732, T 344064, FPS 284, 50-training-episode: mean/median 22.8/79.0, min/max -83.9/100.6
Update 84/732, T 348160, FPS 284, 50-training-episode: mean/median -2.4/-44.8, min/max -85.5/99.8
Update 85/732, T 352256, FPS 285, 50-training-episode: mean/median 20.0/71.7, min/max -94.8/99.0
Update 86/732, T 356352, FPS 285, 50-training-episode: mean/median 26.3/78.3, min/max -85.7/99.9
Update 87/732, T 360448, FPS 285, 50-training-episode: mean/median 24.5/82.1, min/max -83.3/102.1
Update 88/732, T 364544, FPS 285, 50-training-episode: mean/median 12.4/-26.1, min/max -82.6/106.0
Update 89/732, T 368640, FPS 285, 50-training-episode: mean/median 14.4/-21.2, min/max -82.3/106.0
Update 90/732, T 372736, FPS 285, 50-training-episode: mean/median 9.8/-22.6, min/max -84.1/102.0
Update 91/732, T 376832, FPS 285, 50-training-episode: mean/median 19.5/18.0, min/max -77.9/100.6
Update 92/732, T 380928, FPS 285, 50-training-episode: mean/median 5.9/-37.5, min/max -89.2/101.1
Update 93/732, T 385024, FPS 285, 50-training-episode: mean/median -1.0/-44.2, min/max -89.2/100.7
Update 94/732, T 389120, FPS 285, 50-training-episode: mean/median 0.1/-37.1, min/max -88.7/100.7
Update 95/732, T 393216, FPS 285, 50-training-episode: mean/median 15.2/-18.2, min/max -89.7/102.5
Update 96/732, T 397312, FPS 285, 50-training-episode: mean/median 21.4/71.4, min/max -92.6/104.4
Update 97/732, T 401408, FPS 285, 50-training-episode: mean/median 6.7/-43.4, min/max -75.2/103.1
Update 98/732, T 405504, FPS 285, 50-training-episode: mean/median 2.7/-39.0, min/max -98.5/102.6
Update 99/732, T 409600, FPS 286, 50-training-episode: mean/median 7.0/-37.6, min/max -86.5/98.4
Saved ./trained_models/ExptMemory120250725/plume_20250725_VRNN_constantx5b5noisy3x5b5_stepoob_bx0.30.8_t5000003000000_q2.00.5_dmx0.80.8_dmn0.70.4_h64_wd0.000115_n2_codeVRNN_seed727321.pt
Saved ./trained_models/ExptMemory120250725/plume_20250725_VRNN_constantx5b5noisy3x5b5_stepoob_bx0.30.8_t5000003000000_q2.00.5_dmx0.80.8_dmn0.70.4_h64_wd0.000115_n2_codeVRNN_seed727321.pt.best
Update 100/732, T 413696, FPS 286, 50-training-episode: mean/median 37.0/87.0, min/max -71.5/99.0
Update 101/732, T 417792, FPS 286, 50-training-episode: mean/median 2.5/-33.9, min/max -92.7/100.1
Update 102/732, T 421888, FPS 286, 50-training-episode: mean/median -0.2/-45.1, min/max -92.7/99.3
Update 103/732, T 425984, FPS 286, 50-training-episode: mean/median 22.7/22.3, min/max -74.9/101.7
Update 104/732, T 430080, FPS 286, 50-training-episode: mean/median 21.6/22.3, min/max -79.6/104.1
Update 105/732, T 434176, FPS 286, 50-training-episode: mean/median 9.1/-36.0, min/max -85.5/102.8
Update 106/732, T 438272, FPS 286, 50-training-episode: mean/median 21.3/21.3, min/max -79.9/102.1
Update 107/732, T 442368, FPS 286, 50-training-episode: mean/median 15.3/-25.2, min/max -93.1/103.2
Update 108/732, T 446464, FPS 286, 50-training-episode: mean/median 12.5/-32.1, min/max -79.6/104.3
Update 109/732, T 450560, FPS 286, 50-training-episode: mean/median 26.9/86.9, min/max -78.5/99.1
Update 110/732, T 454656, FPS 286, 50-training-episode: mean/median 13.9/-23.0, min/max -69.2/105.0
Update 111/732, T 458752, FPS 286, 50-training-episode: mean/median 16.1/-23.7, min/max -69.4/100.0
Update 112/732, T 462848, FPS 286, 50-training-episode: mean/median 19.8/-21.4, min/max -65.0/102.9
Update 113/732, T 466944, FPS 286, 50-training-episode: mean/median 23.1/29.5, min/max -74.1/101.1
Update 114/732, T 471040, FPS 286, 50-training-episode: mean/median 25.2/31.2, min/max -59.3/100.7
Update 115/732, T 475136, FPS 286, 50-training-episode: mean/median 18.9/-22.1, min/max -80.8/102.9
Update 116/732, T 479232, FPS 286, 50-training-episode: mean/median 1.9/-30.8, min/max -81.8/103.5
Update 117/732, T 483328, FPS 286, 50-training-episode: mean/median 5.2/-31.7, min/max -87.9/104.0
Update 118/732, T 487424, FPS 286, 50-training-episode: mean/median 27.0/85.5, min/max -84.8/106.3
Update 119/732, T 491520, FPS 286, 50-training-episode: mean/median 19.2/-22.9, min/max -68.1/106.3
Update 120/732, T 495616, FPS 286, 50-training-episode: mean/median 15.1/-22.9, min/max -78.6/100.1
Update 121/732, T 499712, FPS 286, 50-training-episode: mean/median -4.8/-44.0, min/max -83.2/99.9
Update 122/732, T 503808, FPS 286, 50-training-episode: mean/median 9.3/-30.1, min/max -83.8/102.7
Update 123/732, T 507904, FPS 286, 50-training-episode: mean/median 16.9/18.8, min/max -83.0/100.6
Update 124/732, T 512000, FPS 286, 50-training-episode: mean/median 5.2/-26.4, min/max -94.7/102.8
Update 125/732, T 516096, FPS 286, 50-training-episode: mean/median 8.9/-39.2, min/max -88.6/102.1
Update 126/732, T 520192, FPS 287, 50-training-episode: mean/median 9.8/-25.7, min/max -92.9/102.3
Update 127/732, T 524288, FPS 287, 50-training-episode: mean/median 1.5/-27.3, min/max -78.2/99.4
Update 128/732, T 528384, FPS 287, 50-training-episode: mean/median -0.4/-24.7, min/max -89.4/96.6
Update 129/732, T 532480, FPS 286, 50-training-episode: mean/median -0.6/-33.1, min/max -93.7/98.2
Update 130/732, T 536576, FPS 286, 50-training-episode: mean/median 2.8/-41.7, min/max -86.8/98.5
Update 131/732, T 540672, FPS 287, 50-training-episode: mean/median 33.0/81.2, min/max -72.6/103.9
Update 132/732, T 544768, FPS 287, 50-training-episode: mean/median 30.4/75.8, min/max -79.0/102.7
Update 133/732, T 548864, FPS 287, 50-training-episode: mean/median 6.5/-23.1, min/max -90.0/102.1
Update 134/732, T 552960, FPS 287, 50-training-episode: mean/median 26.9/74.8, min/max -85.8/103.1
Update 135/732, T 557056, FPS 287, 50-training-episode: mean/median 5.3/-27.1, min/max -83.7/103.1
Update 136/732, T 561152, FPS 287, 50-training-episode: mean/median -8.0/-28.2, min/max -83.6/102.9
Update 137/732, T 565248, FPS 288, 50-training-episode: mean/median -6.6/-27.4, min/max -90.1/102.6
Update 138/732, T 569344, FPS 288, 50-training-episode: mean/median 5.7/-27.5, min/max -90.1/100.0
Update 139/732, T 573440, FPS 288, 50-training-episode: mean/median 11.7/-23.2, min/max -88.3/100.0
Update 140/732, T 577536, FPS 288, 50-training-episode: mean/median -0.1/-36.5, min/max -88.1/99.3
Update 141/732, T 581632, FPS 288, 50-training-episode: mean/median -1.9/-40.1, min/max -88.1/99.3
Update 142/732, T 585728, FPS 288, 50-training-episode: mean/median 4.7/-24.7, min/max -92.4/100.8
Update 143/732, T 589824, FPS 288, 50-training-episode: mean/median 1.8/-32.8, min/max -95.2/100.8
Update 144/732, T 593920, FPS 288, 50-training-episode: mean/median 4.5/-43.7, min/max -95.2/99.9
Update 145/732, T 598016, FPS 289, 50-training-episode: mean/median 10.5/-34.8, min/max -84.8/99.3
Update 146/732, T 602112, FPS 288, 50-training-episode: mean/median 21.6/76.9, min/max -101.1/99.3
Update 147/732, T 606208, FPS 288, 50-training-episode: mean/median -2.7/-33.5, min/max -101.1/101.1
Update 148/732, T 610304, FPS 288, 50-training-episode: mean/median 18.8/26.6, min/max -90.3/102.4
Update 149/732, T 614400, FPS 288, 50-training-episode: mean/median 6.9/-28.9, min/max -98.5/100.4
Update 150/732, T 618496, FPS 288, 50-training-episode: mean/median 6.5/-32.4, min/max -98.5/100.5
Update 151/732, T 622592, FPS 288, 50-training-episode: mean/median 9.2/-33.9, min/max -94.3/100.5
Update 152/732, T 626688, FPS 288, 50-training-episode: mean/median 15.5/30.2, min/max -94.3/101.5
Update 153/732, T 630784, FPS 288, 50-training-episode: mean/median 24.2/85.3, min/max -97.4/101.5
Update 154/732, T 634880, FPS 288, 50-training-episode: mean/median 46.0/88.3, min/max -81.1/99.7
Update 155/732, T 638976, FPS 289, 50-training-episode: mean/median 18.7/28.6, min/max -85.9/99.0
Update 156/732, T 643072, FPS 289, 50-training-episode: mean/median 8.1/-32.1, min/max -87.8/100.1
Update 157/732, T 647168, FPS 288, 50-training-episode: mean/median 22.3/60.8, min/max -87.8/104.9
Update 158/732, T 651264, FPS 289, 50-training-episode: mean/median 32.4/84.5, min/max -82.8/98.3
Update 159/732, T 655360, FPS 289, 50-training-episode: mean/median 32.7/86.2, min/max -80.3/105.7
Update 160/732, T 659456, FPS 289, 50-training-episode: mean/median 20.5/14.8, min/max -80.4/104.7
Update 161/732, T 663552, FPS 289, 50-training-episode: mean/median 10.1/-31.9, min/max -98.3/102.8
Update 162/732, T 667648, FPS 289, 50-training-episode: mean/median 36.8/86.3, min/max -77.0/99.7
Update 163/732, T 671744, FPS 289, 50-training-episode: mean/median 31.5/84.3, min/max -91.7/104.3
Update 164/732, T 675840, FPS 289, 50-training-episode: mean/median 21.3/79.1, min/max -92.7/104.3
Update 165/732, T 679936, FPS 289, 50-training-episode: mean/median 23.2/84.3, min/max -79.3/102.6
Update 166/732, T 684032, FPS 289, 50-training-episode: mean/median 32.4/83.4, min/max -87.5/104.1
Update 167/732, T 688128, FPS 290, 50-training-episode: mean/median 12.8/-32.4, min/max -75.8/101.5
Update 168/732, T 692224, FPS 289, 50-training-episode: mean/median 13.4/-33.3, min/max -75.8/100.8
Update 169/732, T 696320, FPS 289, 50-training-episode: mean/median 4.5/-32.9, min/max -88.3/103.4
Update 170/732, T 700416, FPS 289, 50-training-episode: mean/median 7.6/-26.7, min/max -80.0/105.7
Traceback (most recent call last):
  File "/Users/aaravsinha/manyplume/oneplume/ppo/main.py", line 617, in <module>
    main()
  File "/Users/aaravsinha/manyplume/oneplume/ppo/main.py", line 569, in main
    training_log, eval_log = training_loop(agent, envs, args, device, actor_critic,
  File "/Users/aaravsinha/manyplume/oneplume/ppo/main.py", line 343, in training_loop
    obs, reward, done, infos = envs.step(action)
  File "/opt/anaconda3/envs/py39/lib/python3.9/site-packages/stable_baselines3/common/vec_env/base_vec_env.py", line 163, in step
    return self.step_wait()
  File "/Users/aaravsinha/manyplume/oneplume/ppo/a2c_ppo_acktr/envs.py", line 220, in step_wait
    obs, reward, done, info = self.venv.step_wait()
  File "/opt/anaconda3/envs/py39/lib/python3.9/site-packages/stable_baselines3/common/vec_env/vec_normalize.py", line 175, in step_wait
    obs, rewards, dones, infos = self.venv.step_wait()
  File "/opt/anaconda3/envs/py39/lib/python3.9/site-packages/stable_baselines3/common/vec_env/subproc_vec_env.py", line 121, in step_wait
    results = [remote.recv() for remote in self.remotes]
  File "/opt/anaconda3/envs/py39/lib/python3.9/site-packages/stable_baselines3/common/vec_env/subproc_vec_env.py", line 121, in <listcomp>
    results = [remote.recv() for remote in self.remotes]
  File "/opt/anaconda3/envs/py39/lib/python3.9/multiprocessing/connection.py", line 250, in recv
    buf = self._recv_bytes()
  File "/opt/anaconda3/envs/py39/lib/python3.9/multiprocessing/connection.py", line 414, in _recv_bytes
    buf = self._recv(4)
  File "/opt/anaconda3/envs/py39/lib/python3.9/multiprocessing/connection.py", line 383, in _recv
    raise EOFError
EOFError
