CUDA: False
Namespace(algo='ppo', lr=0.0003, eps=1e-05, alpha=0.99, gamma=0.99, use_gae=True, gae_lambda=0.95, entropy_coef=0.005, value_loss_coef=0.5, max_grad_norm=0.5, seed=18128, cuda_deterministic=False, num_processes=2, num_steps=2048, ppo_epoch=10, num_mini_batch=2, clip_param=0.2, log_interval=1, save_interval=100, no_cuda=False, use_proper_time_limits=False, recurrent_policy=True, use_linear_lr_decay=True, env_name='plume', log_dir='/tmp/gym/', save_dir='./trained_models/ExptMemory120250725/', dynamic=False, eval_type='fixed', eval_episodes=20, eval_interval=None, weight_decay=0.000115, rnn_type='VRNN', hidden_size=64, betadist=False, stacking=0, masking=None, stride=1, dataset=['constantx5b5', 'noisy3x5b5'], num_env_steps=[500000, 3000000], qvar=[2.0, 0.5], birthx=[0.3, 0.8], diff_max=[0.8, 0.8], diff_min=[0.7, 0.4], birthx_max=1.0, dryrun=False, curriculum=False, turnx=1.0, movex=1.0, auto_movex=False, auto_reward=False, loc_algo='uniform', time_algo='uniform', env_dt=0.04, outsuffix='20250725_VRNN_constantx5b5noisy3x5b5_stepoob_bx0.30.8_t5000003000000_q2.00.5_dmx0.80.8_dmn0.70.4_h64_wd0.000115_n2_codeVRNN_seed1812821', walking=False, radiusx=1.0, diffusion_min=1.0, diffusion_max=1.0, r_shaping=['step', 'oob'], wind_rel=True, action_feedback=False, squash_action=True, flipping=True, odor_scaling=True, stray_max=2.0, test_episodes=50, viz_episodes=10, model_fname='', obs_noise=0.0, act_noise=0.0, cuda=False)
PPO Args ---> Namespace(algo='ppo', lr=0.0003, eps=1e-05, alpha=0.99, gamma=0.99, use_gae=True, gae_lambda=0.95, entropy_coef=0.005, value_loss_coef=0.5, max_grad_norm=0.5, seed=18128, cuda_deterministic=False, num_processes=2, num_steps=2048, ppo_epoch=10, num_mini_batch=2, clip_param=0.2, log_interval=1, save_interval=100, no_cuda=False, use_proper_time_limits=False, recurrent_policy=True, use_linear_lr_decay=True, env_name='plume', log_dir='/tmp/gym/', save_dir='./trained_models/ExptMemory120250725/', dynamic=False, eval_type='fixed', eval_episodes=20, eval_interval=None, weight_decay=0.000115, rnn_type='VRNN', hidden_size=64, betadist=False, stacking=0, masking=None, stride=1, dataset=['constantx5b5', 'noisy3x5b5'], num_env_steps=[500000, 3000000], qvar=[2.0, 0.5], birthx=[0.3, 0.8], diff_max=[0.8, 0.8], diff_min=[0.7, 0.4], birthx_max=1.0, dryrun=False, curriculum=False, turnx=1.0, movex=1.0, auto_movex=False, auto_reward=False, loc_algo='uniform', time_algo='uniform', env_dt=0.04, outsuffix='20250725_VRNN_constantx5b5noisy3x5b5_stepoob_bx0.30.8_t5000003000000_q2.00.5_dmx0.80.8_dmn0.70.4_h64_wd0.000115_n2_codeVRNN_seed1812821', walking=False, radiusx=1.0, diffusion_min=1.0, diffusion_max=1.0, r_shaping=['step', 'oob'], wind_rel=True, action_feedback=False, squash_action=True, flipping=True, odor_scaling=True, stray_max=2.0, test_episodes=50, viz_episodes=10, model_fname='', obs_noise=0.0, act_noise=0.0, cuda=False)
Using Precomputed Plume...
Using Precomputed Plume...
Using Precomputed Plume...
PlumeEnvironment: {'self': <plume_env.PlumeEnvironment object at 0x30e625e50>, 't_val_min': 60.0, 'sim_steps_max': 300, 'reset_offset_tmax': 30, 'dataset': 'constantx5b5', 'move_capacity': 2.0, 'turn_capacity': 19.634954084936208, 'wind_obsx': 1.0, 'movex': 1.0, 'turnx': 1.0, 'birthx': 0.3, 'birthx_max': 1.0, 'env_dt': 0.04, 'loc_algo': 'uniform', 'qvar': 2.0, 'time_algo': 'uniform', 'angle_algo': 'uniform', 'homed_radius': 0.2, 'stray_max': 2.0, 'wind_rel': True, 'auto_movex': False, 'auto_reward': False, 'diff_max': 0.8, 'diff_min': 0.7, 'r_shaping': ['step', 'oob'], 'rewardx': 1.0, 'rescale': False, 'squash_action': True, 'walking': False, 'walk_move': 0.05, 'walk_turn': 3.141592653589793, 'radiusx': 1.0, 'diffusion_min': 1.0, 'diffusion_max': 1.0, 'action_feedback': False, 'flipping': True, 'odor_scaling': True, 'obs_noise': 0.0, 'act_noise': 0.0, 'dynamic': False, 'seed': 18128, 'verbose': 0, '__class__': <class 'plume_env.PlumeEnvironment'>}
Squashing actions to 0-1
constantx5b5
wind: t_val_diff 0.03999999999999915 env_dt 0.04
puffs: t_val_diff 0.03999999999999915 env_dt 0.04
Reward Shaping ['step', 'oob']
Using MLPBase
hidden_size 64
Using VanillaRNN
Saved ./trained_models/ExptMemory120250725//plume_20250725_VRNN_constantx5b5noisy3x5b5_stepoob_bx0.30.8_t5000003000000_q2.00.5_dmx0.80.8_dmn0.70.4_h64_wd0.000115_n2_codeVRNN_seed1812821.pt.start
Stage: 0/2 - constantx5b5 b0.3 q2.0 n500000
Saved ./trained_models/ExptMemory120250725/plume_20250725_VRNN_constantx5b5noisy3x5b5_stepoob_bx0.30.8_t5000003000000_q2.00.5_dmx0.80.8_dmn0.70.4_h64_wd0.000115_n2_codeVRNN_seed1812821.pt
Update 0/122, T 4096, FPS 426, 22-training-episode: mean/median -27.8/-50.4, min/max -88.9/86.2
Update 1/122, T 8192, FPS 423, 43-training-episode: mean/median -31.8/-51.4, min/max -88.9/86.2
Update 2/122, T 12288, FPS 418, 50-training-episode: mean/median -31.3/-51.4, min/max -94.2/85.0
Update 3/122, T 16384, FPS 426, 50-training-episode: mean/median -39.8/-63.3, min/max -94.2/75.9
Update 4/122, T 20480, FPS 431, 50-training-episode: mean/median -46.6/-71.9, min/max -94.2/89.6
Update 5/122, T 24576, FPS 434, 50-training-episode: mean/median -35.1/-71.7, min/max -95.6/94.5
Update 6/122, T 28672, FPS 437, 50-training-episode: mean/median -20.7/-66.6, min/max -95.6/94.5
Update 7/122, T 32768, FPS 437, 50-training-episode: mean/median -22.9/-66.2, min/max -95.6/90.1
Update 8/122, T 36864, FPS 438, 50-training-episode: mean/median -21.7/-65.1, min/max -91.1/92.0
Update 9/122, T 40960, FPS 436, 50-training-episode: mean/median -13.0/-61.9, min/max -85.5/94.9
Update 10/122, T 45056, FPS 437, 50-training-episode: mean/median -13.1/-62.5, min/max -89.3/97.6
Update 11/122, T 49152, FPS 438, 50-training-episode: mean/median -31.7/-66.3, min/max -89.3/97.6
Update 12/122, T 53248, FPS 439, 50-training-episode: mean/median -15.7/-58.7, min/max -87.4/102.1
Update 13/122, T 57344, FPS 438, 50-training-episode: mean/median 0.3/-54.9, min/max -80.1/102.1
Update 14/122, T 61440, FPS 438, 50-training-episode: mean/median 13.6/8.4, min/max -80.1/101.7
Update 15/122, T 65536, FPS 436, 50-training-episode: mean/median 7.6/-51.5, min/max -74.8/101.7
Update 16/122, T 69632, FPS 435, 50-training-episode: mean/median 14.2/16.0, min/max -83.2/101.5
Update 17/122, T 73728, FPS 435, 50-training-episode: mean/median 8.5/-54.6, min/max -83.2/101.5
Update 18/122, T 77824, FPS 431, 50-training-episode: mean/median 1.8/-53.9, min/max -68.2/101.7
Update 19/122, T 81920, FPS 428, 50-training-episode: mean/median 5.0/-50.8, min/max -65.4/97.9
Update 20/122, T 86016, FPS 424, 50-training-episode: mean/median 25.6/81.9, min/max -62.6/102.9
Update 21/122, T 90112, FPS 418, 50-training-episode: mean/median -3.1/-50.2, min/max -66.5/98.8
Update 22/122, T 94208, FPS 416, 50-training-episode: mean/median -1.4/-51.4, min/max -68.6/100.4
Update 23/122, T 98304, FPS 415, 50-training-episode: mean/median 27.5/86.3, min/max -68.6/103.1
Update 24/122, T 102400, FPS 414, 50-training-episode: mean/median 23.8/87.5, min/max -76.6/103.5
Update 25/122, T 106496, FPS 413, 50-training-episode: mean/median 12.7/-34.6, min/max -68.2/102.3
Update 26/122, T 110592, FPS 412, 50-training-episode: mean/median -1.8/-45.4, min/max -58.6/105.0
Update 27/122, T 114688, FPS 411, 50-training-episode: mean/median -5.4/-40.0, min/max -60.5/104.8
Update 28/122, T 118784, FPS 410, 50-training-episode: mean/median 13.8/-38.9, min/max -64.1/102.7
Update 29/122, T 122880, FPS 410, 50-training-episode: mean/median 22.4/24.6, min/max -63.4/102.7
Update 30/122, T 126976, FPS 409, 50-training-episode: mean/median 8.7/-40.8, min/max -65.8/101.8
Update 31/122, T 131072, FPS 409, 50-training-episode: mean/median 7.3/-41.6, min/max -73.6/106.7
Update 32/122, T 135168, FPS 408, 50-training-episode: mean/median 8.4/-46.0, min/max -73.5/106.9
Update 33/122, T 139264, FPS 408, 50-training-episode: mean/median -9.1/-53.4, min/max -73.9/106.9
Update 34/122, T 143360, FPS 408, 50-training-episode: mean/median -10.8/-55.9, min/max -79.0/102.1
Update 35/122, T 147456, FPS 408, 50-training-episode: mean/median -0.1/-47.8, min/max -79.0/101.2
Update 36/122, T 151552, FPS 406, 50-training-episode: mean/median 1.7/-50.4, min/max -79.2/103.9
Update 37/122, T 155648, FPS 406, 50-training-episode: mean/median 5.1/-60.7, min/max -79.2/108.1
Update 38/122, T 159744, FPS 407, 50-training-episode: mean/median -3.0/-62.6, min/max -80.9/108.1
Update 39/122, T 163840, FPS 407, 50-training-episode: mean/median -8.3/-66.0, min/max -91.5/106.6
Update 40/122, T 167936, FPS 406, 50-training-episode: mean/median -18.1/-73.1, min/max -93.5/106.6
Update 41/122, T 172032, FPS 405, 50-training-episode: mean/median -28.7/-73.2, min/max -93.5/106.6
Update 42/122, T 176128, FPS 406, 50-training-episode: mean/median -9.9/-68.8, min/max -93.5/107.7
Update 43/122, T 180224, FPS 407, 50-training-episode: mean/median 3.1/-62.4, min/max -90.9/107.7
Update 44/122, T 184320, FPS 407, 50-training-episode: mean/median -7.1/-66.9, min/max -95.3/103.6
Update 45/122, T 188416, FPS 408, 50-training-episode: mean/median -17.8/-69.2, min/max -97.5/103.6
Update 46/122, T 192512, FPS 409, 50-training-episode: mean/median 10.4/78.2, min/max -97.5/103.4
Update 47/122, T 196608, FPS 409, 50-training-episode: mean/median 17.8/82.9, min/max -94.7/103.4
Update 48/122, T 200704, FPS 410, 50-training-episode: mean/median -4.4/-66.1, min/max -97.4/100.0
Update 49/122, T 204800, FPS 409, 50-training-episode: mean/median -15.1/-72.4, min/max -97.4/100.0
Update 50/122, T 208896, FPS 408, 50-training-episode: mean/median -2.0/-66.3, min/max -96.4/101.4
Update 51/122, T 212992, FPS 408, 50-training-episode: mean/median -1.8/-67.6, min/max -93.3/103.1
Update 52/122, T 217088, FPS 409, 50-training-episode: mean/median 12.7/67.0, min/max -97.3/103.1
Update 53/122, T 221184, FPS 409, 50-training-episode: mean/median 26.5/84.7, min/max -97.3/102.4
Update 54/122, T 225280, FPS 410, 50-training-episode: mean/median 24.2/78.9, min/max -91.3/103.1
Update 55/122, T 229376, FPS 410, 50-training-episode: mean/median 24.5/79.2, min/max -91.3/103.1
Update 56/122, T 233472, FPS 411, 50-training-episode: mean/median 40.2/84.5, min/max -84.8/106.8
Update 57/122, T 237568, FPS 411, 50-training-episode: mean/median 35.3/86.6, min/max -84.1/106.8
Update 58/122, T 241664, FPS 412, 50-training-episode: mean/median 18.8/79.6, min/max -88.6/102.8
Update 59/122, T 245760, FPS 412, 50-training-episode: mean/median 5.4/-52.2, min/max -91.5/101.0
Update 60/122, T 249856, FPS 413, 50-training-episode: mean/median 16.0/81.9, min/max -86.1/102.7
Update 61/122, T 253952, FPS 413, 50-training-episode: mean/median 19.0/83.4, min/max -86.1/105.8
Update 62/122, T 258048, FPS 414, 50-training-episode: mean/median 5.8/-56.4, min/max -78.3/105.7
Update 63/122, T 262144, FPS 414, 50-training-episode: mean/median -10.5/-61.0, min/max -78.3/104.6
Update 64/122, T 266240, FPS 415, 50-training-episode: mean/median 13.6/79.1, min/max -81.3/104.8
Update 65/122, T 270336, FPS 415, 50-training-episode: mean/median 9.6/11.3, min/max -81.3/104.4
Update 66/122, T 274432, FPS 415, 50-training-episode: mean/median -2.0/-65.0, min/max -81.1/100.9
Update 67/122, T 278528, FPS 415, 50-training-episode: mean/median -0.7/-62.4, min/max -77.3/102.3
Update 68/122, T 282624, FPS 416, 50-training-episode: mean/median 5.5/-60.7, min/max -84.2/102.3
Update 69/122, T 286720, FPS 416, 50-training-episode: mean/median 9.2/-53.9, min/max -84.2/101.4
Update 70/122, T 290816, FPS 416, 50-training-episode: mean/median 28.3/89.2, min/max -83.6/101.8
Update 71/122, T 294912, FPS 416, 50-training-episode: mean/median 32.2/90.5, min/max -83.6/101.8
Update 72/122, T 299008, FPS 416, 50-training-episode: mean/median 9.7/-53.5, min/max -81.8/100.6
Update 73/122, T 303104, FPS 417, 50-training-episode: mean/median 1.8/-53.9, min/max -76.0/99.6
Update 74/122, T 307200, FPS 417, 50-training-episode: mean/median 9.9/-50.7, min/max -79.9/106.2
Update 75/122, T 311296, FPS 417, 50-training-episode: mean/median 8.5/-54.7, min/max -86.4/106.2
Update 76/122, T 315392, FPS 417, 50-training-episode: mean/median 1.3/-56.9, min/max -86.4/105.1
Update 77/122, T 319488, FPS 417, 50-training-episode: mean/median -4.0/-60.3, min/max -82.4/107.2
Update 78/122, T 323584, FPS 418, 50-training-episode: mean/median -6.7/-64.1, min/max -81.0/104.1
Update 79/122, T 327680, FPS 418, 50-training-episode: mean/median 0.9/-63.6, min/max -85.1/106.3
Update 80/122, T 331776, FPS 419, 50-training-episode: mean/median -6.5/-58.7, min/max -78.0/107.7
Update 81/122, T 335872, FPS 419, 50-training-episode: mean/median -10.8/-58.8, min/max -85.4/105.7
Update 82/122, T 339968, FPS 419, 50-training-episode: mean/median -2.5/-58.9, min/max -87.8/105.7
Update 83/122, T 344064, FPS 419, 50-training-episode: mean/median 11.3/-46.3, min/max -76.9/102.0
Update 84/122, T 348160, FPS 419, 50-training-episode: mean/median 16.8/84.6, min/max -76.3/102.1
Update 85/122, T 352256, FPS 419, 50-training-episode: mean/median 30.0/88.0, min/max -74.0/103.9
Update 86/122, T 356352, FPS 419, 50-training-episode: mean/median 23.7/85.3, min/max -78.3/103.6
Update 87/122, T 360448, FPS 419, 50-training-episode: mean/median 5.4/-56.5, min/max -79.2/103.6
Update 88/122, T 364544, FPS 419, 50-training-episode: mean/median -9.9/-64.1, min/max -79.2/100.8
Update 89/122, T 368640, FPS 420, 50-training-episode: mean/median 23.3/87.8, min/max -76.5/106.3
Update 90/122, T 372736, FPS 420, 50-training-episode: mean/median 16.7/87.1, min/max -83.6/106.9
Update 91/122, T 376832, FPS 420, 50-training-episode: mean/median 12.9/10.1, min/max -84.6/106.9
Update 92/122, T 380928, FPS 420, 50-training-episode: mean/median 17.8/82.9, min/max -84.6/105.8
Update 93/122, T 385024, FPS 420, 50-training-episode: mean/median 21.2/81.6, min/max -79.2/104.0
Update 94/122, T 389120, FPS 420, 50-training-episode: mean/median 12.5/16.1, min/max -78.0/103.8
Update 95/122, T 393216, FPS 420, 50-training-episode: mean/median 3.5/-61.8, min/max -94.4/106.3
Update 96/122, T 397312, FPS 421, 50-training-episode: mean/median 8.5/-54.8, min/max -94.4/106.3
Update 97/122, T 401408, FPS 421, 50-training-episode: mean/median 3.7/-58.0, min/max -80.9/106.2
Update 98/122, T 405504, FPS 421, 50-training-episode: mean/median 6.2/-58.1, min/max -84.6/103.7
Update 99/122, T 409600, FPS 421, 50-training-episode: mean/median 15.6/82.8, min/max -84.0/106.0
Saved ./trained_models/ExptMemory120250725/plume_20250725_VRNN_constantx5b5noisy3x5b5_stepoob_bx0.30.8_t5000003000000_q2.00.5_dmx0.80.8_dmn0.70.4_h64_wd0.000115_n2_codeVRNN_seed1812821.pt
Saved ./trained_models/ExptMemory120250725/plume_20250725_VRNN_constantx5b5noisy3x5b5_stepoob_bx0.30.8_t5000003000000_q2.00.5_dmx0.80.8_dmn0.70.4_h64_wd0.000115_n2_codeVRNN_seed1812821.pt.best
Update 100/122, T 413696, FPS 421, 50-training-episode: mean/median 30.5/88.8, min/max -82.0/102.8
Update 101/122, T 417792, FPS 421, 50-training-episode: mean/median 28.5/85.2, min/max -83.8/107.4
Update 102/122, T 421888, FPS 421, 50-training-episode: mean/median 11.4/7.5, min/max -91.3/107.4
Update 103/122, T 425984, FPS 421, 50-training-episode: mean/median 3.0/-62.5, min/max -91.3/104.7
Update 104/122, T 430080, FPS 421, 50-training-episode: mean/median 1.0/-61.2, min/max -86.2/106.4
Update 105/122, T 434176, FPS 421, 50-training-episode: mean/median 35.0/91.4, min/max -92.1/106.4
Update 106/122, T 438272, FPS 421, 50-training-episode: mean/median 9.5/14.4, min/max -92.1/106.5
Update 107/122, T 442368, FPS 421, 50-training-episode: mean/median 11.7/72.4, min/max -87.7/106.5
Update 108/122, T 446464, FPS 421, 50-training-episode: mean/median 2.6/-53.7, min/max -90.8/100.3
Update 109/122, T 450560, FPS 422, 50-training-episode: mean/median 12.3/75.1, min/max -90.8/104.3
Update 110/122, T 454656, FPS 422, 50-training-episode: mean/median 1.8/-62.3, min/max -90.5/103.8
Update 111/122, T 458752, FPS 422, 50-training-episode: mean/median 11.4/72.3, min/max -89.5/103.2
Update 112/122, T 462848, FPS 422, 50-training-episode: mean/median 19.9/86.5, min/max -92.7/104.8
Update 113/122, T 466944, FPS 422, 50-training-episode: mean/median 12.3/80.7, min/max -96.5/105.1
Update 114/122, T 471040, FPS 422, 50-training-episode: mean/median 12.4/82.1, min/max -96.5/103.1
Update 115/122, T 475136, FPS 422, 50-training-episode: mean/median 0.0/-64.4, min/max -93.4/102.5
Update 116/122, T 479232, FPS 422, 50-training-episode: mean/median -5.9/-72.0, min/max -97.0/103.3
Update 117/122, T 483328, FPS 422, 50-training-episode: mean/median -12.3/-73.2, min/max -97.0/103.3
Update 118/122, T 487424, FPS 422, 50-training-episode: mean/median 0.4/-60.8, min/max -89.0/104.5
Update 119/122, T 491520, FPS 422, 50-training-episode: mean/median 16.9/78.6, min/max -89.0/102.8
Update 120/122, T 495616, FPS 422, 50-training-episode: mean/median 6.2/-50.6, min/max -91.5/102.8
Saved ./trained_models/ExptMemory120250725/plume_20250725_VRNN_constantx5b5noisy3x5b5_stepoob_bx0.30.8_t5000003000000_q2.00.5_dmx0.80.8_dmn0.70.4_h64_wd0.000115_n2_codeVRNN_seed1812821.pt
Update 121/122, T 499712, FPS 423, 50-training-episode: mean/median 23.3/83.8, min/max -92.3/105.6
Stage: 1/2 - noisy3x5b5 b0.8 q0.5 n3000000
Using Precomputed Plume...
Using Precomputed Plume...
PlumeEnvironment: {'self': <plume_env.PlumeEnvironment object at 0x10304f250>, 't_val_min': 60.0, 'sim_steps_max': 300, 'reset_offset_tmax': 30, 'dataset': 'constantx5b5', 'move_capacity': 2.0, 'turn_capacity': 19.634954084936208, 'wind_obsx': 1.0, 'movex': 1.0, 'turnx': 1.0, 'birthx': 0.3, 'birthx_max': 1.0, 'env_dt': 0.04, 'loc_algo': 'uniform', 'qvar': 2.0, 'time_algo': 'uniform', 'angle_algo': 'uniform', 'homed_radius': 0.2, 'stray_max': 2.0, 'wind_rel': True, 'auto_movex': False, 'auto_reward': False, 'diff_max': 0.8, 'diff_min': 0.7, 'r_shaping': ['step', 'oob'], 'rewardx': 1.0, 'rescale': False, 'squash_action': True, 'walking': False, 'walk_move': 0.05, 'walk_turn': 3.141592653589793, 'radiusx': 1.0, 'diffusion_min': 1.0, 'diffusion_max': 1.0, 'action_feedback': False, 'flipping': True, 'odor_scaling': True, 'obs_noise': 0.0, 'act_noise': 0.0, 'dynamic': False, 'seed': 18128, 'verbose': 0, '__class__': <class 'plume_env.PlumeEnvironment'>}
Squashing actions to 0-1
constantx5b5
wind: t_val_diff 0.03999999999999915 env_dt 0.04
puffs: t_val_diff 0.03999999999999915 env_dt 0.04
Reward Shaping ['step', 'oob']
PlumeEnvironment: {'self': <plume_env.PlumeEnvironment object at 0x10304f250>, 't_val_min': 60.0, 'sim_steps_max': 300, 'reset_offset_tmax': 30, 'dataset': 'constantx5b5', 'move_capacity': 2.0, 'turn_capacity': 19.634954084936208, 'wind_obsx': 1.0, 'movex': 1.0, 'turnx': 1.0, 'birthx': 0.3, 'birthx_max': 1.0, 'env_dt': 0.04, 'loc_algo': 'uniform', 'qvar': 2.0, 'time_algo': 'uniform', 'angle_algo': 'uniform', 'homed_radius': 0.2, 'stray_max': 2.0, 'wind_rel': True, 'auto_movex': False, 'auto_reward': False, 'diff_max': 0.8, 'diff_min': 0.7, 'r_shaping': ['step', 'oob'], 'rewardx': 1.0, 'rescale': False, 'squash_action': True, 'walking': False, 'walk_move': 0.05, 'walk_turn': 3.141592653589793, 'radiusx': 1.0, 'diffusion_min': 1.0, 'diffusion_max': 1.0, 'action_feedback': False, 'flipping': True, 'odor_scaling': True, 'obs_noise': 0.0, 'act_noise': 0.0, 'dynamic': False, 'seed': 18128, 'verbose': 0, '__class__': <class 'plume_env.PlumeEnvironment'>}
Squashing actions to 0-1
constantx5b5
wind: t_val_diff 0.03999999999999915 env_dt 0.04
puffs: t_val_diff 0.03999999999999915 env_dt 0.04
Reward Shaping ['step', 'oob']
Saved ./trained_models/ExptMemory120250725/plume_20250725_VRNN_constantx5b5noisy3x5b5_stepoob_bx0.30.8_t5000003000000_q2.00.5_dmx0.80.8_dmn0.70.4_h64_wd0.000115_n2_codeVRNN_seed1812821.pt
Update 0/732, T 4096, FPS 352, 27-training-episode: mean/median -12.2/-53.9, min/max -88.2/98.6
Update 1/732, T 8192, FPS 358, 50-training-episode: mean/median -20.6/-60.8, min/max -99.0/101.0
Update 2/732, T 12288, FPS 363, 50-training-episode: mean/median -32.9/-69.9, min/max -99.0/102.3
Update 3/732, T 16384, FPS 362, 50-training-episode: mean/median -23.0/-61.4, min/max -88.4/102.3
Update 4/732, T 20480, FPS 350, 50-training-episode: mean/median -21.9/-59.3, min/max -91.9/98.9
Update 5/732, T 24576, FPS 348, 50-training-episode: mean/median -29.3/-59.3, min/max -91.9/99.5
Update 6/732, T 28672, FPS 345, 50-training-episode: mean/median -25.5/-60.5, min/max -97.6/101.6
Update 7/732, T 32768, FPS 342, 50-training-episode: mean/median -14.4/-56.7, min/max -97.6/101.6
Update 8/732, T 36864, FPS 341, 50-training-episode: mean/median -10.0/-53.6, min/max -89.6/102.2
Update 9/732, T 40960, FPS 340, 50-training-episode: mean/median -28.8/-62.1, min/max -89.0/102.3
Update 10/732, T 45056, FPS 340, 50-training-episode: mean/median -29.4/-60.1, min/max -84.9/102.3
Update 11/732, T 49152, FPS 340, 50-training-episode: mean/median -38.5/-63.3, min/max -84.9/98.3
Update 12/732, T 53248, FPS 340, 50-training-episode: mean/median -22.0/-54.2, min/max -84.1/99.5
Update 13/732, T 57344, FPS 339, 50-training-episode: mean/median -22.2/-53.1, min/max -87.0/99.5
Update 14/732, T 61440, FPS 339, 50-training-episode: mean/median -33.5/-54.3, min/max -99.7/98.5
Update 15/732, T 65536, FPS 339, 50-training-episode: mean/median -12.6/-54.1, min/max -99.7/98.5
Update 16/732, T 69632, FPS 339, 50-training-episode: mean/median -11.7/-54.7, min/max -85.3/103.3
Update 17/732, T 73728, FPS 339, 50-training-episode: mean/median -17.7/-56.2, min/max -85.2/103.3
Update 18/732, T 77824, FPS 339, 50-training-episode: mean/median -23.0/-57.2, min/max -81.9/100.4
Update 19/732, T 81920, FPS 339, 50-training-episode: mean/median -13.3/-53.3, min/max -84.6/108.9
Update 20/732, T 86016, FPS 338, 50-training-episode: mean/median -3.7/-45.0, min/max -84.6/108.9
Update 21/732, T 90112, FPS 338, 50-training-episode: mean/median 0.1/-43.8, min/max -86.6/100.4
Update 22/732, T 94208, FPS 338, 50-training-episode: mean/median -14.8/-56.0, min/max -97.1/101.8
Update 23/732, T 98304, FPS 337, 50-training-episode: mean/median -23.6/-59.6, min/max -97.1/101.8
Update 24/732, T 102400, FPS 337, 50-training-episode: mean/median -28.6/-58.5, min/max -83.6/95.6
Update 25/732, T 106496, FPS 338, 50-training-episode: mean/median -23.9/-59.8, min/max -84.7/102.4
Update 26/732, T 110592, FPS 337, 50-training-episode: mean/median -14.4/-60.2, min/max -85.6/102.4
Update 27/732, T 114688, FPS 335, 50-training-episode: mean/median -3.0/-49.4, min/max -75.7/102.1
Update 28/732, T 118784, FPS 335, 50-training-episode: mean/median 2.0/-44.8, min/max -77.2/102.1
Update 29/732, T 122880, FPS 335, 50-training-episode: mean/median 5.3/-31.2, min/max -77.3/100.6
Update 30/732, T 126976, FPS 334, 50-training-episode: mean/median -10.3/-54.8, min/max -81.5/100.6
Update 31/732, T 131072, FPS 334, 50-training-episode: mean/median -8.0/-40.4, min/max -84.9/99.4
Update 32/732, T 135168, FPS 334, 50-training-episode: mean/median -22.3/-52.8, min/max -84.9/99.0
Update 33/732, T 139264, FPS 334, 50-training-episode: mean/median -20.2/-58.5, min/max -82.6/99.3
Update 34/732, T 143360, FPS 334, 50-training-episode: mean/median -24.7/-60.3, min/max -82.0/103.3
Update 35/732, T 147456, FPS 334, 50-training-episode: mean/median -14.6/-48.2, min/max -82.5/97.8
Update 36/732, T 151552, FPS 334, 50-training-episode: mean/median -16.4/-45.0, min/max -82.5/103.6
Update 37/732, T 155648, FPS 334, 50-training-episode: mean/median -30.9/-53.0, min/max -81.9/101.5
Update 38/732, T 159744, FPS 333, 50-training-episode: mean/median -23.4/-47.3, min/max -85.9/99.4
Update 39/732, T 163840, FPS 333, 50-training-episode: mean/median 11.0/-28.4, min/max -79.7/101.0
Update 40/732, T 167936, FPS 333, 50-training-episode: mean/median -10.0/-44.7, min/max -73.9/97.8
Update 41/732, T 172032, FPS 333, 50-training-episode: mean/median -26.5/-51.9, min/max -75.4/100.6
Update 42/732, T 176128, FPS 333, 50-training-episode: mean/median -6.9/-43.4, min/max -85.5/104.1
Update 43/732, T 180224, FPS 333, 50-training-episode: mean/median -8.6/-42.9, min/max -85.5/104.1
Update 44/732, T 184320, FPS 333, 50-training-episode: mean/median -9.2/-51.5, min/max -78.4/107.0
Update 45/732, T 188416, FPS 333, 50-training-episode: mean/median -7.0/-50.1, min/max -78.4/103.0
Update 46/732, T 192512, FPS 333, 50-training-episode: mean/median -9.3/-33.9, min/max -74.9/96.3
Update 47/732, T 196608, FPS 333, 50-training-episode: mean/median -15.3/-39.9, min/max -77.9/101.1
Update 48/732, T 200704, FPS 333, 50-training-episode: mean/median -8.0/-50.2, min/max -81.1/102.2
Update 49/732, T 204800, FPS 332, 50-training-episode: mean/median 25.9/86.0, min/max -72.4/105.4
Update 50/732, T 208896, FPS 332, 50-training-episode: mean/median -4.6/-45.3, min/max -82.7/103.8
Update 51/732, T 212992, FPS 332, 50-training-episode: mean/median 3.6/-32.3, min/max -85.6/103.8
Update 52/732, T 217088, FPS 331, 50-training-episode: mean/median -8.5/-49.3, min/max -76.8/100.7
Update 53/732, T 221184, FPS 330, 50-training-episode: mean/median -12.9/-47.3, min/max -85.3/100.7
Update 54/732, T 225280, FPS 328, 50-training-episode: mean/median -8.5/-43.2, min/max -79.9/100.7
Update 55/732, T 229376, FPS 325, 50-training-episode: mean/median -1.2/-39.3, min/max -83.5/100.7
Update 56/732, T 233472, FPS 324, 50-training-episode: mean/median 16.4/-22.5, min/max -77.6/101.7
Update 57/732, T 237568, FPS 324, 50-training-episode: mean/median 11.7/-30.5, min/max -74.5/101.7
Update 58/732, T 241664, FPS 323, 50-training-episode: mean/median 9.3/-33.9, min/max -74.5/99.2
Update 59/732, T 245760, FPS 322, 50-training-episode: mean/median -3.2/-44.9, min/max -91.8/99.0
Update 60/732, T 249856, FPS 321, 50-training-episode: mean/median -11.4/-49.9, min/max -79.4/100.9
Update 61/732, T 253952, FPS 321, 50-training-episode: mean/median 13.1/-22.1, min/max -81.9/104.3
Update 62/732, T 258048, FPS 320, 50-training-episode: mean/median 17.3/26.0, min/max -76.8/104.3
Update 63/732, T 262144, FPS 319, 50-training-episode: mean/median 8.2/-27.4, min/max -79.8/102.5
Update 64/732, T 266240, FPS 319, 50-training-episode: mean/median -9.5/-48.3, min/max -83.4/105.1
Update 65/732, T 270336, FPS 318, 50-training-episode: mean/median 3.1/-43.3, min/max -89.2/104.4
Update 66/732, T 274432, FPS 318, 50-training-episode: mean/median 2.6/-36.5, min/max -89.2/101.6
Update 67/732, T 278528, FPS 317, 50-training-episode: mean/median 2.6/-40.5, min/max -74.8/101.7
Update 68/732, T 282624, FPS 317, 50-training-episode: mean/median -0.9/-45.6, min/max -74.8/102.1
Update 69/732, T 286720, FPS 316, 50-training-episode: mean/median -19.9/-48.8, min/max -73.2/99.9
Update 70/732, T 290816, FPS 316, 50-training-episode: mean/median 7.4/-29.6, min/max -70.8/102.6
Update 71/732, T 294912, FPS 316, 50-training-episode: mean/median -4.1/-41.2, min/max -69.2/101.0
Update 72/732, T 299008, FPS 315, 50-training-episode: mean/median -2.7/-44.2, min/max -74.5/103.1
Update 73/732, T 303104, FPS 315, 50-training-episode: mean/median -14.0/-44.6, min/max -73.9/103.1
Update 74/732, T 307200, FPS 315, 50-training-episode: mean/median -11.3/-41.1, min/max -71.6/98.7
Update 75/732, T 311296, FPS 315, 50-training-episode: mean/median 12.5/-25.4, min/max -74.7/102.7
Update 76/732, T 315392, FPS 315, 50-training-episode: mean/median 8.5/-30.4, min/max -78.8/100.9
Update 77/732, T 319488, FPS 313, 50-training-episode: mean/median -1.3/-32.4, min/max -99.7/106.5
Update 78/732, T 323584, FPS 311, 50-training-episode: mean/median -13.1/-43.4, min/max -99.7/104.3
Update 79/732, T 327680, FPS 310, 50-training-episode: mean/median -5.6/-38.2, min/max -68.7/103.1
Update 80/732, T 331776, FPS 309, 50-training-episode: mean/median -11.8/-34.6, min/max -77.8/97.1
Update 81/732, T 335872, FPS 309, 50-training-episode: mean/median -21.2/-39.2, min/max -69.5/102.7
Update 82/732, T 339968, FPS 308, 50-training-episode: mean/median 5.4/-32.4, min/max -71.7/97.9
Update 83/732, T 344064, FPS 308, 50-training-episode: mean/median 4.3/-34.6, min/max -78.8/102.8
Update 84/732, T 348160, FPS 308, 50-training-episode: mean/median 5.7/-32.6, min/max -81.4/100.5
Update 85/732, T 352256, FPS 308, 50-training-episode: mean/median -0.6/-34.7, min/max -72.5/98.1
Update 86/732, T 356352, FPS 308, 50-training-episode: mean/median -8.1/-32.4, min/max -72.5/98.2
Update 87/732, T 360448, FPS 307, 50-training-episode: mean/median 7.9/-29.7, min/max -76.2/103.3
Update 88/732, T 364544, FPS 307, 50-training-episode: mean/median 17.5/-26.2, min/max -73.1/101.7
Update 89/732, T 368640, FPS 307, 50-training-episode: mean/median 9.5/-30.4, min/max -73.4/102.9
Update 90/732, T 372736, FPS 308, 50-training-episode: mean/median 9.6/-32.0, min/max -81.4/102.6
Update 91/732, T 376832, FPS 308, 50-training-episode: mean/median 21.8/23.5, min/max -81.6/96.9
Update 92/732, T 380928, FPS 307, 50-training-episode: mean/median -6.9/-38.4, min/max -75.7/97.1
Update 93/732, T 385024, FPS 307, 50-training-episode: mean/median 5.4/-31.8, min/max -68.3/98.3
Update 94/732, T 389120, FPS 307, 50-training-episode: mean/median -1.1/-42.8, min/max -83.2/101.8
Update 95/732, T 393216, FPS 307, 50-training-episode: mean/median -3.9/-50.5, min/max -78.7/101.8
Update 96/732, T 397312, FPS 307, 50-training-episode: mean/median 16.7/-19.3, min/max -79.4/101.6
Update 97/732, T 401408, FPS 307, 50-training-episode: mean/median 8.5/-33.4, min/max -74.1/98.5
Update 98/732, T 405504, FPS 307, 50-training-episode: mean/median 21.1/27.6, min/max -83.9/102.1
Update 99/732, T 409600, FPS 307, 50-training-episode: mean/median -1.4/-38.4, min/max -83.9/99.5
Saved ./trained_models/ExptMemory120250725/plume_20250725_VRNN_constantx5b5noisy3x5b5_stepoob_bx0.30.8_t5000003000000_q2.00.5_dmx0.80.8_dmn0.70.4_h64_wd0.000115_n2_codeVRNN_seed1812821.pt
Update 100/732, T 413696, FPS 307, 50-training-episode: mean/median 1.6/-37.2, min/max -83.1/99.5
Update 101/732, T 417792, FPS 306, 50-training-episode: mean/median 12.2/-27.6, min/max -78.7/102.9
Update 102/732, T 421888, FPS 306, 50-training-episode: mean/median -10.6/-53.2, min/max -82.9/99.6
Update 103/732, T 425984, FPS 306, 50-training-episode: mean/median 7.5/-32.5, min/max -77.0/102.4
Update 104/732, T 430080, FPS 305, 50-training-episode: mean/median -1.1/-33.7, min/max -77.0/102.1
Update 105/732, T 434176, FPS 305, 50-training-episode: mean/median -15.4/-54.1, min/max -73.6/102.1
Update 106/732, T 438272, FPS 305, 50-training-episode: mean/median -8.9/-53.0, min/max -75.1/98.3
Update 107/732, T 442368, FPS 305, 50-training-episode: mean/median 12.8/-27.8, min/max -81.0/104.9
Update 108/732, T 446464, FPS 305, 50-training-episode: mean/median -4.6/-38.8, min/max -79.8/102.6
Update 109/732, T 450560, FPS 305, 50-training-episode: mean/median -1.1/-41.0, min/max -79.8/102.6
Update 110/732, T 454656, FPS 305, 50-training-episode: mean/median 14.7/19.9, min/max -79.4/102.3
Update 111/732, T 458752, FPS 305, 50-training-episode: mean/median -4.8/-45.4, min/max -70.0/102.3
Update 112/732, T 462848, FPS 305, 50-training-episode: mean/median -3.0/-37.1, min/max -78.0/98.6
Update 113/732, T 466944, FPS 305, 50-training-episode: mean/median -4.1/-42.4, min/max -78.0/93.1
Update 114/732, T 471040, FPS 305, 50-training-episode: mean/median 9.4/-28.1, min/max -72.0/98.9
Update 115/732, T 475136, FPS 305, 50-training-episode: mean/median -6.3/-47.6, min/max -74.9/101.0
Update 116/732, T 479232, FPS 305, 50-training-episode: mean/median 1.7/-34.2, min/max -73.6/101.0
Update 117/732, T 483328, FPS 305, 50-training-episode: mean/median -8.9/-52.0, min/max -75.2/100.0
Update 118/732, T 487424, FPS 305, 50-training-episode: mean/median -24.5/-50.9, min/max -82.8/92.2
Update 119/732, T 491520, FPS 304, 50-training-episode: mean/median -17.2/-45.3, min/max -87.2/99.6
Update 120/732, T 495616, FPS 304, 50-training-episode: mean/median -23.2/-58.4, min/max -87.2/101.1
Update 121/732, T 499712, FPS 304, 50-training-episode: mean/median -8.4/-56.3, min/max -91.2/98.7
Update 122/732, T 503808, FPS 304, 50-training-episode: mean/median 16.6/73.0, min/max -91.2/100.5
Update 123/732, T 507904, FPS 305, 50-training-episode: mean/median 6.9/-48.2, min/max -82.8/101.1
Update 124/732, T 512000, FPS 305, 50-training-episode: mean/median -5.2/-55.7, min/max -82.8/100.9
Update 125/732, T 516096, FPS 305, 50-training-episode: mean/median -3.5/-57.1, min/max -83.4/99.6
Update 126/732, T 520192, FPS 305, 50-training-episode: mean/median -12.7/-55.8, min/max -80.3/101.0
Update 127/732, T 524288, FPS 305, 50-training-episode: mean/median -21.7/-61.4, min/max -82.1/101.0
Update 128/732, T 528384, FPS 305, 50-training-episode: mean/median -15.0/-56.2, min/max -80.2/98.2
Update 129/732, T 532480, FPS 305, 50-training-episode: mean/median 6.4/-35.3, min/max -78.1/96.7
Update 130/732, T 536576, FPS 304, 50-training-episode: mean/median 5.3/-52.4, min/max -95.8/100.7
Update 131/732, T 540672, FPS 304, 50-training-episode: mean/median 16.8/30.9, min/max -95.8/99.8
Update 132/732, T 544768, FPS 304, 50-training-episode: mean/median 5.5/-35.6, min/max -68.0/99.5
Update 133/732, T 548864, FPS 304, 50-training-episode: mean/median 5.0/-32.4, min/max -80.4/101.1
Update 134/732, T 552960, FPS 304, 50-training-episode: mean/median -5.9/-36.9, min/max -78.8/102.4
Update 135/732, T 557056, FPS 304, 50-training-episode: mean/median 24.5/25.9, min/max -74.1/103.1
Update 136/732, T 561152, FPS 304, 50-training-episode: mean/median 18.0/-23.0, min/max -68.0/100.8
Update 137/732, T 565248, FPS 304, 50-training-episode: mean/median 17.5/-27.3, min/max -76.7/99.7
Update 138/732, T 569344, FPS 304, 50-training-episode: mean/median -0.8/-36.0, min/max -65.3/104.6
Update 139/732, T 573440, FPS 303, 50-training-episode: mean/median 11.6/-30.5, min/max -67.9/102.2
Update 140/732, T 577536, FPS 303, 50-training-episode: mean/median 3.3/-30.3, min/max -85.9/100.4
Update 141/732, T 581632, FPS 303, 50-training-episode: mean/median 5.4/-29.7, min/max -75.3/100.6
Update 142/732, T 585728, FPS 303, 50-training-episode: mean/median 13.6/-26.8, min/max -75.8/102.8
Update 143/732, T 589824, FPS 303, 50-training-episode: mean/median -19.4/-51.8, min/max -75.1/101.5
Update 144/732, T 593920, FPS 303, 50-training-episode: mean/median 21.4/27.5, min/max -78.6/101.4
Update 145/732, T 598016, FPS 303, 50-training-episode: mean/median 13.6/-26.3, min/max -70.7/103.1
Update 146/732, T 602112, FPS 303, 50-training-episode: mean/median 4.2/-30.8, min/max -74.0/102.4
Update 147/732, T 606208, FPS 303, 50-training-episode: mean/median 6.6/-30.1, min/max -81.2/102.4
Update 148/732, T 610304, FPS 303, 50-training-episode: mean/median -8.8/-46.2, min/max -73.1/105.1
Update 149/732, T 614400, FPS 302, 50-training-episode: mean/median 12.3/-24.6, min/max -73.1/102.7
Update 150/732, T 618496, FPS 302, 50-training-episode: mean/median 6.1/-29.3, min/max -78.6/102.7
Update 151/732, T 622592, FPS 303, 50-training-episode: mean/median -5.4/-31.5, min/max -79.9/101.5
Update 152/732, T 626688, FPS 302, 50-training-episode: mean/median -0.9/-38.5, min/max -75.0/102.3
Update 153/732, T 630784, FPS 302, 50-training-episode: mean/median -6.8/-46.4, min/max -76.7/102.3
Update 154/732, T 634880, FPS 302, 50-training-episode: mean/median -9.5/-45.4, min/max -76.1/98.8
Update 155/732, T 638976, FPS 302, 50-training-episode: mean/median 4.6/-39.1, min/max -76.8/105.5
Update 156/732, T 643072, FPS 302, 50-training-episode: mean/median 3.2/-38.4, min/max -78.7/105.5
Update 157/732, T 647168, FPS 301, 50-training-episode: mean/median 23.4/80.1, min/max -78.7/100.6
Update 158/732, T 651264, FPS 301, 50-training-episode: mean/median 16.2/-23.5, min/max -70.0/103.6
Update 159/732, T 655360, FPS 301, 50-training-episode: mean/median 14.5/-22.3, min/max -83.6/103.6
Update 160/732, T 659456, FPS 301, 50-training-episode: mean/median 1.3/-44.1, min/max -83.6/100.4
Update 161/732, T 663552, FPS 301, 50-training-episode: mean/median -0.2/-33.4, min/max -78.6/98.4
Update 162/732, T 667648, FPS 301, 50-training-episode: mean/median -1.7/-53.8, min/max -83.7/103.0
Update 163/732, T 671744, FPS 301, 50-training-episode: mean/median 1.9/-34.9, min/max -82.7/103.0
Update 164/732, T 675840, FPS 301, 50-training-episode: mean/median -1.7/-52.0, min/max -81.2/100.7
Update 165/732, T 679936, FPS 301, 50-training-episode: mean/median 9.3/-26.5, min/max -74.6/101.9
Update 166/732, T 684032, FPS 301, 50-training-episode: mean/median 10.9/-28.5, min/max -82.6/102.2
Update 167/732, T 688128, FPS 300, 50-training-episode: mean/median 3.4/-31.7, min/max -82.6/105.7
Update 168/732, T 692224, FPS 300, 50-training-episode: mean/median 12.7/-26.5, min/max -74.3/106.3
Update 169/732, T 696320, FPS 300, 50-training-episode: mean/median 5.6/-28.7, min/max -73.5/101.4
Update 170/732, T 700416, FPS 300, 50-training-episode: mean/median -16.6/-39.4, min/max -87.2/102.2
Update 171/732, T 704512, FPS 300, 50-training-episode: mean/median -3.8/-37.3, min/max -75.3/101.1
Update 172/732, T 708608, FPS 300, 50-training-episode: mean/median 6.9/-28.0, min/max -73.4/106.8
Update 173/732, T 712704, FPS 300, 50-training-episode: mean/median 5.0/-28.0, min/max -77.2/99.6
Update 174/732, T 716800, FPS 300, 50-training-episode: mean/median 9.0/-25.5, min/max -78.6/100.5
Update 175/732, T 720896, FPS 300, 50-training-episode: mean/median 8.7/-26.4, min/max -75.2/103.7
Update 176/732, T 724992, FPS 300, 50-training-episode: mean/median -6.4/-43.0, min/max -70.5/102.5
Update 177/732, T 729088, FPS 300, 50-training-episode: mean/median 10.5/-25.8, min/max -79.8/102.5
Update 178/732, T 733184, FPS 300, 50-training-episode: mean/median -2.8/-33.2, min/max -72.8/102.7
Update 179/732, T 737280, FPS 300, 50-training-episode: mean/median 2.6/-33.9, min/max -77.0/102.1
Update 180/732, T 741376, FPS 300, 50-training-episode: mean/median -3.5/-38.0, min/max -80.1/102.0
Update 181/732, T 745472, FPS 300, 50-training-episode: mean/median 5.6/-31.5, min/max -71.3/104.0
Traceback (most recent call last):
  File "/Users/aaravsinha/manyplume/oneplume/ppo/main.py", line 617, in <module>
    main()
  File "/Users/aaravsinha/manyplume/oneplume/ppo/main.py", line 569, in main
    training_log, eval_log = training_loop(agent, envs, args, device, actor_critic,
  File "/Users/aaravsinha/manyplume/oneplume/ppo/main.py", line 343, in training_loop
    obs, reward, done, infos = envs.step(action)
  File "/opt/anaconda3/envs/py39/lib/python3.9/site-packages/stable_baselines3/common/vec_env/base_vec_env.py", line 163, in step
    return self.step_wait()
  File "/Users/aaravsinha/manyplume/oneplume/ppo/a2c_ppo_acktr/envs.py", line 220, in step_wait
    obs, reward, done, info = self.venv.step_wait()
  File "/opt/anaconda3/envs/py39/lib/python3.9/site-packages/stable_baselines3/common/vec_env/vec_normalize.py", line 175, in step_wait
    obs, rewards, dones, infos = self.venv.step_wait()
  File "/opt/anaconda3/envs/py39/lib/python3.9/site-packages/stable_baselines3/common/vec_env/subproc_vec_env.py", line 121, in step_wait
    results = [remote.recv() for remote in self.remotes]
  File "/opt/anaconda3/envs/py39/lib/python3.9/site-packages/stable_baselines3/common/vec_env/subproc_vec_env.py", line 121, in <listcomp>
    results = [remote.recv() for remote in self.remotes]
  File "/opt/anaconda3/envs/py39/lib/python3.9/multiprocessing/connection.py", line 250, in recv
    buf = self._recv_bytes()
  File "/opt/anaconda3/envs/py39/lib/python3.9/multiprocessing/connection.py", line 414, in _recv_bytes
    buf = self._recv(4)
  File "/opt/anaconda3/envs/py39/lib/python3.9/multiprocessing/connection.py", line 383, in _recv
    raise EOFError
EOFError
