CUDA: False
Namespace(algo='ppo', lr=0.0003, eps=1e-05, alpha=0.99, gamma=0.99, use_gae=True, gae_lambda=0.95, entropy_coef=0.005, value_loss_coef=0.5, max_grad_norm=0.5, seed=25406, cuda_deterministic=False, num_processes=2, num_steps=2048, ppo_epoch=10, num_mini_batch=2, clip_param=0.2, log_interval=1, save_interval=100, no_cuda=False, use_proper_time_limits=False, recurrent_policy=True, use_linear_lr_decay=True, env_name='plume', log_dir='/tmp/gym/', save_dir='./trained_models/ExptWalking20250807/', dynamic=False, eval_type='fixed', eval_episodes=20, eval_interval=None, weight_decay=0.00012, rnn_type='VRNN', hidden_size=64, betadist=False, stacking=0, masking=None, stride=1, dataset=['constantx5b5', 'noisy3x5b5'], num_env_steps=[100000, 10000], qvar=[0.4, 0.5], birthx=[2.5, 2.0], diff_max=[0.8, 0.8], diff_min=[0.7, 0.4], birthx_max=1.0, dryrun=False, curriculum=False, turnx=1.0, movex=1.0, auto_movex=False, auto_reward=False, loc_algo='uniform', time_algo='uniform', env_dt=0.04, outsuffix='walk-v15_20250807_VRNN_constantx5b5noisy3x5b5_stepoobmetabolicfound_bx2.52_t10000010000_q0.40.5_dmx0.80.8_dmn0.70.4_h64_wd0.00012_n2_walking_seed254063e', walking=True, radiusx=1.0, diffusion_min=1.0, diffusion_max=1.0, r_shaping=['step', 'oob', 'metabolic', 'found'], wind_rel=True, action_feedback=False, squash_action=True, flipping=True, odor_scaling=True, stray_max=2.0, test_episodes=50, viz_episodes=10, model_fname='', obs_noise=0.0, act_noise=0.0, cuda=False)
PPO Args ---> Namespace(algo='ppo', lr=0.0003, eps=1e-05, alpha=0.99, gamma=0.99, use_gae=True, gae_lambda=0.95, entropy_coef=0.005, value_loss_coef=0.5, max_grad_norm=0.5, seed=25406, cuda_deterministic=False, num_processes=2, num_steps=2048, ppo_epoch=10, num_mini_batch=2, clip_param=0.2, log_interval=1, save_interval=100, no_cuda=False, use_proper_time_limits=False, recurrent_policy=True, use_linear_lr_decay=True, env_name='plume', log_dir='/tmp/gym/', save_dir='./trained_models/ExptWalking20250807/', dynamic=False, eval_type='fixed', eval_episodes=20, eval_interval=None, weight_decay=0.00012, rnn_type='VRNN', hidden_size=64, betadist=False, stacking=0, masking=None, stride=1, dataset=['constantx5b5', 'noisy3x5b5'], num_env_steps=[100000, 10000], qvar=[0.4, 0.5], birthx=[2.5, 2.0], diff_max=[0.8, 0.8], diff_min=[0.7, 0.4], birthx_max=1.0, dryrun=False, curriculum=False, turnx=1.0, movex=1.0, auto_movex=False, auto_reward=False, loc_algo='uniform', time_algo='uniform', env_dt=0.04, outsuffix='walk-v15_20250807_VRNN_constantx5b5noisy3x5b5_stepoobmetabolicfound_bx2.52_t10000010000_q0.40.5_dmx0.80.8_dmn0.70.4_h64_wd0.00012_n2_walking_seed254063e', walking=True, radiusx=1.0, diffusion_min=1.0, diffusion_max=1.0, r_shaping=['step', 'oob', 'metabolic', 'found'], wind_rel=True, action_feedback=False, squash_action=True, flipping=True, odor_scaling=True, stray_max=2.0, test_episodes=50, viz_episodes=10, model_fname='', obs_noise=0.0, act_noise=0.0, cuda=False)
Using Precomputed Plume...
Using Precomputed Plume...
2025-08-07 16:22:37.356 python[45004:5009518] +[NSXPCSharedListener endpointForReply:withListenerName:replyErrorCode:]: an error occurred while attempting to obtain endpoint for listener 'ClientCallsAuxiliary': Connection invalid
Traceback (most recent call last):
  File "/Users/aaravsinha/manyplume/oneplume/ppo/main.py", line 617, in <module>
    main()
  File "/Users/aaravsinha/manyplume/oneplume/ppo/main.py", line 497, in main
    envs = make_vec_envs(args.env_name,
  File "/Users/aaravsinha/manyplume/oneplume/ppo/a2c_ppo_acktr/envs.py", line 130, in make_vec_envs
    envs = SubprocVecEnv(envs)
  File "/opt/anaconda3/envs/py39/lib/python3.9/site-packages/stable_baselines3/common/vec_env/subproc_vec_env.py", line 112, in __init__
    observation_space, action_space = self.remotes[0].recv()
  File "/opt/anaconda3/envs/py39/lib/python3.9/multiprocessing/connection.py", line 250, in recv
    buf = self._recv_bytes()
  File "/opt/anaconda3/envs/py39/lib/python3.9/multiprocessing/connection.py", line 414, in _recv_bytes
    buf = self._recv(4)
  File "/opt/anaconda3/envs/py39/lib/python3.9/multiprocessing/connection.py", line 383, in _recv
    raise EOFError
EOFError
