CUDA: False
Namespace(algo='ppo', lr=0.0003, eps=1e-05, alpha=0.99, gamma=0.99, use_gae=True, gae_lambda=0.95, entropy_coef=0.005, value_loss_coef=0.5, max_grad_norm=0.5, seed=3284, cuda_deterministic=False, num_processes=1, num_steps=2048, ppo_epoch=10, num_mini_batch=1, clip_param=0.2, log_interval=1, save_interval=100, no_cuda=False, use_proper_time_limits=False, recurrent_policy=True, use_linear_lr_decay=True, env_name='plume', log_dir='/tmp/gym/', save_dir='./trained_models/ExptWalking20250805/', dynamic=False, eval_type='fixed', eval_episodes=20, eval_interval=None, weight_decay=0.00012, rnn_type='VRNN', hidden_size=64, betadist=False, stacking=0, masking=None, stride=1, dataset=['constantx5b5', 'noisy3x5b5'], num_env_steps=[590000, 100000], qvar=[0.4, 0.5], birthx=[2.2, 2.0], diff_max=[0.8, 0.8], diff_min=[0.7, 0.4], birthx_max=1.0, dryrun=False, curriculum=False, turnx=1.0, movex=1.0, auto_movex=False, auto_reward=False, loc_algo='uniform', time_algo='uniform', env_dt=0.04, outsuffix='walk-v11_20250805_VRNN_constantx5b5noisy3x5b5_stepoobmetabolic_bx2.22_t590000100000_q0.40.5_dmx0.80.8_dmn0.70.4_h64_wd0.00012_n1_walking_seed328463', walking=True, radiusx=1.0, diffusion_min=1.0, diffusion_max=1.0, r_shaping=['step', 'oob', 'metabolic'], wind_rel=True, action_feedback=False, squash_action=True, flipping=True, odor_scaling=True, stray_max=2.0, test_episodes=50, viz_episodes=10, model_fname='', obs_noise=0.0, act_noise=0.0, cuda=False)
PPO Args ---> Namespace(algo='ppo', lr=0.0003, eps=1e-05, alpha=0.99, gamma=0.99, use_gae=True, gae_lambda=0.95, entropy_coef=0.005, value_loss_coef=0.5, max_grad_norm=0.5, seed=3284, cuda_deterministic=False, num_processes=1, num_steps=2048, ppo_epoch=10, num_mini_batch=1, clip_param=0.2, log_interval=1, save_interval=100, no_cuda=False, use_proper_time_limits=False, recurrent_policy=True, use_linear_lr_decay=True, env_name='plume', log_dir='/tmp/gym/', save_dir='./trained_models/ExptWalking20250805/', dynamic=False, eval_type='fixed', eval_episodes=20, eval_interval=None, weight_decay=0.00012, rnn_type='VRNN', hidden_size=64, betadist=False, stacking=0, masking=None, stride=1, dataset=['constantx5b5', 'noisy3x5b5'], num_env_steps=[590000, 100000], qvar=[0.4, 0.5], birthx=[2.2, 2.0], diff_max=[0.8, 0.8], diff_min=[0.7, 0.4], birthx_max=1.0, dryrun=False, curriculum=False, turnx=1.0, movex=1.0, auto_movex=False, auto_reward=False, loc_algo='uniform', time_algo='uniform', env_dt=0.04, outsuffix='walk-v11_20250805_VRNN_constantx5b5noisy3x5b5_stepoobmetabolic_bx2.22_t590000100000_q0.40.5_dmx0.80.8_dmn0.70.4_h64_wd0.00012_n1_walking_seed328463', walking=True, radiusx=1.0, diffusion_min=1.0, diffusion_max=1.0, r_shaping=['step', 'oob', 'metabolic'], wind_rel=True, action_feedback=False, squash_action=True, flipping=True, odor_scaling=True, stray_max=2.0, test_episodes=50, viz_episodes=10, model_fname='', obs_noise=0.0, act_noise=0.0, cuda=False)
Using Precomputed Plume...
PlumeEnvironment: {'self': <plume_env.PlumeEnvironment object at 0x17dea5280>, 't_val_min': 10.0, 'sim_steps_max': 2500, 'reset_offset_tmax': 30, 'dataset': 'constantx5b5', 'move_capacity': 2.0, 'turn_capacity': 19.634954084936208, 'wind_obsx': 1.0, 'movex': 1.0, 'turnx': 1.0, 'birthx': 2.2, 'birthx_max': 1.0, 'env_dt': 0.04, 'loc_algo': 'uniform', 'qvar': 0.4, 'time_algo': 'uniform', 'angle_algo': 'uniform', 'homed_radius': 0.2, 'stray_max': 2.0, 'wind_rel': True, 'auto_movex': False, 'auto_reward': False, 'diff_max': 0.8, 'diff_min': 0.7, 'r_shaping': ['step', 'oob', 'metabolic'], 'rewardx': 1.0, 'rescale': False, 'squash_action': True, 'walking': True, 'walk_move': 0.05, 'walk_turn': 3.14159, 'radiusx': 1.0, 'diffusion_min': 1.0, 'diffusion_max': 1.0, 'action_feedback': False, 'flipping': True, 'odor_scaling': True, 'obs_noise': 0.0, 'act_noise': 0.0, 'dynamic': False, 'seed': 3284, 'verbose': 0, '__class__': <class 'plume_env.PlumeEnvironment'>}
Squashing actions to 0-1
constantx5b5
wind: t_val_diff 0.03999999999999915 env_dt 0.04
puffs: t_val_diff 0.03999999999999915 env_dt 0.04
Reward Shaping ['step', 'oob', 'metabolic']
Using Precomputed Plume...
PlumeEnvironment: {'self': <plume_env.PlumeEnvironment object at 0x17dea5d90>, 't_val_min': 10.0, 'sim_steps_max': 2500, 'reset_offset_tmax': 30, 'dataset': 'constantx5b5', 'move_capacity': 2.0, 'turn_capacity': 19.634954084936208, 'wind_obsx': 1.0, 'movex': 1.0, 'turnx': 1.0, 'birthx': 2.2, 'birthx_max': 1.0, 'env_dt': 0.04, 'loc_algo': 'uniform', 'qvar': 0.4, 'time_algo': 'uniform', 'angle_algo': 'uniform', 'homed_radius': 0.2, 'stray_max': 2.0, 'wind_rel': True, 'auto_movex': False, 'auto_reward': False, 'diff_max': 0.8, 'diff_min': 0.7, 'r_shaping': ['step', 'oob', 'metabolic'], 'rewardx': 1.0, 'rescale': False, 'squash_action': True, 'walking': True, 'walk_move': 0.05, 'walk_turn': 3.14159, 'radiusx': 1.0, 'diffusion_min': 1.0, 'diffusion_max': 1.0, 'action_feedback': False, 'flipping': True, 'odor_scaling': True, 'obs_noise': 0.0, 'act_noise': 0.0, 'dynamic': False, 'seed': 3284, 'verbose': 0, '__class__': <class 'plume_env.PlumeEnvironment'>}
Squashing actions to 0-1
constantx5b5
wind: t_val_diff 0.03999999999999915 env_dt 0.04
puffs: t_val_diff 0.03999999999999915 env_dt 0.04
Reward Shaping ['step', 'oob', 'metabolic']
Using MLPBase
hidden_size 64
Using VanillaRNN
Saved ./trained_models/ExptWalking20250805//plume_walk-v11_20250805_VRNN_constantx5b5noisy3x5b5_stepoobmetabolic_bx2.22_t590000100000_q0.40.5_dmx0.80.8_dmn0.70.4_h64_wd0.00012_n1_walking_seed328463.pt.start
Stage: 0/2 - constantx5b5 b2.2 q0.4 n590000
Saved ./trained_models/ExptWalking20250805/plume_walk-v11_20250805_VRNN_constantx5b5noisy3x5b5_stepoobmetabolic_bx2.22_t590000100000_q0.40.5_dmx0.80.8_dmn0.70.4_h64_wd0.00012_n1_walking_seed328463.pt
Update 0/288, T 2048, FPS 121, 42-training-episode: mean/median -1.9/-1.8, min/max -4.4/-0.4
Update 1/288, T 4096, FPS 124, 50-training-episode: mean/median -2.2/-2.1, min/max -4.8/-0.4
Update 2/288, T 6144, FPS 125, 50-training-episode: mean/median 1.8/-2.1, min/max -5.0/101.0
Update 3/288, T 8192, FPS 131, 50-training-episode: mean/median 3.6/-2.2, min/max -5.4/101.0
Update 4/288, T 10240, FPS 132, 50-training-episode: mean/median 3.7/-2.2, min/max -5.8/101.0
Update 5/288, T 12288, FPS 132, 50-training-episode: mean/median -0.2/-1.9, min/max -5.8/101.0
Update 6/288, T 14336, FPS 131, 50-training-episode: mean/median 0.3/-1.6, min/max -4.1/100.9
Update 7/288, T 16384, FPS 130, 50-training-episode: mean/median 0.5/-1.4, min/max -3.7/100.9
Update 8/288, T 18432, FPS 130, 50-training-episode: mean/median 4.5/-1.6, min/max -3.0/101.1
Update 9/288, T 20480, FPS 129, 50-training-episode: mean/median -1.6/-1.5, min/max -4.1/-0.4
Update 10/288, T 22528, FPS 130, 50-training-episode: mean/median 0.5/-1.4, min/max -2.8/101.1
Update 11/288, T 24576, FPS 129, 50-training-episode: mean/median 0.6/-1.2, min/max -3.0/101.1
Update 12/288, T 26624, FPS 130, 50-training-episode: mean/median -1.5/-1.4, min/max -2.9/0.1
Update 13/288, T 28672, FPS 131, 50-training-episode: mean/median 0.6/-1.4, min/max -3.0/101.1
Update 14/288, T 30720, FPS 131, 50-training-episode: mean/median 2.8/-1.2, min/max -3.0/101.1
Update 15/288, T 32768, FPS 130, 50-training-episode: mean/median 4.7/-1.3, min/max -2.8/101.2
Update 16/288, T 34816, FPS 129, 50-training-episode: mean/median 2.8/-1.1, min/max -2.9/101.0
Update 17/288, T 36864, FPS 129, 50-training-episode: mean/median 2.7/-1.2, min/max -2.7/101.0
Update 18/288, T 38912, FPS 129, 50-training-episode: mean/median 0.6/-1.3, min/max -2.8/101.0
Update 19/288, T 40960, FPS 129, 50-training-episode: mean/median 0.7/-1.1, min/max -2.8/100.9
Update 20/288, T 43008, FPS 129, 50-training-episode: mean/median 2.8/-1.0, min/max -3.0/102.4
Update 21/288, T 45056, FPS 130, 50-training-episode: mean/median 1.0/-0.8, min/max -3.0/102.4
Update 22/288, T 47104, FPS 129, 50-training-episode: mean/median 0.9/-1.1, min/max -2.9/101.2
Update 23/288, T 49152, FPS 129, 50-training-episode: mean/median 2.8/-1.3, min/max -2.8/101.4
Update 24/288, T 51200, FPS 129, 50-training-episode: mean/median 4.9/-1.1, min/max -2.8/101.4
Update 25/288, T 53248, FPS 129, 50-training-episode: mean/median 4.9/-1.1, min/max -2.9/101.7
Update 26/288, T 55296, FPS 129, 50-training-episode: mean/median 5.0/-1.0, min/max -2.9/101.7
Update 27/288, T 57344, FPS 130, 50-training-episode: mean/median 11.2/-1.0, min/max -2.9/102.8
Update 28/288, T 59392, FPS 130, 50-training-episode: mean/median 17.4/-0.8, min/max -2.9/102.8
Update 29/288, T 61440, FPS 130, 50-training-episode: mean/median 13.0/-1.2, min/max -2.9/102.7
Update 30/288, T 63488, FPS 129, 50-training-episode: mean/median 8.9/-1.3, min/max -2.9/103.0
Update 31/288, T 65536, FPS 130, 50-training-episode: mean/median 17.1/-1.2, min/max -2.8/103.0
Update 32/288, T 67584, FPS 130, 50-training-episode: mean/median 21.3/-1.1, min/max -2.8/103.0
Update 33/288, T 69632, FPS 129, 50-training-episode: mean/median 17.3/-1.1, min/max -2.8/102.7
Update 34/288, T 71680, FPS 129, 50-training-episode: mean/median 15.3/-1.0, min/max -2.8/102.6
Update 35/288, T 73728, FPS 129, 50-training-episode: mean/median 11.0/-1.1, min/max -3.6/102.0
Update 36/288, T 75776, FPS 129, 50-training-episode: mean/median 17.3/-0.8, min/max -3.6/102.7
Update 37/288, T 77824, FPS 129, 50-training-episode: mean/median 15.4/-0.8, min/max -3.6/102.7
Update 38/288, T 79872, FPS 129, 50-training-episode: mean/median 7.2/-0.9, min/max -2.9/101.9
Update 39/288, T 81920, FPS 129, 50-training-episode: mean/median 5.1/-1.0, min/max -2.7/101.9
Update 40/288, T 83968, FPS 129, 50-training-episode: mean/median 9.2/-1.0, min/max -2.7/101.9
Update 41/288, T 86016, FPS 129, 50-training-episode: mean/median 7.1/-0.9, min/max -2.8/101.9
Update 42/288, T 88064, FPS 130, 50-training-episode: mean/median 7.1/-0.9, min/max -3.0/101.5
Update 43/288, T 90112, FPS 130, 50-training-episode: mean/median 13.2/-0.8, min/max -3.0/101.5
Update 44/288, T 92160, FPS 130, 50-training-episode: mean/median 15.4/-0.8, min/max -3.0/101.6
Update 45/288, T 94208, FPS 130, 50-training-episode: mean/median 13.4/-0.7, min/max -2.8/101.6
Update 46/288, T 96256, FPS 130, 50-training-episode: mean/median 3.0/-0.9, min/max -3.1/101.0
Update 47/288, T 98304, FPS 129, 50-training-episode: mean/median 6.9/-1.1, min/max -3.1/101.5
Update 48/288, T 100352, FPS 129, 50-training-episode: mean/median 17.1/-1.1, min/max -2.8/102.5
Update 49/288, T 102400, FPS 129, 50-training-episode: mean/median 13.1/-1.1, min/max -2.8/102.5
Update 50/288, T 104448, FPS 129, 50-training-episode: mean/median 5.1/-1.0, min/max -2.9/102.4
Update 51/288, T 106496, FPS 130, 50-training-episode: mean/median 2.9/-1.1, min/max -2.9/102.2
Update 52/288, T 108544, FPS 129, 50-training-episode: mean/median 9.1/-1.1, min/max -2.8/102.6
Update 53/288, T 110592, FPS 129, 50-training-episode: mean/median 7.1/-1.1, min/max -2.8/101.9
Update 54/288, T 112640, FPS 130, 50-training-episode: mean/median 11.3/-0.9, min/max -2.8/102.8
Update 55/288, T 114688, FPS 130, 50-training-episode: mean/median 17.5/-1.1, min/max -2.8/102.8
Update 56/288, T 116736, FPS 130, 50-training-episode: mean/median 19.6/-1.0, min/max -2.8/103.2
Update 57/288, T 118784, FPS 130, 50-training-episode: mean/median 19.6/-0.9, min/max -2.8/103.2
Update 58/288, T 120832, FPS 130, 50-training-episode: mean/median 21.6/-0.8, min/max -2.8/103.2
Update 59/288, T 122880, FPS 130, 50-training-episode: mean/median 29.8/-0.7, min/max -2.8/103.2
Update 60/288, T 124928, FPS 130, 50-training-episode: mean/median 31.6/-0.8, min/max -2.8/103.1
Update 61/288, T 126976, FPS 130, 50-training-episode: mean/median 21.4/-0.8, min/max -2.8/102.9
Update 62/288, T 129024, FPS 130, 50-training-episode: mean/median 27.7/-0.8, min/max -2.8/103.3
Update 63/288, T 131072, FPS 130, 50-training-episode: mean/median 31.9/-0.9, min/max -2.8/103.3
Update 64/288, T 133120, FPS 130, 50-training-episode: mean/median 38.2/-0.6, min/max -2.8/103.3
Update 65/288, T 135168, FPS 130, 50-training-episode: mean/median 42.3/-0.3, min/max -2.8/103.1
Update 66/288, T 137216, FPS 130, 50-training-episode: mean/median 27.8/-0.8, min/max -2.7/103.1
Update 67/288, T 139264, FPS 130, 50-training-episode: mean/median 23.6/-0.9, min/max -2.8/103.0
Update 68/288, T 141312, FPS 130, 50-training-episode: mean/median 27.7/-0.9, min/max -2.8/103.1
Update 69/288, T 143360, FPS 130, 50-training-episode: mean/median 33.8/-0.7, min/max -2.8/103.1
Update 70/288, T 145408, FPS 130, 50-training-episode: mean/median 38.0/-0.5, min/max -2.8/102.8
Update 71/288, T 147456, FPS 130, 50-training-episode: mean/median 31.9/-0.7, min/max -2.7/103.0
Update 72/288, T 149504, FPS 130, 50-training-episode: mean/median 35.9/-0.9, min/max -2.7/103.1
Update 73/288, T 151552, FPS 130, 50-training-episode: mean/median 23.6/-0.9, min/max -2.7/103.1
Update 74/288, T 153600, FPS 130, 50-training-episode: mean/median 17.7/-0.7, min/max -2.6/102.9
Update 75/288, T 155648, FPS 130, 50-training-episode: mean/median 27.9/-0.5, min/max -2.9/103.2
Update 76/288, T 157696, FPS 130, 50-training-episode: mean/median 27.7/-0.6, min/max -2.9/103.2
Update 77/288, T 159744, FPS 131, 50-training-episode: mean/median 23.7/-0.7, min/max -2.9/103.1
Update 78/288, T 161792, FPS 131, 50-training-episode: mean/median 23.7/-0.7, min/max -2.8/102.9
Update 79/288, T 163840, FPS 131, 50-training-episode: mean/median 15.4/-0.8, min/max -2.8/103.1
Update 80/288, T 165888, FPS 131, 50-training-episode: mean/median 17.5/-0.8, min/max -2.6/103.1
Update 81/288, T 167936, FPS 131, 50-training-episode: mean/median 23.6/-0.9, min/max -3.0/103.1
Update 82/288, T 169984, FPS 131, 50-training-episode: mean/median 19.5/-1.0, min/max -3.0/103.0
Update 83/288, T 172032, FPS 131, 50-training-episode: mean/median 21.5/-0.8, min/max -3.0/102.6
Update 84/288, T 174080, FPS 131, 50-training-episode: mean/median 23.6/-0.8, min/max -2.8/102.6
Update 85/288, T 176128, FPS 132, 50-training-episode: mean/median 25.7/-0.8, min/max -2.8/102.6
Update 86/288, T 178176, FPS 132, 50-training-episode: mean/median 25.9/-0.8, min/max -2.8/102.9
Update 87/288, T 180224, FPS 132, 50-training-episode: mean/median 21.6/-0.9, min/max -2.8/102.9
Update 88/288, T 182272, FPS 132, 50-training-episode: mean/median 27.6/-0.8, min/max -2.8/102.8
Update 89/288, T 184320, FPS 132, 50-training-episode: mean/median 36.0/-0.7, min/max -2.8/103.2
Update 90/288, T 186368, FPS 132, 50-training-episode: mean/median 36.0/-0.6, min/max -2.8/103.2
Update 91/288, T 188416, FPS 132, 50-training-episode: mean/median 27.6/-0.9, min/max -3.6/103.0
Update 92/288, T 190464, FPS 132, 50-training-episode: mean/median 27.6/-0.9, min/max -2.7/102.7
Update 93/288, T 192512, FPS 132, 50-training-episode: mean/median 33.9/-0.8, min/max -2.8/103.1
Update 94/288, T 194560, FPS 133, 50-training-episode: mean/median 40.1/-0.7, min/max -2.8/103.1
Update 95/288, T 196608, FPS 133, 50-training-episode: mean/median 40.2/-0.5, min/max -2.8/103.1
Update 96/288, T 198656, FPS 133, 50-training-episode: mean/median 40.2/-0.5, min/max -2.7/103.1
Update 97/288, T 200704, FPS 133, 50-training-episode: mean/median 29.8/-0.7, min/max -2.8/102.9
Update 98/288, T 202752, FPS 133, 50-training-episode: mean/median 31.7/-0.8, min/max -2.8/102.9
Update 99/288, T 204800, FPS 133, 50-training-episode: mean/median 21.5/-1.0, min/max -2.8/103.0
Saved ./trained_models/ExptWalking20250805/plume_walk-v11_20250805_VRNN_constantx5b5noisy3x5b5_stepoobmetabolic_bx2.22_t590000100000_q0.40.5_dmx0.80.8_dmn0.70.4_h64_wd0.00012_n1_walking_seed328463.pt
Update 100/288, T 206848, FPS 134, 50-training-episode: mean/median 23.6/-1.0, min/max -2.8/103.0
Update 101/288, T 208896, FPS 134, 50-training-episode: mean/median 25.6/-1.0, min/max -2.8/103.1
Update 102/288, T 210944, FPS 134, 50-training-episode: mean/median 29.7/-0.7, min/max -2.7/103.2
Update 103/288, T 212992, FPS 134, 50-training-episode: mean/median 33.8/-0.7, min/max -2.8/103.3
Update 104/288, T 215040, FPS 134, 50-training-episode: mean/median 34.0/-0.6, min/max -2.8/103.3
Update 105/288, T 217088, FPS 134, 50-training-episode: mean/median 32.0/-0.6, min/max -2.7/103.0
Update 106/288, T 219136, FPS 134, 50-training-episode: mean/median 31.9/-0.7, min/max -2.8/103.0
Update 107/288, T 221184, FPS 134, 50-training-episode: mean/median 29.8/-0.8, min/max -2.8/103.0
Update 108/288, T 223232, FPS 134, 50-training-episode: mean/median 27.9/-0.7, min/max -2.8/103.0
Update 109/288, T 225280, FPS 134, 50-training-episode: mean/median 19.6/-0.7, min/max -2.9/103.0
Update 110/288, T 227328, FPS 134, 50-training-episode: mean/median 13.3/-1.1, min/max -2.9/103.0
Update 111/288, T 229376, FPS 134, 50-training-episode: mean/median 17.4/-0.9, min/max -2.9/102.8
Update 112/288, T 231424, FPS 134, 50-training-episode: mean/median 21.6/-0.8, min/max -2.7/102.9
Update 113/288, T 233472, FPS 134, 50-training-episode: mean/median 21.8/-0.7, min/max -2.8/103.1
Update 114/288, T 235520, FPS 135, 50-training-episode: mean/median 24.0/-0.6, min/max -2.8/103.1
Update 115/288, T 237568, FPS 135, 50-training-episode: mean/median 25.9/-0.7, min/max -2.2/102.7
Update 116/288, T 239616, FPS 135, 50-training-episode: mean/median 30.0/-0.7, min/max -2.2/103.2
Update 117/288, T 241664, FPS 135, 50-training-episode: mean/median 21.7/-0.9, min/max -2.6/103.2
Update 118/288, T 243712, FPS 135, 50-training-episode: mean/median 17.6/-0.8, min/max -2.7/102.9
Update 119/288, T 245760, FPS 135, 50-training-episode: mean/median 19.6/-0.7, min/max -2.7/102.5
Update 120/288, T 247808, FPS 135, 50-training-episode: mean/median 21.6/-0.7, min/max -2.9/102.5
Update 121/288, T 249856, FPS 135, 50-training-episode: mean/median 25.8/-0.7, min/max -2.9/103.1
Update 122/288, T 251904, FPS 135, 50-training-episode: mean/median 9.1/-1.1, min/max -2.7/102.4
Update 123/288, T 253952, FPS 135, 50-training-episode: mean/median 21.5/-1.0, min/max -2.8/102.9
Update 124/288, T 256000, FPS 135, 50-training-episode: mean/median 33.9/-0.7, min/max -2.8/102.9
Update 125/288, T 258048, FPS 136, 50-training-episode: mean/median 33.8/-0.7, min/max -2.8/102.7
Update 126/288, T 260096, FPS 136, 50-training-episode: mean/median 27.7/-0.8, min/max -2.7/102.7
Update 127/288, T 262144, FPS 136, 50-training-episode: mean/median 27.7/-0.8, min/max -2.2/103.3
Update 128/288, T 264192, FPS 136, 50-training-episode: mean/median 33.8/-0.9, min/max -2.8/103.3
Update 129/288, T 266240, FPS 136, 50-training-episode: mean/median 31.8/-0.8, min/max -2.8/103.0
Update 130/288, T 268288, FPS 136, 50-training-episode: mean/median 35.9/-0.7, min/max -2.5/102.9
Update 131/288, T 270336, FPS 136, 50-training-episode: mean/median 35.8/-0.7, min/max -2.7/102.9
Update 132/288, T 272384, FPS 136, 50-training-episode: mean/median 31.7/-0.8, min/max -2.8/103.2
Update 133/288, T 274432, FPS 136, 50-training-episode: mean/median 27.6/-0.8, min/max -2.8/103.2
Update 134/288, T 276480, FPS 136, 50-training-episode: mean/median 33.8/-0.7, min/max -2.8/103.1
Update 135/288, T 278528, FPS 136, 50-training-episode: mean/median 35.9/-0.8, min/max -2.8/102.9
Update 136/288, T 280576, FPS 136, 50-training-episode: mean/median 35.9/-0.8, min/max -2.8/103.0
Update 137/288, T 282624, FPS 136, 50-training-episode: mean/median 40.1/-0.8, min/max -2.8/103.0
Update 138/288, T 284672, FPS 137, 50-training-episode: mean/median 35.8/-0.9, min/max -2.8/102.8
Update 139/288, T 286720, FPS 137, 50-training-episode: mean/median 25.4/-1.0, min/max -2.8/102.5
Update 140/288, T 288768, FPS 137, 50-training-episode: mean/median 21.5/-0.9, min/max -2.6/102.6
Update 141/288, T 290816, FPS 137, 50-training-episode: mean/median 31.8/-0.7, min/max -2.6/102.9
Update 142/288, T 292864, FPS 137, 50-training-episode: mean/median 42.1/-0.5, min/max -2.8/102.9
Update 143/288, T 294912, FPS 137, 50-training-episode: mean/median 50.4/50.9, min/max -2.8/103.0
Update 144/288, T 296960, FPS 137, 50-training-episode: mean/median 40.1/-0.5, min/max -2.8/103.0
Update 145/288, T 299008, FPS 137, 50-training-episode: mean/median 31.8/-0.8, min/max -2.8/102.9
Update 146/288, T 301056, FPS 137, 50-training-episode: mean/median 27.7/-0.8, min/max -2.8/102.9
Update 147/288, T 303104, FPS 137, 50-training-episode: mean/median 33.9/-0.7, min/max -2.8/102.9
Update 148/288, T 305152, FPS 137, 50-training-episode: mean/median 34.0/-0.6, min/max -2.3/102.8
Update 149/288, T 307200, FPS 137, 50-training-episode: mean/median 29.8/-0.6, min/max -2.8/102.9
Update 150/288, T 309248, FPS 137, 50-training-episode: mean/median 31.8/-0.7, min/max -2.8/102.9
Update 151/288, T 311296, FPS 137, 50-training-episode: mean/median 33.9/-0.6, min/max -2.8/102.9
Update 152/288, T 313344, FPS 137, 50-training-episode: mean/median 36.0/-0.7, min/max -2.5/102.9
Update 153/288, T 315392, FPS 137, 50-training-episode: mean/median 31.8/-0.8, min/max -2.9/103.0
Update 154/288, T 317440, FPS 137, 50-training-episode: mean/median 29.6/-1.0, min/max -2.9/103.0
Update 155/288, T 319488, FPS 137, 50-training-episode: mean/median 33.6/-1.1, min/max -2.8/102.9
Update 156/288, T 321536, FPS 137, 50-training-episode: mean/median 33.6/-0.9, min/max -2.8/102.9
Update 157/288, T 323584, FPS 137, 50-training-episode: mean/median 33.6/-0.9, min/max -2.8/102.7
Update 158/288, T 325632, FPS 137, 50-training-episode: mean/median 33.7/-0.8, min/max -2.8/103.0
Update 159/288, T 327680, FPS 137, 50-training-episode: mean/median 35.8/-0.7, min/max -2.8/103.0
Update 160/288, T 329728, FPS 137, 50-training-episode: mean/median 31.7/-0.8, min/max -2.7/102.9
Update 161/288, T 331776, FPS 137, 50-training-episode: mean/median 31.7/-1.0, min/max -2.7/102.9
Update 162/288, T 333824, FPS 137, 50-training-episode: mean/median 38.0/-0.9, min/max -2.8/102.7
Update 163/288, T 335872, FPS 137, 50-training-episode: mean/median 33.8/-0.9, min/max -2.8/102.7
Update 164/288, T 337920, FPS 137, 50-training-episode: mean/median 35.8/-0.8, min/max -2.8/102.7
Update 165/288, T 339968, FPS 137, 50-training-episode: mean/median 35.8/-0.8, min/max -2.8/102.8
Update 166/288, T 342016, FPS 137, 50-training-episode: mean/median 31.7/-0.8, min/max -2.9/102.8
Update 167/288, T 344064, FPS 137, 50-training-episode: mean/median 37.8/-0.6, min/max -2.9/102.8
Update 168/288, T 346112, FPS 137, 50-training-episode: mean/median 37.8/-0.7, min/max -2.9/102.8
Update 169/288, T 348160, FPS 137, 50-training-episode: mean/median 31.8/-0.8, min/max -2.9/102.8
Update 170/288, T 350208, FPS 137, 50-training-episode: mean/median 33.9/-0.8, min/max -2.8/102.8
Update 171/288, T 352256, FPS 137, 50-training-episode: mean/median 27.7/-0.8, min/max -2.9/102.9
Update 172/288, T 354304, FPS 137, 50-training-episode: mean/median 23.5/-0.8, min/max -2.9/102.9
Update 173/288, T 356352, FPS 137, 50-training-episode: mean/median 29.5/-1.1, min/max -2.8/103.0
Update 174/288, T 358400, FPS 137, 50-training-episode: mean/median 37.8/-0.9, min/max -2.8/103.0
Update 175/288, T 360448, FPS 137, 50-training-episode: mean/median 31.7/-1.0, min/max -2.8/103.0
Update 176/288, T 362496, FPS 137, 50-training-episode: mean/median 42.2/-0.1, min/max -2.8/103.0
Update 177/288, T 364544, FPS 137, 50-training-episode: mean/median 46.3/0.5, min/max -2.8/103.0
Update 178/288, T 366592, FPS 137, 50-training-episode: mean/median 46.3/0.5, min/max -2.8/102.8
Update 179/288, T 368640, FPS 137, 50-training-episode: mean/median 38.1/-0.7, min/max -2.8/103.0
Update 180/288, T 370688, FPS 137, 50-training-episode: mean/median 27.7/-0.9, min/max -2.8/103.0
Update 181/288, T 372736, FPS 137, 50-training-episode: mean/median 42.2/-0.5, min/max -2.8/103.0
Update 182/288, T 374784, FPS 137, 50-training-episode: mean/median 50.4/50.4, min/max -2.8/103.0
Update 183/288, T 376832, FPS 137, 50-training-episode: mean/median 44.0/-0.7, min/max -2.8/102.9
Update 184/288, T 378880, FPS 137, 50-training-episode: mean/median 29.7/-0.9, min/max -2.8/102.9
Update 185/288, T 380928, FPS 137, 50-training-episode: mean/median 35.7/-0.8, min/max -2.8/103.0
Update 186/288, T 382976, FPS 137, 50-training-episode: mean/median 31.7/-0.8, min/max -2.9/103.0
Update 187/288, T 385024, FPS 137, 50-training-episode: mean/median 29.7/-0.8, min/max -2.9/102.9
Update 188/288, T 387072, FPS 137, 50-training-episode: mean/median 31.7/-0.7, min/max -2.9/102.7
Update 189/288, T 389120, FPS 137, 50-training-episode: mean/median 37.9/-0.8, min/max -2.7/102.7
Update 190/288, T 391168, FPS 137, 50-training-episode: mean/median 42.0/-0.7, min/max -2.8/102.6
Update 191/288, T 393216, FPS 137, 50-training-episode: mean/median 46.2/-0.6, min/max -3.0/102.9
Update 192/288, T 395264, FPS 137, 50-training-episode: mean/median 41.9/-0.7, min/max -3.0/102.9
Update 193/288, T 397312, FPS 137, 50-training-episode: mean/median 44.0/-0.7, min/max -3.0/102.9
Update 194/288, T 399360, FPS 137, 50-training-episode: mean/median 40.0/-0.7, min/max -2.7/102.8
Update 195/288, T 401408, FPS 137, 50-training-episode: mean/median 33.8/-0.8, min/max -2.8/103.0
Update 196/288, T 403456, FPS 137, 50-training-episode: mean/median 27.5/-1.1, min/max -2.8/103.0
Update 197/288, T 405504, FPS 137, 50-training-episode: mean/median 35.7/-1.1, min/max -2.8/103.0
Update 198/288, T 407552, FPS 137, 50-training-episode: mean/median 33.6/-1.0, min/max -2.8/102.9
Update 199/288, T 409600, FPS 137, 50-training-episode: mean/median 29.7/-0.9, min/max -2.8/102.8
Saved ./trained_models/ExptWalking20250805/plume_walk-v11_20250805_VRNN_constantx5b5noisy3x5b5_stepoobmetabolic_bx2.22_t590000100000_q0.40.5_dmx0.80.8_dmn0.70.4_h64_wd0.00012_n1_walking_seed328463.pt
Update 200/288, T 411648, FPS 137, 50-training-episode: mean/median 31.9/-0.8, min/max -2.8/102.7
Update 201/288, T 413696, FPS 137, 50-training-episode: mean/median 38.0/-0.6, min/max -2.8/102.8
Update 202/288, T 415744, FPS 137, 50-training-episode: mean/median 35.9/-0.7, min/max -2.8/102.8
Update 203/288, T 417792, FPS 137, 50-training-episode: mean/median 31.7/-0.9, min/max -2.8/102.6
Update 204/288, T 419840, FPS 137, 50-training-episode: mean/median 31.8/-0.7, min/max -2.2/102.8
Update 205/288, T 421888, FPS 137, 50-training-episode: mean/median 36.0/-0.6, min/max -2.2/102.9
Update 206/288, T 423936, FPS 137, 50-training-episode: mean/median 40.0/-0.6, min/max -2.8/102.9
Update 207/288, T 425984, FPS 137, 50-training-episode: mean/median 31.5/-0.9, min/max -2.8/102.9
Update 208/288, T 428032, FPS 137, 50-training-episode: mean/median 33.6/-0.8, min/max -2.8/102.9
Update 209/288, T 430080, FPS 137, 50-training-episode: mean/median 35.8/-0.7, min/max -2.8/102.9
Update 210/288, T 432128, FPS 137, 50-training-episode: mean/median 25.7/-0.8, min/max -2.7/102.6
Update 211/288, T 434176, FPS 137, 50-training-episode: mean/median 25.7/-0.8, min/max -2.6/102.6
Update 212/288, T 436224, FPS 137, 50-training-episode: mean/median 25.6/-0.8, min/max -2.7/102.8
Update 213/288, T 438272, FPS 137, 50-training-episode: mean/median 27.6/-0.8, min/max -2.8/102.8
Update 214/288, T 440320, FPS 138, 50-training-episode: mean/median 31.7/-0.8, min/max -2.8/102.5
Update 215/288, T 442368, FPS 138, 50-training-episode: mean/median 25.5/-0.8, min/max -2.8/103.0
Update 216/288, T 444416, FPS 138, 50-training-episode: mean/median 27.7/-0.8, min/max -2.8/103.0
Update 217/288, T 446464, FPS 138, 50-training-episode: mean/median 19.3/-0.9, min/max -2.8/102.5
Update 218/288, T 448512, FPS 138, 50-training-episode: mean/median 27.5/-0.9, min/max -2.9/102.3
Update 219/288, T 450560, FPS 138, 50-training-episode: mean/median 29.6/-0.8, min/max -2.9/102.3
Update 220/288, T 452608, FPS 138, 50-training-episode: mean/median 29.7/-0.8, min/max -2.9/102.4
Update 221/288, T 454656, FPS 138, 50-training-episode: mean/median 31.7/-0.8, min/max -2.7/102.4
Update 222/288, T 456704, FPS 138, 50-training-episode: mean/median 35.9/-0.8, min/max -1.8/102.4
Update 223/288, T 458752, FPS 138, 50-training-episode: mean/median 38.0/-0.6, min/max -2.8/102.7
Update 224/288, T 460800, FPS 138, 50-training-episode: mean/median 40.0/-0.5, min/max -2.8/102.7
Update 225/288, T 462848, FPS 138, 50-training-episode: mean/median 41.9/-0.5, min/max -2.8/102.6
Update 226/288, T 464896, FPS 138, 50-training-episode: mean/median 27.7/-0.6, min/max -2.8/102.6
Update 227/288, T 466944, FPS 138, 50-training-episode: mean/median 11.2/-0.9, min/max -2.8/102.3
Update 228/288, T 468992, FPS 138, 50-training-episode: mean/median 23.4/-0.9, min/max -2.8/102.4
Update 229/288, T 471040, FPS 138, 50-training-episode: mean/median 33.7/-0.7, min/max -2.9/102.4
Update 230/288, T 473088, FPS 138, 50-training-episode: mean/median 27.5/-0.8, min/max -2.9/102.4
Update 231/288, T 475136, FPS 138, 50-training-episode: mean/median 17.2/-0.9, min/max -2.9/102.4
Update 232/288, T 477184, FPS 138, 50-training-episode: mean/median 23.4/-0.9, min/max -2.9/102.4
Update 233/288, T 479232, FPS 138, 50-training-episode: mean/median 31.6/-0.8, min/max -2.9/102.8
Update 234/288, T 481280, FPS 138, 50-training-episode: mean/median 21.5/-0.8, min/max -2.3/102.8
Update 235/288, T 483328, FPS 139, 50-training-episode: mean/median 23.7/-0.7, min/max -2.0/102.8
Update 236/288, T 485376, FPS 139, 50-training-episode: mean/median 31.9/-0.6, min/max -2.2/102.8
Update 237/288, T 487424, FPS 139, 50-training-episode: mean/median 31.7/-0.8, min/max -2.8/102.7
Update 238/288, T 489472, FPS 139, 50-training-episode: mean/median 27.5/-0.9, min/max -2.8/102.7
Update 239/288, T 491520, FPS 139, 50-training-episode: mean/median 21.4/-1.0, min/max -2.8/102.8
Update 240/288, T 493568, FPS 139, 50-training-episode: mean/median 23.4/-0.8, min/max -2.8/102.8
Update 241/288, T 495616, FPS 139, 50-training-episode: mean/median 25.4/-0.8, min/max -2.8/101.7
Update 242/288, T 497664, FPS 139, 50-training-episode: mean/median 27.4/-0.7, min/max -2.8/101.9
Update 243/288, T 499712, FPS 139, 50-training-episode: mean/median 23.4/-0.8, min/max -2.8/101.9
Update 244/288, T 501760, FPS 139, 50-training-episode: mean/median 29.6/-0.8, min/max -2.7/102.4
Update 245/288, T 503808, FPS 139, 50-training-episode: mean/median 25.4/-0.9, min/max -2.8/102.4
Update 246/288, T 505856, FPS 139, 50-training-episode: mean/median 15.2/-0.9, min/max -2.8/102.2
Update 247/288, T 507904, FPS 139, 50-training-episode: mean/median 15.3/-0.8, min/max -2.8/102.2
Update 248/288, T 509952, FPS 139, 50-training-episode: mean/median 13.2/-0.8, min/max -2.7/102.0
Update 249/288, T 512000, FPS 139, 50-training-episode: mean/median 15.3/-0.8, min/max -2.8/101.8
Update 250/288, T 514048, FPS 139, 50-training-episode: mean/median 9.2/-0.9, min/max -2.8/102.0
Update 251/288, T 516096, FPS 139, 50-training-episode: mean/median 7.1/-1.0, min/max -2.6/102.0
Update 252/288, T 518144, FPS 139, 50-training-episode: mean/median 9.1/-0.9, min/max -2.8/101.3
Update 253/288, T 520192, FPS 139, 50-training-episode: mean/median 7.1/-0.9, min/max -2.8/101.1
Update 254/288, T 522240, FPS 139, 50-training-episode: mean/median 7.2/-0.8, min/max -2.8/101.1
Update 255/288, T 524288, FPS 139, 50-training-episode: mean/median 5.2/-0.8, min/max -2.8/101.1
Update 256/288, T 526336, FPS 139, 50-training-episode: mean/median 3.1/-1.0, min/max -3.0/101.5
Update 257/288, T 528384, FPS 139, 50-training-episode: mean/median 0.8/-1.1, min/max -3.0/101.5
Update 258/288, T 530432, FPS 139, 50-training-episode: mean/median 0.9/-1.0, min/max -2.9/101.2
Update 259/288, T 532480, FPS 139, 50-training-episode: mean/median 0.9/-1.0, min/max -2.9/101.0
Update 260/288, T 534528, FPS 139, 50-training-episode: mean/median 1.0/-0.9, min/max -2.9/101.0
Update 261/288, T 536576, FPS 139, 50-training-episode: mean/median 1.2/-0.9, min/max -2.8/101.0
Update 262/288, T 538624, FPS 139, 50-training-episode: mean/median 3.1/-0.7, min/max -2.8/101.2
Update 263/288, T 540672, FPS 139, 50-training-episode: mean/median 2.9/-1.0, min/max -2.8/101.2
Update 264/288, T 542720, FPS 139, 50-training-episode: mean/median -1.2/-1.2, min/max -2.7/0.4
Update 265/288, T 544768, FPS 139, 50-training-episode: mean/median 5.0/-0.9, min/max -2.8/101.0
Update 266/288, T 546816, FPS 139, 50-training-episode: mean/median 7.2/-0.8, min/max -2.8/101.0
Update 267/288, T 548864, FPS 139, 50-training-episode: mean/median 5.2/-0.8, min/max -2.8/101.0
Update 268/288, T 550912, FPS 139, 50-training-episode: mean/median 3.1/-0.9, min/max -2.8/101.0
Update 269/288, T 552960, FPS 139, 50-training-episode: mean/median 2.8/-1.1, min/max -2.9/101.0
Update 270/288, T 555008, FPS 139, 50-training-episode: mean/median 9.1/-1.0, min/max -2.9/101.5
Update 271/288, T 557056, FPS 139, 50-training-episode: mean/median -1.0/-0.8, min/max -2.8/0.2
Update 272/288, T 559104, FPS 140, 50-training-episode: mean/median 0.9/-0.9, min/max -2.8/101.0
Update 273/288, T 561152, FPS 140, 50-training-episode: mean/median 4.9/-1.1, min/max -2.9/101.0
Update 274/288, T 563200, FPS 139, 50-training-episode: mean/median 5.0/-0.9, min/max -2.8/101.1
Update 275/288, T 565248, FPS 140, 50-training-episode: mean/median -1.0/-0.9, min/max -2.8/-0.1
Update 276/288, T 567296, FPS 139, 50-training-episode: mean/median -1.0/-0.8, min/max -2.9/0.4
Update 277/288, T 569344, FPS 140, 50-training-episode: mean/median -1.0/-0.8, min/max -2.9/0.4
Update 278/288, T 571392, FPS 140, 50-training-episode: mean/median 0.9/-1.0, min/max -2.9/101.0
Update 279/288, T 573440, FPS 140, 50-training-episode: mean/median -1.1/-0.9, min/max -2.8/0.0
Update 280/288, T 575488, FPS 140, 50-training-episode: mean/median -1.1/-1.0, min/max -2.8/0.1
Update 281/288, T 577536, FPS 140, 50-training-episode: mean/median -1.1/-1.0, min/max -2.7/0.1
Update 282/288, T 579584, FPS 140, 50-training-episode: mean/median 2.8/-1.2, min/max -2.8/100.8
Update 283/288, T 581632, FPS 140, 50-training-episode: mean/median -1.3/-1.2, min/max -2.9/0.3
Update 284/288, T 583680, FPS 140, 50-training-episode: mean/median 3.0/-1.0, min/max -2.9/101.0
Update 285/288, T 585728, FPS 140, 50-training-episode: mean/median 2.9/-1.0, min/max -2.8/101.0
Update 286/288, T 587776, FPS 140, 50-training-episode: mean/median 0.9/-1.1, min/max -2.8/101.0
Saved ./trained_models/ExptWalking20250805/plume_walk-v11_20250805_VRNN_constantx5b5noisy3x5b5_stepoobmetabolic_bx2.22_t590000100000_q0.40.5_dmx0.80.8_dmn0.70.4_h64_wd0.00012_n1_walking_seed328463.pt
Update 287/288, T 589824, FPS 140, 50-training-episode: mean/median -1.1/-0.9, min/max -2.7/-0.2
Stage: 1/2 - noisy3x5b5 b2.0 q0.5 n100000
Using Precomputed Plume...
PlumeEnvironment: {'self': <plume_env.PlumeEnvironment object at 0x17fc2aee0>, 't_val_min': 10.0, 'sim_steps_max': 2500, 'reset_offset_tmax': 30, 'dataset': 'noisy3x5b5', 'move_capacity': 2.0, 'turn_capacity': 19.634954084936208, 'wind_obsx': 1.0, 'movex': 1.0, 'turnx': 1.0, 'birthx': 2.0, 'birthx_max': 1.0, 'env_dt': 0.04, 'loc_algo': 'uniform', 'qvar': 0.5, 'time_algo': 'uniform', 'angle_algo': 'uniform', 'homed_radius': 0.2, 'stray_max': 2.0, 'wind_rel': True, 'auto_movex': False, 'auto_reward': False, 'diff_max': 0.8, 'diff_min': 0.4, 'r_shaping': ['step', 'oob', 'metabolic'], 'rewardx': 1.0, 'rescale': False, 'squash_action': True, 'walking': True, 'walk_move': 0.05, 'walk_turn': 3.14159, 'radiusx': 1.0, 'diffusion_min': 1.0, 'diffusion_max': 1.0, 'action_feedback': False, 'flipping': True, 'odor_scaling': True, 'obs_noise': 0.0, 'act_noise': 0.0, 'dynamic': False, 'seed': 3284, 'verbose': 0, '__class__': <class 'plume_env.PlumeEnvironment'>}
Squashing actions to 0-1
noisy3x5b5
wind: t_val_diff 0.03999999999999915 env_dt 0.04
puffs: t_val_diff 0.03999999999999915 env_dt 0.04
Reward Shaping ['step', 'oob', 'metabolic']
Saved ./trained_models/ExptWalking20250805/plume_walk-v11_20250805_VRNN_constantx5b5noisy3x5b5_stepoobmetabolic_bx2.22_t590000100000_q0.40.5_dmx0.80.8_dmn0.70.4_h64_wd0.00012_n1_walking_seed328463.pt
Update 0/48, T 2048, FPS 80, 50-training-episode: mean/median 0.7/-1.3, min/max -3.0/101.0
Update 1/48, T 4096, FPS 85, 50-training-episode: mean/median 4.6/-1.3, min/max -3.1/101.0
Update 2/48, T 6144, FPS 83, 50-training-episode: mean/median -1.4/-1.3, min/max -3.1/-0.3
Update 3/48, T 8192, FPS 82, 50-training-episode: mean/median 2.6/-1.2, min/max -3.1/101.0
Update 4/48, T 10240, FPS 82, 50-training-episode: mean/median 0.6/-1.1, min/max -3.0/100.8
Update 5/48, T 12288, FPS 82, 50-training-episode: mean/median 0.6/-1.4, min/max -2.8/101.1
Update 6/48, T 14336, FPS 83, 50-training-episode: mean/median 0.5/-1.5, min/max -2.8/101.0
Update 7/48, T 16384, FPS 82, 50-training-episode: mean/median 0.5/-1.5, min/max -2.8/101.0
Update 8/48, T 18432, FPS 82, 50-training-episode: mean/median 0.5/-1.6, min/max -2.8/100.7
Update 9/48, T 20480, FPS 83, 50-training-episode: mean/median 2.6/-1.2, min/max -3.0/101.0
Update 10/48, T 22528, FPS 84, 50-training-episode: mean/median -1.6/-1.5, min/max -3.1/-0.4
Update 11/48, T 24576, FPS 84, 50-training-episode: mean/median 6.7/-1.3, min/max -2.9/101.0
Update 12/48, T 26624, FPS 85, 50-training-episode: mean/median 4.7/-1.3, min/max -2.9/101.1
Update 13/48, T 28672, FPS 85, 50-training-episode: mean/median 2.5/-1.6, min/max -3.0/101.0
Update 14/48, T 30720, FPS 86, 50-training-episode: mean/median 2.5/-1.6, min/max -3.2/101.0
Update 15/48, T 32768, FPS 86, 50-training-episode: mean/median 2.7/-1.2, min/max -2.9/101.0
Update 16/48, T 34816, FPS 86, 50-training-episode: mean/median 0.5/-1.5, min/max -3.0/101.0
Update 17/48, T 36864, FPS 86, 50-training-episode: mean/median 0.7/-1.3, min/max -3.1/101.0
Update 18/48, T 38912, FPS 85, 50-training-episode: mean/median 8.8/-1.3, min/max -2.9/101.0
Update 19/48, T 40960, FPS 85, 50-training-episode: mean/median 2.7/-1.2, min/max -3.0/101.2
Update 20/48, T 43008, FPS 85, 50-training-episode: mean/median 2.6/-1.3, min/max -3.0/101.0
Update 21/48, T 45056, FPS 85, 50-training-episode: mean/median 0.5/-1.4, min/max -3.1/101.0
Update 22/48, T 47104, FPS 84, 50-training-episode: mean/median 0.5/-1.5, min/max -2.9/100.9
Update 23/48, T 49152, FPS 85, 50-training-episode: mean/median 0.6/-1.5, min/max -2.7/101.0
Update 24/48, T 51200, FPS 84, 50-training-episode: mean/median 2.6/-1.5, min/max -3.0/101.0
Update 25/48, T 53248, FPS 84, 50-training-episode: mean/median 0.5/-1.4, min/max -3.0/101.0
Update 26/48, T 55296, FPS 84, 50-training-episode: mean/median 2.4/-1.5, min/max -3.0/101.0
Update 27/48, T 57344, FPS 84, 50-training-episode: mean/median 0.6/-1.2, min/max -3.0/101.0
Update 28/48, T 59392, FPS 84, 50-training-episode: mean/median 2.5/-1.5, min/max -3.0/101.0
Update 29/48, T 61440, FPS 84, 50-training-episode: mean/median 8.8/-1.2, min/max -3.0/101.0
Update 30/48, T 63488, FPS 84, 50-training-episode: mean/median 2.7/-1.1, min/max -2.8/101.0
Update 31/48, T 65536, FPS 84, 50-training-episode: mean/median 0.7/-1.1, min/max -2.8/101.2
Update 32/48, T 67584, FPS 84, 50-training-episode: mean/median 0.6/-1.3, min/max -2.9/101.1
Update 33/48, T 69632, FPS 84, 50-training-episode: mean/median 0.7/-1.2, min/max -2.9/100.9
Update 34/48, T 71680, FPS 84, 50-training-episode: mean/median 6.7/-1.1, min/max -2.9/101.1
Update 35/48, T 73728, FPS 84, 50-training-episode: mean/median 0.4/-1.7, min/max -2.9/101.0
Update 36/48, T 75776, FPS 84, 50-training-episode: mean/median 0.7/-1.3, min/max -2.7/101.0
Update 37/48, T 77824, FPS 85, 50-training-episode: mean/median 4.6/-1.3, min/max -3.0/101.1
Update 38/48, T 79872, FPS 85, 50-training-episode: mean/median 2.6/-1.4, min/max -2.8/101.1
Update 39/48, T 81920, FPS 85, 50-training-episode: mean/median 0.6/-1.5, min/max -2.8/101.1
Update 40/48, T 83968, FPS 85, 50-training-episode: mean/median 6.8/-1.2, min/max -2.7/101.1
Update 41/48, T 86016, FPS 85, 50-training-episode: mean/median 0.7/-1.3, min/max -3.1/101.2
Update 42/48, T 88064, FPS 85, 50-training-episode: mean/median -1.4/-1.2, min/max -3.0/-0.4
Update 43/48, T 90112, FPS 85, 50-training-episode: mean/median 0.7/-1.2, min/max -2.7/101.1
Update 44/48, T 92160, FPS 85, 50-training-episode: mean/median 2.6/-1.3, min/max -2.9/101.0
Update 45/48, T 94208, FPS 84, 50-training-episode: mean/median -1.7/-1.6, min/max -3.2/-0.4
Update 46/48, T 96256, FPS 85, 50-training-episode: mean/median 2.6/-1.2, min/max -3.0/101.2
Saved ./trained_models/ExptWalking20250805/plume_walk-v11_20250805_VRNN_constantx5b5noisy3x5b5_stepoobmetabolic_bx2.22_t590000100000_q0.40.5_dmx0.80.8_dmn0.70.4_h64_wd0.00012_n1_walking_seed328463.pt
Update 47/48, T 98304, FPS 85, 50-training-episode: mean/median 0.5/-1.4, min/max -2.9/101.0
Saved ./trained_models/ExptWalking20250805//plume_walk-v11_20250805_VRNN_constantx5b5noisy3x5b5_stepoobmetabolic_bx2.22_t590000100000_q0.40.5_dmx0.80.8_dmn0.70.4_h64_wd0.00012_n1_walking_seed328463.pt
Starting evaluation
Evaluating on dataset: switch15x5b5
Using Precomputed Plume...
PlumeEnvironment: {'self': <plume_env.PlumeEnvironment object at 0x16012bc40>, 't_val_min': 10.0, 'sim_steps_max': 2500, 'reset_offset_tmax': 30, 'dataset': 'switch15x5b5', 'move_capacity': 2.0, 'turn_capacity': 19.634954084936208, 'wind_obsx': 1.0, 'movex': 1.0, 'turnx': 1.0, 'birthx': 1.0, 'birthx_max': 1.0, 'env_dt': 0.04, 'loc_algo': 'uniform', 'qvar': 0.0, 'time_algo': 'uniform', 'angle_algo': 'uniform', 'homed_radius': 0.2, 'stray_max': 2.0, 'wind_rel': True, 'auto_movex': False, 'auto_reward': False, 'diff_max': 0.8, 'diff_min': 0.4, 'r_shaping': ['step', 'oob', 'metabolic'], 'rewardx': 1.0, 'rescale': False, 'squash_action': True, 'walking': True, 'walk_move': 0.05, 'walk_turn': 3.14159, 'radiusx': 1.0, 'diffusion_min': 1.0, 'diffusion_max': 1.0, 'action_feedback': False, 'flipping': False, 'odor_scaling': True, 'obs_noise': 0.0, 'act_noise': 0.0, 'dynamic': False, 'seed': 3284, 'verbose': 0, '__class__': <class 'plume_env.PlumeEnvironment'>}
Squashing actions to 0-1
switch15x5b5
Exception: [Errno 2] No such file or directory: '/Users/aaravsinha/plume/plumedata//puff_data_switch15x5b5.pickle'
Traceback (most recent call last):
  File "/Users/aaravsinha/manyplume/oneplume/ppo/evalCli.py", line 271, in eval_loop
    env = make_vec_envs(
  File "/Users/aaravsinha/manyplume/oneplume/ppo/a2c_ppo_acktr/envs.py", line 132, in make_vec_envs
    envs = DummyVecEnv(envs)
  File "/opt/anaconda3/envs/py39/lib/python3.9/site-packages/stable_baselines3/common/vec_env/dummy_vec_env.py", line 26, in __init__
    self.envs = [fn() for fn in env_fns]
  File "/opt/anaconda3/envs/py39/lib/python3.9/site-packages/stable_baselines3/common/vec_env/dummy_vec_env.py", line 26, in <listcomp>
    self.envs = [fn() for fn in env_fns]
  File "/Users/aaravsinha/manyplume/oneplume/ppo/a2c_ppo_acktr/envs.py", line 34, in _thunk
    env = plume_env.PlumeEnvironment(
  File "/Users/aaravsinha/manyplume/oneplume/ppo/../plume_env.py", line 116, in __init__
    self.set_dataset(dataset)
  File "/Users/aaravsinha/manyplume/oneplume/ppo/../plume_env.py", line 206, in set_dataset
    self.data_puffs_all, self.data_wind_all = sim_analysis.load_plume(
  File "/Users/aaravsinha/manyplume/oneplume/ppo/../sim_analysis.py", line 173, in load_plume
    data_puffs = pandas.read_pickle(puff_filename)
  File "/opt/anaconda3/envs/py39/lib/python3.9/site-packages/pandas/io/pickle.py", line 185, in read_pickle
    with get_handle(
  File "/opt/anaconda3/envs/py39/lib/python3.9/site-packages/pandas/io/common.py", line 882, in get_handle
    handle = open(handle, ioargs.mode)
FileNotFoundError: [Errno 2] No such file or directory: '/Users/aaravsinha/plume/plumedata//puff_data_switch15x5b5.pickle'
Evaluating on dataset: switch30x5b5
Using Precomputed Plume...
PlumeEnvironment: {'self': <plume_env.PlumeEnvironment object at 0x16c0db130>, 't_val_min': 10.0, 'sim_steps_max': 2500, 'reset_offset_tmax': 30, 'dataset': 'switch30x5b5', 'move_capacity': 2.0, 'turn_capacity': 19.634954084936208, 'wind_obsx': 1.0, 'movex': 1.0, 'turnx': 1.0, 'birthx': 1.0, 'birthx_max': 1.0, 'env_dt': 0.04, 'loc_algo': 'uniform', 'qvar': 0.0, 'time_algo': 'uniform', 'angle_algo': 'uniform', 'homed_radius': 0.2, 'stray_max': 2.0, 'wind_rel': True, 'auto_movex': False, 'auto_reward': False, 'diff_max': 0.8, 'diff_min': 0.4, 'r_shaping': ['step', 'oob', 'metabolic'], 'rewardx': 1.0, 'rescale': False, 'squash_action': True, 'walking': True, 'walk_move': 0.05, 'walk_turn': 3.14159, 'radiusx': 1.0, 'diffusion_min': 1.0, 'diffusion_max': 1.0, 'action_feedback': False, 'flipping': False, 'odor_scaling': True, 'obs_noise': 0.0, 'act_noise': 0.0, 'dynamic': False, 'seed': 3284, 'verbose': 0, '__class__': <class 'plume_env.PlumeEnvironment'>}
Squashing actions to 0-1
switch30x5b5
Exception: [Errno 2] No such file or directory: '/Users/aaravsinha/plume/plumedata//puff_data_switch30x5b5.pickle'
Traceback (most recent call last):
  File "/Users/aaravsinha/manyplume/oneplume/ppo/evalCli.py", line 271, in eval_loop
    env = make_vec_envs(
  File "/Users/aaravsinha/manyplume/oneplume/ppo/a2c_ppo_acktr/envs.py", line 132, in make_vec_envs
    envs = DummyVecEnv(envs)
  File "/opt/anaconda3/envs/py39/lib/python3.9/site-packages/stable_baselines3/common/vec_env/dummy_vec_env.py", line 26, in __init__
    self.envs = [fn() for fn in env_fns]
  File "/opt/anaconda3/envs/py39/lib/python3.9/site-packages/stable_baselines3/common/vec_env/dummy_vec_env.py", line 26, in <listcomp>
    self.envs = [fn() for fn in env_fns]
  File "/Users/aaravsinha/manyplume/oneplume/ppo/a2c_ppo_acktr/envs.py", line 34, in _thunk
    env = plume_env.PlumeEnvironment(
  File "/Users/aaravsinha/manyplume/oneplume/ppo/../plume_env.py", line 116, in __init__
    self.set_dataset(dataset)
  File "/Users/aaravsinha/manyplume/oneplume/ppo/../plume_env.py", line 206, in set_dataset
    self.data_puffs_all, self.data_wind_all = sim_analysis.load_plume(
  File "/Users/aaravsinha/manyplume/oneplume/ppo/../sim_analysis.py", line 173, in load_plume
    data_puffs = pandas.read_pickle(puff_filename)
  File "/opt/anaconda3/envs/py39/lib/python3.9/site-packages/pandas/io/pickle.py", line 185, in read_pickle
    with get_handle(
  File "/opt/anaconda3/envs/py39/lib/python3.9/site-packages/pandas/io/common.py", line 882, in get_handle
    handle = open(handle, ioargs.mode)
FileNotFoundError: [Errno 2] No such file or directory: '/Users/aaravsinha/plume/plumedata//puff_data_switch30x5b5.pickle'
Evaluating on dataset: switch45x5b5
Using Precomputed Plume...
PlumeEnvironment: {'self': <plume_env.PlumeEnvironment object at 0x16c0db430>, 't_val_min': 10.0, 'sim_steps_max': 2500, 'reset_offset_tmax': 30, 'dataset': 'switch45x5b5', 'move_capacity': 2.0, 'turn_capacity': 19.634954084936208, 'wind_obsx': 1.0, 'movex': 1.0, 'turnx': 1.0, 'birthx': 1.0, 'birthx_max': 1.0, 'env_dt': 0.04, 'loc_algo': 'uniform', 'qvar': 0.0, 'time_algo': 'uniform', 'angle_algo': 'uniform', 'homed_radius': 0.2, 'stray_max': 2.0, 'wind_rel': True, 'auto_movex': False, 'auto_reward': False, 'diff_max': 0.8, 'diff_min': 0.4, 'r_shaping': ['step', 'oob', 'metabolic'], 'rewardx': 1.0, 'rescale': False, 'squash_action': True, 'walking': True, 'walk_move': 0.05, 'walk_turn': 3.14159, 'radiusx': 1.0, 'diffusion_min': 1.0, 'diffusion_max': 1.0, 'action_feedback': False, 'flipping': False, 'odor_scaling': True, 'obs_noise': 0.0, 'act_noise': 0.0, 'dynamic': False, 'seed': 3284, 'verbose': 0, '__class__': <class 'plume_env.PlumeEnvironment'>}
Squashing actions to 0-1
switch45x5b5
Exception: [Errno 2] No such file or directory: '/Users/aaravsinha/plume/plumedata//puff_data_switch45x5b5.pickle'
Traceback (most recent call last):
  File "/Users/aaravsinha/manyplume/oneplume/ppo/evalCli.py", line 271, in eval_loop
    env = make_vec_envs(
  File "/Users/aaravsinha/manyplume/oneplume/ppo/a2c_ppo_acktr/envs.py", line 132, in make_vec_envs
    envs = DummyVecEnv(envs)
  File "/opt/anaconda3/envs/py39/lib/python3.9/site-packages/stable_baselines3/common/vec_env/dummy_vec_env.py", line 26, in __init__
    self.envs = [fn() for fn in env_fns]
  File "/opt/anaconda3/envs/py39/lib/python3.9/site-packages/stable_baselines3/common/vec_env/dummy_vec_env.py", line 26, in <listcomp>
    self.envs = [fn() for fn in env_fns]
  File "/Users/aaravsinha/manyplume/oneplume/ppo/a2c_ppo_acktr/envs.py", line 34, in _thunk
    env = plume_env.PlumeEnvironment(
  File "/Users/aaravsinha/manyplume/oneplume/ppo/../plume_env.py", line 116, in __init__
    self.set_dataset(dataset)
  File "/Users/aaravsinha/manyplume/oneplume/ppo/../plume_env.py", line 206, in set_dataset
    self.data_puffs_all, self.data_wind_all = sim_analysis.load_plume(
  File "/Users/aaravsinha/manyplume/oneplume/ppo/../sim_analysis.py", line 173, in load_plume
    data_puffs = pandas.read_pickle(puff_filename)
  File "/opt/anaconda3/envs/py39/lib/python3.9/site-packages/pandas/io/pickle.py", line 185, in read_pickle
    with get_handle(
  File "/opt/anaconda3/envs/py39/lib/python3.9/site-packages/pandas/io/common.py", line 882, in get_handle
    handle = open(handle, ioargs.mode)
FileNotFoundError: [Errno 2] No such file or directory: '/Users/aaravsinha/plume/plumedata//puff_data_switch45x5b5.pickle'
Evaluating on dataset: constantx5b5
Using Precomputed Plume...
PlumeEnvironment: {'self': <plume_env.PlumeEnvironment object at 0x16c0dbbb0>, 't_val_min': 10.0, 'sim_steps_max': 2500, 'reset_offset_tmax': 30, 'dataset': 'constantx5b5', 'move_capacity': 2.0, 'turn_capacity': 19.634954084936208, 'wind_obsx': 1.0, 'movex': 1.0, 'turnx': 1.0, 'birthx': 1.0, 'birthx_max': 1.0, 'env_dt': 0.04, 'loc_algo': 'uniform', 'qvar': 0.0, 'time_algo': 'uniform', 'angle_algo': 'uniform', 'homed_radius': 0.2, 'stray_max': 2.0, 'wind_rel': True, 'auto_movex': False, 'auto_reward': False, 'diff_max': 0.8, 'diff_min': 0.4, 'r_shaping': ['step', 'oob', 'metabolic'], 'rewardx': 1.0, 'rescale': False, 'squash_action': True, 'walking': True, 'walk_move': 0.05, 'walk_turn': 3.14159, 'radiusx': 1.0, 'diffusion_min': 1.0, 'diffusion_max': 1.0, 'action_feedback': False, 'flipping': False, 'odor_scaling': True, 'obs_noise': 0.0, 'act_noise': 0.0, 'dynamic': False, 'seed': 3284, 'verbose': 0, '__class__': <class 'plume_env.PlumeEnvironment'>}
Squashing actions to 0-1
constantx5b5
wind: t_val_diff 0.03999999999999915 env_dt 0.04
puffs: t_val_diff 0.03999999999999915 env_dt 0.04
Reward Shaping ['step', 'oob', 'metabolic']
Using fixed evaluation sequence [time, angle, loc_y]... (240 episodes) 
Exception: name 'nan' is not defined
Traceback (most recent call last):
  File "/opt/anaconda3/envs/py39/lib/python3.9/site-packages/pandas/core/computation/scope.py", line 231, in resolve
    return self.resolvers[key]
  File "/opt/anaconda3/envs/py39/lib/python3.9/collections/__init__.py", line 941, in __getitem__
    return self.__missing__(key)            # support subclasses that define __missing__
  File "/opt/anaconda3/envs/py39/lib/python3.9/collections/__init__.py", line 933, in __missing__
    raise KeyError(key)
KeyError: 'nan'

During handling of the above exception, another exception occurred:

Traceback (most recent call last):
  File "/opt/anaconda3/envs/py39/lib/python3.9/site-packages/pandas/core/computation/scope.py", line 242, in resolve
    return self.temps[key]
KeyError: 'nan'

The above exception was the direct cause of the following exception:

Traceback (most recent call last):
  File "/Users/aaravsinha/manyplume/oneplume/ppo/evalCli.py", line 289, in eval_loop
    episode_logs, episode_summaries = evaluate_agent(actor_critic, env, args)
  File "/Users/aaravsinha/manyplume/oneplume/ppo/evalCli.py", line 180, in evaluate_agent
    obs = env.reset()
  File "/Users/aaravsinha/manyplume/oneplume/ppo/a2c_ppo_acktr/envs.py", line 208, in reset
    obs = self.venv.reset()
  File "/opt/anaconda3/envs/py39/lib/python3.9/site-packages/stable_baselines3/common/vec_env/vec_normalize.py", line 284, in reset
    obs = self.venv.reset()
  File "/opt/anaconda3/envs/py39/lib/python3.9/site-packages/stable_baselines3/common/vec_env/dummy_vec_env.py", line 74, in reset
    obs = self.envs[env_idx].reset()
  File "/Users/aaravsinha/manyplume/oneplume/ppo/../plume_env.py", line 449, in reset
    observation = self.sense_environment()
  File "/Users/aaravsinha/manyplume/oneplume/ppo/../plume_env.py", line 270, in sense_environment
    odor_observation = sim_analysis.get_concentration_at_tidx(
  File "/Users/aaravsinha/manyplume/oneplume/ppo/../sim_analysis.py", line 263, in get_concentration_at_tidx
    d = data[data.tidx==tidx].query(q)
  File "/opt/anaconda3/envs/py39/lib/python3.9/site-packages/pandas/core/frame.py", line 4828, in query
    res = self.eval(expr, **kwargs)
  File "/opt/anaconda3/envs/py39/lib/python3.9/site-packages/pandas/core/frame.py", line 4954, in eval
    return _eval(expr, inplace=inplace, **kwargs)
  File "/opt/anaconda3/envs/py39/lib/python3.9/site-packages/pandas/core/computation/eval.py", line 339, in eval
    parsed_expr = Expr(expr, engine=engine, parser=parser, env=env)
  File "/opt/anaconda3/envs/py39/lib/python3.9/site-packages/pandas/core/computation/expr.py", line 809, in __init__
    self.terms = self.parse()
  File "/opt/anaconda3/envs/py39/lib/python3.9/site-packages/pandas/core/computation/expr.py", line 828, in parse
    return self._visitor.visit(self.expr)
  File "/opt/anaconda3/envs/py39/lib/python3.9/site-packages/pandas/core/computation/expr.py", line 413, in visit
    return visitor(node, **kwargs)
  File "/opt/anaconda3/envs/py39/lib/python3.9/site-packages/pandas/core/computation/expr.py", line 419, in visit_Module
    return self.visit(expr, **kwargs)
  File "/opt/anaconda3/envs/py39/lib/python3.9/site-packages/pandas/core/computation/expr.py", line 413, in visit
    return visitor(node, **kwargs)
  File "/opt/anaconda3/envs/py39/lib/python3.9/site-packages/pandas/core/computation/expr.py", line 422, in visit_Expr
    return self.visit(node.value, **kwargs)
  File "/opt/anaconda3/envs/py39/lib/python3.9/site-packages/pandas/core/computation/expr.py", line 413, in visit
    return visitor(node, **kwargs)
  File "/opt/anaconda3/envs/py39/lib/python3.9/site-packages/pandas/core/computation/expr.py", line 746, in visit_BoolOp
    return reduce(visitor, operands)
  File "/opt/anaconda3/envs/py39/lib/python3.9/site-packages/pandas/core/computation/expr.py", line 740, in visitor
    rhs = self._try_visit_binop(y)
  File "/opt/anaconda3/envs/py39/lib/python3.9/site-packages/pandas/core/computation/expr.py", line 735, in _try_visit_binop
    return self.visit(bop)
  File "/opt/anaconda3/envs/py39/lib/python3.9/site-packages/pandas/core/computation/expr.py", line 413, in visit
    return visitor(node, **kwargs)
  File "/opt/anaconda3/envs/py39/lib/python3.9/site-packages/pandas/core/computation/expr.py", line 719, in visit_Compare
    return self.visit(binop)
  File "/opt/anaconda3/envs/py39/lib/python3.9/site-packages/pandas/core/computation/expr.py", line 413, in visit
    return visitor(node, **kwargs)
  File "/opt/anaconda3/envs/py39/lib/python3.9/site-packages/pandas/core/computation/expr.py", line 535, in visit_BinOp
    op, op_class, left, right = self._maybe_transform_eq_ne(node)
  File "/opt/anaconda3/envs/py39/lib/python3.9/site-packages/pandas/core/computation/expr.py", line 453, in _maybe_transform_eq_ne
    left = self.visit(node.left, side="left")
  File "/opt/anaconda3/envs/py39/lib/python3.9/site-packages/pandas/core/computation/expr.py", line 413, in visit
    return visitor(node, **kwargs)
  File "/opt/anaconda3/envs/py39/lib/python3.9/site-packages/pandas/core/computation/expr.py", line 545, in visit_Name
    return self.term_type(node.id, self.env, **kwargs)
  File "/opt/anaconda3/envs/py39/lib/python3.9/site-packages/pandas/core/computation/ops.py", line 91, in __init__
    self._value = self._resolve_name()
  File "/opt/anaconda3/envs/py39/lib/python3.9/site-packages/pandas/core/computation/ops.py", line 115, in _resolve_name
    res = self.env.resolve(local_name, is_local=is_local)
  File "/opt/anaconda3/envs/py39/lib/python3.9/site-packages/pandas/core/computation/scope.py", line 244, in resolve
    raise UndefinedVariableError(key, is_local) from err
pandas.errors.UndefinedVariableError: name 'nan' is not defined
Sparse/birthx: 0.8
Using Precomputed Plume...
PlumeEnvironment: {'self': <plume_env.PlumeEnvironment object at 0x17fc44a60>, 't_val_min': 10.0, 'sim_steps_max': 2500, 'reset_offset_tmax': 30, 'dataset': 'constantx5b5', 'move_capacity': 2.0, 'turn_capacity': 19.634954084936208, 'wind_obsx': 1.0, 'movex': 1, 'turnx': 1.0, 'birthx': 1.0, 'birthx_max': 0.8, 'env_dt': 0.04, 'loc_algo': 'quantile', 'qvar': 0.0, 'time_algo': 'uniform', 'angle_algo': 'uniform', 'homed_radius': 0.2, 'stray_max': 2.0, 'wind_rel': True, 'auto_movex': False, 'auto_reward': False, 'diff_max': 0.8, 'diff_min': 0.4, 'r_shaping': ['step', 'oob', 'metabolic'], 'rewardx': 1.0, 'rescale': False, 'squash_action': True, 'walking': True, 'walk_move': 0.05, 'walk_turn': 3.14159, 'radiusx': 1.0, 'diffusion_min': 1.0, 'diffusion_max': 1.0, 'action_feedback': False, 'flipping': False, 'odor_scaling': True, 'obs_noise': 0.0, 'act_noise': 0.0, 'dynamic': False, 'seed': 3284, 'verbose': 0, '__class__': <class 'plume_env.PlumeEnvironment'>}
Squashing actions to 0-1
constantx5b5
Sparsifying puffs to 0.8x
wind: t_val_diff 0.03999999999999915 env_dt 0.04
puffs: t_val_diff 0.03999999999999915 env_dt 0.04
Reward Shaping ['step', 'oob', 'metabolic']
Using fixed evaluation sequence [time, angle, loc_y]... (240 episodes) 
Episode: 0, reward_sum: -10.0, Steps: 1, Reason: OOB
Episode: 1, reward_sum: -10.0, Steps: 1, Reason: OOB
Episode: 2, reward_sum: -10.0, Steps: 1, Reason: OOB
Episode: 3, reward_sum: -10.0, Steps: 1, Reason: OOB
Episode: 4, reward_sum: -10.0, Steps: 1, Reason: OOB
Episode: 5, reward_sum: -10.0, Steps: 1, Reason: OOB
Episode: 6, reward_sum: -10.0, Steps: 1, Reason: OOB
Episode: 7, reward_sum: -10.0, Steps: 1, Reason: OOB
Episode: 8, reward_sum: -10.0, Steps: 1, Reason: OOB
Episode: 9, reward_sum: -10.0, Steps: 1, Reason: OOB
Episode: 10, reward_sum: -10.0, Steps: 1, Reason: OOB
Episode: 11, reward_sum: -10.0, Steps: 1, Reason: OOB
Episode: 12, reward_sum: -10.0, Steps: 1, Reason: OOB
Episode: 13, reward_sum: -10.0, Steps: 1, Reason: OOB
Episode: 14, reward_sum: -10.0, Steps: 1, Reason: OOB
Episode: 15, reward_sum: -10.0, Steps: 1, Reason: OOB
Episode: 16, reward_sum: -10.0, Steps: 1, Reason: OOB
Episode: 17, reward_sum: -10.0, Steps: 1, Reason: OOB
Episode: 18, reward_sum: -10.0, Steps: 1, Reason: OOB
Episode: 19, reward_sum: -10.0, Steps: 1, Reason: OOB
Episode: 20, reward_sum: -10.0, Steps: 1, Reason: OOB
Episode: 21, reward_sum: -10.0, Steps: 1, Reason: OOB
Episode: 22, reward_sum: -10.0, Steps: 1, Reason: OOB
Episode: 23, reward_sum: -10.0, Steps: 1, Reason: OOB
Episode: 24, reward_sum: -10.0, Steps: 1, Reason: OOB
Episode: 25, reward_sum: -10.0, Steps: 1, Reason: OOB
Episode: 26, reward_sum: -10.0, Steps: 1, Reason: OOB
Episode: 27, reward_sum: -10.0, Steps: 1, Reason: OOB
Episode: 28, reward_sum: -10.0, Steps: 1, Reason: OOB
Episode: 29, reward_sum: -10.0, Steps: 1, Reason: OOB
Episode: 30, reward_sum: -10.0, Steps: 1, Reason: OOB
Episode: 31, reward_sum: -10.0, Steps: 1, Reason: OOB
Episode: 32, reward_sum: -10.0, Steps: 1, Reason: OOB
Episode: 33, reward_sum: -10.0, Steps: 1, Reason: OOB
Episode: 34, reward_sum: -10.0, Steps: 1, Reason: OOB
Episode: 35, reward_sum: -10.0, Steps: 1, Reason: OOB
Episode: 36, reward_sum: -10.0, Steps: 1, Reason: OOB
Episode: 37, reward_sum: -10.0, Steps: 1, Reason: OOB
Episode: 38, reward_sum: -10.0, Steps: 1, Reason: OOB
Episode: 39, reward_sum: -10.0, Steps: 1, Reason: OOB
Exception: name 'nan' is not defined
Traceback (most recent call last):
  File "/opt/anaconda3/envs/py39/lib/python3.9/site-packages/pandas/core/computation/scope.py", line 231, in resolve
    return self.resolvers[key]
  File "/opt/anaconda3/envs/py39/lib/python3.9/collections/__init__.py", line 941, in __getitem__
    return self.__missing__(key)            # support subclasses that define __missing__
  File "/opt/anaconda3/envs/py39/lib/python3.9/collections/__init__.py", line 933, in __missing__
    raise KeyError(key)
KeyError: 'nan'

During handling of the above exception, another exception occurred:

Traceback (most recent call last):
  File "/opt/anaconda3/envs/py39/lib/python3.9/site-packages/pandas/core/computation/scope.py", line 242, in resolve
    return self.temps[key]
KeyError: 'nan'

The above exception was the direct cause of the following exception:

Traceback (most recent call last):
  File "/Users/aaravsinha/manyplume/oneplume/ppo/evalCli.py", line 363, in eval_loop
    episode_logs, episode_summaries = evaluate_agent(actor_critic, env, args)
  File "/Users/aaravsinha/manyplume/oneplume/ppo/evalCli.py", line 180, in evaluate_agent
    obs = env.reset()
  File "/Users/aaravsinha/manyplume/oneplume/ppo/a2c_ppo_acktr/envs.py", line 208, in reset
    obs = self.venv.reset()
  File "/opt/anaconda3/envs/py39/lib/python3.9/site-packages/stable_baselines3/common/vec_env/vec_normalize.py", line 284, in reset
    obs = self.venv.reset()
  File "/opt/anaconda3/envs/py39/lib/python3.9/site-packages/stable_baselines3/common/vec_env/dummy_vec_env.py", line 74, in reset
    obs = self.envs[env_idx].reset()
  File "/Users/aaravsinha/manyplume/oneplume/ppo/../plume_env.py", line 449, in reset
    observation = self.sense_environment()
  File "/Users/aaravsinha/manyplume/oneplume/ppo/../plume_env.py", line 270, in sense_environment
    odor_observation = sim_analysis.get_concentration_at_tidx(
  File "/Users/aaravsinha/manyplume/oneplume/ppo/../sim_analysis.py", line 263, in get_concentration_at_tidx
    d = data[data.tidx==tidx].query(q)
  File "/opt/anaconda3/envs/py39/lib/python3.9/site-packages/pandas/core/frame.py", line 4828, in query
    res = self.eval(expr, **kwargs)
  File "/opt/anaconda3/envs/py39/lib/python3.9/site-packages/pandas/core/frame.py", line 4954, in eval
    return _eval(expr, inplace=inplace, **kwargs)
  File "/opt/anaconda3/envs/py39/lib/python3.9/site-packages/pandas/core/computation/eval.py", line 339, in eval
    parsed_expr = Expr(expr, engine=engine, parser=parser, env=env)
  File "/opt/anaconda3/envs/py39/lib/python3.9/site-packages/pandas/core/computation/expr.py", line 809, in __init__
    self.terms = self.parse()
  File "/opt/anaconda3/envs/py39/lib/python3.9/site-packages/pandas/core/computation/expr.py", line 828, in parse
    return self._visitor.visit(self.expr)
  File "/opt/anaconda3/envs/py39/lib/python3.9/site-packages/pandas/core/computation/expr.py", line 413, in visit
    return visitor(node, **kwargs)
  File "/opt/anaconda3/envs/py39/lib/python3.9/site-packages/pandas/core/computation/expr.py", line 419, in visit_Module
    return self.visit(expr, **kwargs)
  File "/opt/anaconda3/envs/py39/lib/python3.9/site-packages/pandas/core/computation/expr.py", line 413, in visit
    return visitor(node, **kwargs)
  File "/opt/anaconda3/envs/py39/lib/python3.9/site-packages/pandas/core/computation/expr.py", line 422, in visit_Expr
    return self.visit(node.value, **kwargs)
  File "/opt/anaconda3/envs/py39/lib/python3.9/site-packages/pandas/core/computation/expr.py", line 413, in visit
    return visitor(node, **kwargs)
  File "/opt/anaconda3/envs/py39/lib/python3.9/site-packages/pandas/core/computation/expr.py", line 746, in visit_BoolOp
    return reduce(visitor, operands)
  File "/opt/anaconda3/envs/py39/lib/python3.9/site-packages/pandas/core/computation/expr.py", line 740, in visitor
    rhs = self._try_visit_binop(y)
  File "/opt/anaconda3/envs/py39/lib/python3.9/site-packages/pandas/core/computation/expr.py", line 735, in _try_visit_binop
    return self.visit(bop)
  File "/opt/anaconda3/envs/py39/lib/python3.9/site-packages/pandas/core/computation/expr.py", line 413, in visit
    return visitor(node, **kwargs)
  File "/opt/anaconda3/envs/py39/lib/python3.9/site-packages/pandas/core/computation/expr.py", line 719, in visit_Compare
    return self.visit(binop)
  File "/opt/anaconda3/envs/py39/lib/python3.9/site-packages/pandas/core/computation/expr.py", line 413, in visit
    return visitor(node, **kwargs)
  File "/opt/anaconda3/envs/py39/lib/python3.9/site-packages/pandas/core/computation/expr.py", line 535, in visit_BinOp
    op, op_class, left, right = self._maybe_transform_eq_ne(node)
  File "/opt/anaconda3/envs/py39/lib/python3.9/site-packages/pandas/core/computation/expr.py", line 453, in _maybe_transform_eq_ne
    left = self.visit(node.left, side="left")
  File "/opt/anaconda3/envs/py39/lib/python3.9/site-packages/pandas/core/computation/expr.py", line 413, in visit
    return visitor(node, **kwargs)
  File "/opt/anaconda3/envs/py39/lib/python3.9/site-packages/pandas/core/computation/expr.py", line 545, in visit_Name
    return self.term_type(node.id, self.env, **kwargs)
  File "/opt/anaconda3/envs/py39/lib/python3.9/site-packages/pandas/core/computation/ops.py", line 91, in __init__
    self._value = self._resolve_name()
  File "/opt/anaconda3/envs/py39/lib/python3.9/site-packages/pandas/core/computation/ops.py", line 115, in _resolve_name
    res = self.env.resolve(local_name, is_local=is_local)
  File "/opt/anaconda3/envs/py39/lib/python3.9/site-packages/pandas/core/computation/scope.py", line 244, in resolve
    raise UndefinedVariableError(key, is_local) from err
pandas.errors.UndefinedVariableError: name 'nan' is not defined
Sparse/birthx: 0.6
Using Precomputed Plume...
PlumeEnvironment: {'self': <plume_env.PlumeEnvironment object at 0x16c150a90>, 't_val_min': 10.0, 'sim_steps_max': 2500, 'reset_offset_tmax': 30, 'dataset': 'constantx5b5', 'move_capacity': 2.0, 'turn_capacity': 19.634954084936208, 'wind_obsx': 1.0, 'movex': 1, 'turnx': 1.0, 'birthx': 1.0, 'birthx_max': 0.6, 'env_dt': 0.04, 'loc_algo': 'quantile', 'qvar': 0.0, 'time_algo': 'uniform', 'angle_algo': 'uniform', 'homed_radius': 0.2, 'stray_max': 2.0, 'wind_rel': True, 'auto_movex': False, 'auto_reward': False, 'diff_max': 0.8, 'diff_min': 0.4, 'r_shaping': ['step', 'oob', 'metabolic'], 'rewardx': 1.0, 'rescale': False, 'squash_action': True, 'walking': True, 'walk_move': 0.05, 'walk_turn': 3.14159, 'radiusx': 1.0, 'diffusion_min': 1.0, 'diffusion_max': 1.0, 'action_feedback': False, 'flipping': False, 'odor_scaling': True, 'obs_noise': 0.0, 'act_noise': 0.0, 'dynamic': False, 'seed': 3284, 'verbose': 0, '__class__': <class 'plume_env.PlumeEnvironment'>}
Squashing actions to 0-1
constantx5b5
Sparsifying puffs to 0.6x
wind: t_val_diff 0.03999999999999915 env_dt 0.04
puffs: t_val_diff 0.03999999999999915 env_dt 0.04
Reward Shaping ['step', 'oob', 'metabolic']
Using fixed evaluation sequence [time, angle, loc_y]... (240 episodes) 
Exception: name 'nan' is not defined
Traceback (most recent call last):
  File "/opt/anaconda3/envs/py39/lib/python3.9/site-packages/pandas/core/computation/scope.py", line 231, in resolve
    return self.resolvers[key]
  File "/opt/anaconda3/envs/py39/lib/python3.9/collections/__init__.py", line 941, in __getitem__
    return self.__missing__(key)            # support subclasses that define __missing__
  File "/opt/anaconda3/envs/py39/lib/python3.9/collections/__init__.py", line 933, in __missing__
    raise KeyError(key)
KeyError: 'nan'

During handling of the above exception, another exception occurred:

Traceback (most recent call last):
  File "/opt/anaconda3/envs/py39/lib/python3.9/site-packages/pandas/core/computation/scope.py", line 242, in resolve
    return self.temps[key]
KeyError: 'nan'

The above exception was the direct cause of the following exception:

Traceback (most recent call last):
  File "/Users/aaravsinha/manyplume/oneplume/ppo/evalCli.py", line 363, in eval_loop
    episode_logs, episode_summaries = evaluate_agent(actor_critic, env, args)
  File "/Users/aaravsinha/manyplume/oneplume/ppo/evalCli.py", line 180, in evaluate_agent
    obs = env.reset()
  File "/Users/aaravsinha/manyplume/oneplume/ppo/a2c_ppo_acktr/envs.py", line 208, in reset
    obs = self.venv.reset()
  File "/opt/anaconda3/envs/py39/lib/python3.9/site-packages/stable_baselines3/common/vec_env/vec_normalize.py", line 284, in reset
    obs = self.venv.reset()
  File "/opt/anaconda3/envs/py39/lib/python3.9/site-packages/stable_baselines3/common/vec_env/dummy_vec_env.py", line 74, in reset
    obs = self.envs[env_idx].reset()
  File "/Users/aaravsinha/manyplume/oneplume/ppo/../plume_env.py", line 449, in reset
    observation = self.sense_environment()
  File "/Users/aaravsinha/manyplume/oneplume/ppo/../plume_env.py", line 270, in sense_environment
    odor_observation = sim_analysis.get_concentration_at_tidx(
  File "/Users/aaravsinha/manyplume/oneplume/ppo/../sim_analysis.py", line 263, in get_concentration_at_tidx
    d = data[data.tidx==tidx].query(q)
  File "/opt/anaconda3/envs/py39/lib/python3.9/site-packages/pandas/core/frame.py", line 4828, in query
    res = self.eval(expr, **kwargs)
  File "/opt/anaconda3/envs/py39/lib/python3.9/site-packages/pandas/core/frame.py", line 4954, in eval
    return _eval(expr, inplace=inplace, **kwargs)
  File "/opt/anaconda3/envs/py39/lib/python3.9/site-packages/pandas/core/computation/eval.py", line 339, in eval
    parsed_expr = Expr(expr, engine=engine, parser=parser, env=env)
  File "/opt/anaconda3/envs/py39/lib/python3.9/site-packages/pandas/core/computation/expr.py", line 809, in __init__
    self.terms = self.parse()
  File "/opt/anaconda3/envs/py39/lib/python3.9/site-packages/pandas/core/computation/expr.py", line 828, in parse
    return self._visitor.visit(self.expr)
  File "/opt/anaconda3/envs/py39/lib/python3.9/site-packages/pandas/core/computation/expr.py", line 413, in visit
    return visitor(node, **kwargs)
  File "/opt/anaconda3/envs/py39/lib/python3.9/site-packages/pandas/core/computation/expr.py", line 419, in visit_Module
    return self.visit(expr, **kwargs)
  File "/opt/anaconda3/envs/py39/lib/python3.9/site-packages/pandas/core/computation/expr.py", line 413, in visit
    return visitor(node, **kwargs)
  File "/opt/anaconda3/envs/py39/lib/python3.9/site-packages/pandas/core/computation/expr.py", line 422, in visit_Expr
    return self.visit(node.value, **kwargs)
  File "/opt/anaconda3/envs/py39/lib/python3.9/site-packages/pandas/core/computation/expr.py", line 413, in visit
    return visitor(node, **kwargs)
  File "/opt/anaconda3/envs/py39/lib/python3.9/site-packages/pandas/core/computation/expr.py", line 746, in visit_BoolOp
    return reduce(visitor, operands)
  File "/opt/anaconda3/envs/py39/lib/python3.9/site-packages/pandas/core/computation/expr.py", line 740, in visitor
    rhs = self._try_visit_binop(y)
  File "/opt/anaconda3/envs/py39/lib/python3.9/site-packages/pandas/core/computation/expr.py", line 735, in _try_visit_binop
    return self.visit(bop)
  File "/opt/anaconda3/envs/py39/lib/python3.9/site-packages/pandas/core/computation/expr.py", line 413, in visit
    return visitor(node, **kwargs)
  File "/opt/anaconda3/envs/py39/lib/python3.9/site-packages/pandas/core/computation/expr.py", line 719, in visit_Compare
    return self.visit(binop)
  File "/opt/anaconda3/envs/py39/lib/python3.9/site-packages/pandas/core/computation/expr.py", line 413, in visit
    return visitor(node, **kwargs)
  File "/opt/anaconda3/envs/py39/lib/python3.9/site-packages/pandas/core/computation/expr.py", line 535, in visit_BinOp
    op, op_class, left, right = self._maybe_transform_eq_ne(node)
  File "/opt/anaconda3/envs/py39/lib/python3.9/site-packages/pandas/core/computation/expr.py", line 453, in _maybe_transform_eq_ne
    left = self.visit(node.left, side="left")
  File "/opt/anaconda3/envs/py39/lib/python3.9/site-packages/pandas/core/computation/expr.py", line 413, in visit
    return visitor(node, **kwargs)
  File "/opt/anaconda3/envs/py39/lib/python3.9/site-packages/pandas/core/computation/expr.py", line 545, in visit_Name
    return self.term_type(node.id, self.env, **kwargs)
  File "/opt/anaconda3/envs/py39/lib/python3.9/site-packages/pandas/core/computation/ops.py", line 91, in __init__
    self._value = self._resolve_name()
  File "/opt/anaconda3/envs/py39/lib/python3.9/site-packages/pandas/core/computation/ops.py", line 115, in _resolve_name
    res = self.env.resolve(local_name, is_local=is_local)
  File "/opt/anaconda3/envs/py39/lib/python3.9/site-packages/pandas/core/computation/scope.py", line 244, in resolve
    raise UndefinedVariableError(key, is_local) from err
pandas.errors.UndefinedVariableError: name 'nan' is not defined
Sparse/birthx: 0.4
Using Precomputed Plume...
PlumeEnvironment: {'self': <plume_env.PlumeEnvironment object at 0x1601077f0>, 't_val_min': 10.0, 'sim_steps_max': 2500, 'reset_offset_tmax': 30, 'dataset': 'constantx5b5', 'move_capacity': 2.0, 'turn_capacity': 19.634954084936208, 'wind_obsx': 1.0, 'movex': 1, 'turnx': 1.0, 'birthx': 1.0, 'birthx_max': 0.4, 'env_dt': 0.04, 'loc_algo': 'quantile', 'qvar': 0.0, 'time_algo': 'uniform', 'angle_algo': 'uniform', 'homed_radius': 0.2, 'stray_max': 2.0, 'wind_rel': True, 'auto_movex': False, 'auto_reward': False, 'diff_max': 0.8, 'diff_min': 0.4, 'r_shaping': ['step', 'oob', 'metabolic'], 'rewardx': 1.0, 'rescale': False, 'squash_action': True, 'walking': True, 'walk_move': 0.05, 'walk_turn': 3.14159, 'radiusx': 1.0, 'diffusion_min': 1.0, 'diffusion_max': 1.0, 'action_feedback': False, 'flipping': False, 'odor_scaling': True, 'obs_noise': 0.0, 'act_noise': 0.0, 'dynamic': False, 'seed': 3284, 'verbose': 0, '__class__': <class 'plume_env.PlumeEnvironment'>}
Squashing actions to 0-1
constantx5b5
Sparsifying puffs to 0.4x
wind: t_val_diff 0.03999999999999915 env_dt 0.04
puffs: t_val_diff 0.03999999999999915 env_dt 0.04
Reward Shaping ['step', 'oob', 'metabolic']
Using fixed evaluation sequence [time, angle, loc_y]... (240 episodes) 
Exception: name 'nan' is not defined
Traceback (most recent call last):
  File "/opt/anaconda3/envs/py39/lib/python3.9/site-packages/pandas/core/computation/scope.py", line 231, in resolve
    return self.resolvers[key]
  File "/opt/anaconda3/envs/py39/lib/python3.9/collections/__init__.py", line 941, in __getitem__
    return self.__missing__(key)            # support subclasses that define __missing__
  File "/opt/anaconda3/envs/py39/lib/python3.9/collections/__init__.py", line 933, in __missing__
    raise KeyError(key)
KeyError: 'nan'

During handling of the above exception, another exception occurred:

Traceback (most recent call last):
  File "/opt/anaconda3/envs/py39/lib/python3.9/site-packages/pandas/core/computation/scope.py", line 242, in resolve
    return self.temps[key]
KeyError: 'nan'

The above exception was the direct cause of the following exception:

Traceback (most recent call last):
  File "/Users/aaravsinha/manyplume/oneplume/ppo/evalCli.py", line 363, in eval_loop
    episode_logs, episode_summaries = evaluate_agent(actor_critic, env, args)
  File "/Users/aaravsinha/manyplume/oneplume/ppo/evalCli.py", line 180, in evaluate_agent
    obs = env.reset()
  File "/Users/aaravsinha/manyplume/oneplume/ppo/a2c_ppo_acktr/envs.py", line 208, in reset
    obs = self.venv.reset()
  File "/opt/anaconda3/envs/py39/lib/python3.9/site-packages/stable_baselines3/common/vec_env/vec_normalize.py", line 284, in reset
    obs = self.venv.reset()
  File "/opt/anaconda3/envs/py39/lib/python3.9/site-packages/stable_baselines3/common/vec_env/dummy_vec_env.py", line 74, in reset
    obs = self.envs[env_idx].reset()
  File "/Users/aaravsinha/manyplume/oneplume/ppo/../plume_env.py", line 449, in reset
    observation = self.sense_environment()
  File "/Users/aaravsinha/manyplume/oneplume/ppo/../plume_env.py", line 270, in sense_environment
    odor_observation = sim_analysis.get_concentration_at_tidx(
  File "/Users/aaravsinha/manyplume/oneplume/ppo/../sim_analysis.py", line 263, in get_concentration_at_tidx
    d = data[data.tidx==tidx].query(q)
  File "/opt/anaconda3/envs/py39/lib/python3.9/site-packages/pandas/core/frame.py", line 4828, in query
    res = self.eval(expr, **kwargs)
  File "/opt/anaconda3/envs/py39/lib/python3.9/site-packages/pandas/core/frame.py", line 4954, in eval
    return _eval(expr, inplace=inplace, **kwargs)
  File "/opt/anaconda3/envs/py39/lib/python3.9/site-packages/pandas/core/computation/eval.py", line 339, in eval
    parsed_expr = Expr(expr, engine=engine, parser=parser, env=env)
  File "/opt/anaconda3/envs/py39/lib/python3.9/site-packages/pandas/core/computation/expr.py", line 809, in __init__
    self.terms = self.parse()
  File "/opt/anaconda3/envs/py39/lib/python3.9/site-packages/pandas/core/computation/expr.py", line 828, in parse
    return self._visitor.visit(self.expr)
  File "/opt/anaconda3/envs/py39/lib/python3.9/site-packages/pandas/core/computation/expr.py", line 413, in visit
    return visitor(node, **kwargs)
  File "/opt/anaconda3/envs/py39/lib/python3.9/site-packages/pandas/core/computation/expr.py", line 419, in visit_Module
    return self.visit(expr, **kwargs)
  File "/opt/anaconda3/envs/py39/lib/python3.9/site-packages/pandas/core/computation/expr.py", line 413, in visit
    return visitor(node, **kwargs)
  File "/opt/anaconda3/envs/py39/lib/python3.9/site-packages/pandas/core/computation/expr.py", line 422, in visit_Expr
    return self.visit(node.value, **kwargs)
  File "/opt/anaconda3/envs/py39/lib/python3.9/site-packages/pandas/core/computation/expr.py", line 413, in visit
    return visitor(node, **kwargs)
  File "/opt/anaconda3/envs/py39/lib/python3.9/site-packages/pandas/core/computation/expr.py", line 746, in visit_BoolOp
    return reduce(visitor, operands)
  File "/opt/anaconda3/envs/py39/lib/python3.9/site-packages/pandas/core/computation/expr.py", line 740, in visitor
    rhs = self._try_visit_binop(y)
  File "/opt/anaconda3/envs/py39/lib/python3.9/site-packages/pandas/core/computation/expr.py", line 735, in _try_visit_binop
    return self.visit(bop)
  File "/opt/anaconda3/envs/py39/lib/python3.9/site-packages/pandas/core/computation/expr.py", line 413, in visit
    return visitor(node, **kwargs)
  File "/opt/anaconda3/envs/py39/lib/python3.9/site-packages/pandas/core/computation/expr.py", line 719, in visit_Compare
    return self.visit(binop)
  File "/opt/anaconda3/envs/py39/lib/python3.9/site-packages/pandas/core/computation/expr.py", line 413, in visit
    return visitor(node, **kwargs)
  File "/opt/anaconda3/envs/py39/lib/python3.9/site-packages/pandas/core/computation/expr.py", line 535, in visit_BinOp
    op, op_class, left, right = self._maybe_transform_eq_ne(node)
  File "/opt/anaconda3/envs/py39/lib/python3.9/site-packages/pandas/core/computation/expr.py", line 453, in _maybe_transform_eq_ne
    left = self.visit(node.left, side="left")
  File "/opt/anaconda3/envs/py39/lib/python3.9/site-packages/pandas/core/computation/expr.py", line 413, in visit
    return visitor(node, **kwargs)
  File "/opt/anaconda3/envs/py39/lib/python3.9/site-packages/pandas/core/computation/expr.py", line 545, in visit_Name
    return self.term_type(node.id, self.env, **kwargs)
  File "/opt/anaconda3/envs/py39/lib/python3.9/site-packages/pandas/core/computation/ops.py", line 91, in __init__
    self._value = self._resolve_name()
  File "/opt/anaconda3/envs/py39/lib/python3.9/site-packages/pandas/core/computation/ops.py", line 115, in _resolve_name
    res = self.env.resolve(local_name, is_local=is_local)
  File "/opt/anaconda3/envs/py39/lib/python3.9/site-packages/pandas/core/computation/scope.py", line 244, in resolve
    raise UndefinedVariableError(key, is_local) from err
pandas.errors.UndefinedVariableError: name 'nan' is not defined
Sparse/birthx: 0.2
Using Precomputed Plume...
PlumeEnvironment: {'self': <plume_env.PlumeEnvironment object at 0x17fc418b0>, 't_val_min': 10.0, 'sim_steps_max': 2500, 'reset_offset_tmax': 30, 'dataset': 'constantx5b5', 'move_capacity': 2.0, 'turn_capacity': 19.634954084936208, 'wind_obsx': 1.0, 'movex': 1, 'turnx': 1.0, 'birthx': 1.0, 'birthx_max': 0.2, 'env_dt': 0.04, 'loc_algo': 'quantile', 'qvar': 0.0, 'time_algo': 'uniform', 'angle_algo': 'uniform', 'homed_radius': 0.2, 'stray_max': 2.0, 'wind_rel': True, 'auto_movex': False, 'auto_reward': False, 'diff_max': 0.8, 'diff_min': 0.4, 'r_shaping': ['step', 'oob', 'metabolic'], 'rewardx': 1.0, 'rescale': False, 'squash_action': True, 'walking': True, 'walk_move': 0.05, 'walk_turn': 3.14159, 'radiusx': 1.0, 'diffusion_min': 1.0, 'diffusion_max': 1.0, 'action_feedback': False, 'flipping': False, 'odor_scaling': True, 'obs_noise': 0.0, 'act_noise': 0.0, 'dynamic': False, 'seed': 3284, 'verbose': 0, '__class__': <class 'plume_env.PlumeEnvironment'>}
Squashing actions to 0-1
constantx5b5
Sparsifying puffs to 0.2x
wind: t_val_diff 0.03999999999999915 env_dt 0.04
puffs: t_val_diff 0.03999999999999915 env_dt 0.04
Reward Shaping ['step', 'oob', 'metabolic']
Using fixed evaluation sequence [time, angle, loc_y]... (240 episodes) 
Exception: name 'nan' is not defined
Traceback (most recent call last):
  File "/opt/anaconda3/envs/py39/lib/python3.9/site-packages/pandas/core/computation/scope.py", line 231, in resolve
    return self.resolvers[key]
  File "/opt/anaconda3/envs/py39/lib/python3.9/collections/__init__.py", line 941, in __getitem__
    return self.__missing__(key)            # support subclasses that define __missing__
  File "/opt/anaconda3/envs/py39/lib/python3.9/collections/__init__.py", line 933, in __missing__
    raise KeyError(key)
KeyError: 'nan'

During handling of the above exception, another exception occurred:

Traceback (most recent call last):
  File "/opt/anaconda3/envs/py39/lib/python3.9/site-packages/pandas/core/computation/scope.py", line 242, in resolve
    return self.temps[key]
KeyError: 'nan'

The above exception was the direct cause of the following exception:

Traceback (most recent call last):
  File "/Users/aaravsinha/manyplume/oneplume/ppo/evalCli.py", line 363, in eval_loop
    episode_logs, episode_summaries = evaluate_agent(actor_critic, env, args)
  File "/Users/aaravsinha/manyplume/oneplume/ppo/evalCli.py", line 180, in evaluate_agent
    obs = env.reset()
  File "/Users/aaravsinha/manyplume/oneplume/ppo/a2c_ppo_acktr/envs.py", line 208, in reset
    obs = self.venv.reset()
  File "/opt/anaconda3/envs/py39/lib/python3.9/site-packages/stable_baselines3/common/vec_env/vec_normalize.py", line 284, in reset
    obs = self.venv.reset()
  File "/opt/anaconda3/envs/py39/lib/python3.9/site-packages/stable_baselines3/common/vec_env/dummy_vec_env.py", line 74, in reset
    obs = self.envs[env_idx].reset()
  File "/Users/aaravsinha/manyplume/oneplume/ppo/../plume_env.py", line 449, in reset
    observation = self.sense_environment()
  File "/Users/aaravsinha/manyplume/oneplume/ppo/../plume_env.py", line 270, in sense_environment
    odor_observation = sim_analysis.get_concentration_at_tidx(
  File "/Users/aaravsinha/manyplume/oneplume/ppo/../sim_analysis.py", line 263, in get_concentration_at_tidx
    d = data[data.tidx==tidx].query(q)
  File "/opt/anaconda3/envs/py39/lib/python3.9/site-packages/pandas/core/frame.py", line 4828, in query
    res = self.eval(expr, **kwargs)
  File "/opt/anaconda3/envs/py39/lib/python3.9/site-packages/pandas/core/frame.py", line 4954, in eval
    return _eval(expr, inplace=inplace, **kwargs)
  File "/opt/anaconda3/envs/py39/lib/python3.9/site-packages/pandas/core/computation/eval.py", line 339, in eval
    parsed_expr = Expr(expr, engine=engine, parser=parser, env=env)
  File "/opt/anaconda3/envs/py39/lib/python3.9/site-packages/pandas/core/computation/expr.py", line 809, in __init__
    self.terms = self.parse()
  File "/opt/anaconda3/envs/py39/lib/python3.9/site-packages/pandas/core/computation/expr.py", line 828, in parse
    return self._visitor.visit(self.expr)
  File "/opt/anaconda3/envs/py39/lib/python3.9/site-packages/pandas/core/computation/expr.py", line 413, in visit
    return visitor(node, **kwargs)
  File "/opt/anaconda3/envs/py39/lib/python3.9/site-packages/pandas/core/computation/expr.py", line 419, in visit_Module
    return self.visit(expr, **kwargs)
  File "/opt/anaconda3/envs/py39/lib/python3.9/site-packages/pandas/core/computation/expr.py", line 413, in visit
    return visitor(node, **kwargs)
  File "/opt/anaconda3/envs/py39/lib/python3.9/site-packages/pandas/core/computation/expr.py", line 422, in visit_Expr
    return self.visit(node.value, **kwargs)
  File "/opt/anaconda3/envs/py39/lib/python3.9/site-packages/pandas/core/computation/expr.py", line 413, in visit
    return visitor(node, **kwargs)
  File "/opt/anaconda3/envs/py39/lib/python3.9/site-packages/pandas/core/computation/expr.py", line 746, in visit_BoolOp
    return reduce(visitor, operands)
  File "/opt/anaconda3/envs/py39/lib/python3.9/site-packages/pandas/core/computation/expr.py", line 740, in visitor
    rhs = self._try_visit_binop(y)
  File "/opt/anaconda3/envs/py39/lib/python3.9/site-packages/pandas/core/computation/expr.py", line 735, in _try_visit_binop
    return self.visit(bop)
  File "/opt/anaconda3/envs/py39/lib/python3.9/site-packages/pandas/core/computation/expr.py", line 413, in visit
    return visitor(node, **kwargs)
  File "/opt/anaconda3/envs/py39/lib/python3.9/site-packages/pandas/core/computation/expr.py", line 719, in visit_Compare
    return self.visit(binop)
  File "/opt/anaconda3/envs/py39/lib/python3.9/site-packages/pandas/core/computation/expr.py", line 413, in visit
    return visitor(node, **kwargs)
  File "/opt/anaconda3/envs/py39/lib/python3.9/site-packages/pandas/core/computation/expr.py", line 535, in visit_BinOp
    op, op_class, left, right = self._maybe_transform_eq_ne(node)
  File "/opt/anaconda3/envs/py39/lib/python3.9/site-packages/pandas/core/computation/expr.py", line 453, in _maybe_transform_eq_ne
    left = self.visit(node.left, side="left")
  File "/opt/anaconda3/envs/py39/lib/python3.9/site-packages/pandas/core/computation/expr.py", line 413, in visit
    return visitor(node, **kwargs)
  File "/opt/anaconda3/envs/py39/lib/python3.9/site-packages/pandas/core/computation/expr.py", line 545, in visit_Name
    return self.term_type(node.id, self.env, **kwargs)
  File "/opt/anaconda3/envs/py39/lib/python3.9/site-packages/pandas/core/computation/ops.py", line 91, in __init__
    self._value = self._resolve_name()
  File "/opt/anaconda3/envs/py39/lib/python3.9/site-packages/pandas/core/computation/ops.py", line 115, in _resolve_name
    res = self.env.resolve(local_name, is_local=is_local)
  File "/opt/anaconda3/envs/py39/lib/python3.9/site-packages/pandas/core/computation/scope.py", line 244, in resolve
    raise UndefinedVariableError(key, is_local) from err
pandas.errors.UndefinedVariableError: name 'nan' is not defined
Evaluating on dataset: noisy3x5b5
Using Precomputed Plume...
PlumeEnvironment: {'self': <plume_env.PlumeEnvironment object at 0x17fc2a5e0>, 't_val_min': 10.0, 'sim_steps_max': 2500, 'reset_offset_tmax': 30, 'dataset': 'noisy3x5b5', 'move_capacity': 2.0, 'turn_capacity': 19.634954084936208, 'wind_obsx': 1.0, 'movex': 1, 'turnx': 1.0, 'birthx': 1.0, 'birthx_max': 0.2, 'env_dt': 0.04, 'loc_algo': 'quantile', 'qvar': 0.0, 'time_algo': 'uniform', 'angle_algo': 'uniform', 'homed_radius': 0.2, 'stray_max': 2.0, 'wind_rel': True, 'auto_movex': False, 'auto_reward': False, 'diff_max': 0.8, 'diff_min': 0.4, 'r_shaping': ['step', 'oob', 'metabolic'], 'rewardx': 1.0, 'rescale': False, 'squash_action': True, 'walking': True, 'walk_move': 0.05, 'walk_turn': 3.14159, 'radiusx': 1.0, 'diffusion_min': 1.0, 'diffusion_max': 1.0, 'action_feedback': False, 'flipping': False, 'odor_scaling': True, 'obs_noise': 0.0, 'act_noise': 0.0, 'dynamic': False, 'seed': 3284, 'verbose': 0, '__class__': <class 'plume_env.PlumeEnvironment'>}
Squashing actions to 0-1
noisy3x5b5
Sparsifying puffs to 0.2x
wind: t_val_diff 0.03999999999999915 env_dt 0.04
puffs: t_val_diff 0.03999999999999915 env_dt 0.04
Reward Shaping ['step', 'oob', 'metabolic']
Using fixed evaluation sequence [time, angle, loc_y]... (240 episodes) 
Exception: name 'nan' is not defined
Traceback (most recent call last):
  File "/opt/anaconda3/envs/py39/lib/python3.9/site-packages/pandas/core/computation/scope.py", line 231, in resolve
    return self.resolvers[key]
  File "/opt/anaconda3/envs/py39/lib/python3.9/collections/__init__.py", line 941, in __getitem__
    return self.__missing__(key)            # support subclasses that define __missing__
  File "/opt/anaconda3/envs/py39/lib/python3.9/collections/__init__.py", line 933, in __missing__
    raise KeyError(key)
KeyError: 'nan'

During handling of the above exception, another exception occurred:

Traceback (most recent call last):
  File "/opt/anaconda3/envs/py39/lib/python3.9/site-packages/pandas/core/computation/scope.py", line 242, in resolve
    return self.temps[key]
KeyError: 'nan'

The above exception was the direct cause of the following exception:

Traceback (most recent call last):
  File "/Users/aaravsinha/manyplume/oneplume/ppo/evalCli.py", line 289, in eval_loop
    episode_logs, episode_summaries = evaluate_agent(actor_critic, env, args)
  File "/Users/aaravsinha/manyplume/oneplume/ppo/evalCli.py", line 180, in evaluate_agent
    obs = env.reset()
  File "/Users/aaravsinha/manyplume/oneplume/ppo/a2c_ppo_acktr/envs.py", line 208, in reset
    obs = self.venv.reset()
  File "/opt/anaconda3/envs/py39/lib/python3.9/site-packages/stable_baselines3/common/vec_env/vec_normalize.py", line 284, in reset
    obs = self.venv.reset()
  File "/opt/anaconda3/envs/py39/lib/python3.9/site-packages/stable_baselines3/common/vec_env/dummy_vec_env.py", line 74, in reset
    obs = self.envs[env_idx].reset()
  File "/Users/aaravsinha/manyplume/oneplume/ppo/../plume_env.py", line 449, in reset
    observation = self.sense_environment()
  File "/Users/aaravsinha/manyplume/oneplume/ppo/../plume_env.py", line 270, in sense_environment
    odor_observation = sim_analysis.get_concentration_at_tidx(
  File "/Users/aaravsinha/manyplume/oneplume/ppo/../sim_analysis.py", line 263, in get_concentration_at_tidx
    d = data[data.tidx==tidx].query(q)
  File "/opt/anaconda3/envs/py39/lib/python3.9/site-packages/pandas/core/frame.py", line 4828, in query
    res = self.eval(expr, **kwargs)
  File "/opt/anaconda3/envs/py39/lib/python3.9/site-packages/pandas/core/frame.py", line 4954, in eval
    return _eval(expr, inplace=inplace, **kwargs)
  File "/opt/anaconda3/envs/py39/lib/python3.9/site-packages/pandas/core/computation/eval.py", line 339, in eval
    parsed_expr = Expr(expr, engine=engine, parser=parser, env=env)
  File "/opt/anaconda3/envs/py39/lib/python3.9/site-packages/pandas/core/computation/expr.py", line 809, in __init__
    self.terms = self.parse()
  File "/opt/anaconda3/envs/py39/lib/python3.9/site-packages/pandas/core/computation/expr.py", line 828, in parse
    return self._visitor.visit(self.expr)
  File "/opt/anaconda3/envs/py39/lib/python3.9/site-packages/pandas/core/computation/expr.py", line 413, in visit
    return visitor(node, **kwargs)
  File "/opt/anaconda3/envs/py39/lib/python3.9/site-packages/pandas/core/computation/expr.py", line 419, in visit_Module
    return self.visit(expr, **kwargs)
  File "/opt/anaconda3/envs/py39/lib/python3.9/site-packages/pandas/core/computation/expr.py", line 413, in visit
    return visitor(node, **kwargs)
  File "/opt/anaconda3/envs/py39/lib/python3.9/site-packages/pandas/core/computation/expr.py", line 422, in visit_Expr
    return self.visit(node.value, **kwargs)
  File "/opt/anaconda3/envs/py39/lib/python3.9/site-packages/pandas/core/computation/expr.py", line 413, in visit
    return visitor(node, **kwargs)
  File "/opt/anaconda3/envs/py39/lib/python3.9/site-packages/pandas/core/computation/expr.py", line 746, in visit_BoolOp
    return reduce(visitor, operands)
  File "/opt/anaconda3/envs/py39/lib/python3.9/site-packages/pandas/core/computation/expr.py", line 740, in visitor
    rhs = self._try_visit_binop(y)
  File "/opt/anaconda3/envs/py39/lib/python3.9/site-packages/pandas/core/computation/expr.py", line 735, in _try_visit_binop
    return self.visit(bop)
  File "/opt/anaconda3/envs/py39/lib/python3.9/site-packages/pandas/core/computation/expr.py", line 413, in visit
    return visitor(node, **kwargs)
  File "/opt/anaconda3/envs/py39/lib/python3.9/site-packages/pandas/core/computation/expr.py", line 719, in visit_Compare
    return self.visit(binop)
  File "/opt/anaconda3/envs/py39/lib/python3.9/site-packages/pandas/core/computation/expr.py", line 413, in visit
    return visitor(node, **kwargs)
  File "/opt/anaconda3/envs/py39/lib/python3.9/site-packages/pandas/core/computation/expr.py", line 535, in visit_BinOp
    op, op_class, left, right = self._maybe_transform_eq_ne(node)
  File "/opt/anaconda3/envs/py39/lib/python3.9/site-packages/pandas/core/computation/expr.py", line 453, in _maybe_transform_eq_ne
    left = self.visit(node.left, side="left")
  File "/opt/anaconda3/envs/py39/lib/python3.9/site-packages/pandas/core/computation/expr.py", line 413, in visit
    return visitor(node, **kwargs)
  File "/opt/anaconda3/envs/py39/lib/python3.9/site-packages/pandas/core/computation/expr.py", line 545, in visit_Name
    return self.term_type(node.id, self.env, **kwargs)
  File "/opt/anaconda3/envs/py39/lib/python3.9/site-packages/pandas/core/computation/ops.py", line 91, in __init__
    self._value = self._resolve_name()
  File "/opt/anaconda3/envs/py39/lib/python3.9/site-packages/pandas/core/computation/ops.py", line 115, in _resolve_name
    res = self.env.resolve(local_name, is_local=is_local)
  File "/opt/anaconda3/envs/py39/lib/python3.9/site-packages/pandas/core/computation/scope.py", line 244, in resolve
    raise UndefinedVariableError(key, is_local) from err
pandas.errors.UndefinedVariableError: name 'nan' is not defined
Evaluating on dataset: noisy6x5b5
Using Precomputed Plume...
PlumeEnvironment: {'self': <plume_env.PlumeEnvironment object at 0x17fc2d970>, 't_val_min': 10.0, 'sim_steps_max': 2500, 'reset_offset_tmax': 30, 'dataset': 'noisy6x5b5', 'move_capacity': 2.0, 'turn_capacity': 19.634954084936208, 'wind_obsx': 1.0, 'movex': 1, 'turnx': 1.0, 'birthx': 1.0, 'birthx_max': 0.2, 'env_dt': 0.04, 'loc_algo': 'quantile', 'qvar': 0.0, 'time_algo': 'uniform', 'angle_algo': 'uniform', 'homed_radius': 0.2, 'stray_max': 2.0, 'wind_rel': True, 'auto_movex': False, 'auto_reward': False, 'diff_max': 0.8, 'diff_min': 0.4, 'r_shaping': ['step', 'oob', 'metabolic'], 'rewardx': 1.0, 'rescale': False, 'squash_action': True, 'walking': True, 'walk_move': 0.05, 'walk_turn': 3.14159, 'radiusx': 1.0, 'diffusion_min': 1.0, 'diffusion_max': 1.0, 'action_feedback': False, 'flipping': False, 'odor_scaling': True, 'obs_noise': 0.0, 'act_noise': 0.0, 'dynamic': False, 'seed': 3284, 'verbose': 0, '__class__': <class 'plume_env.PlumeEnvironment'>}
Squashing actions to 0-1
noisy6x5b5
Exception: [Errno 2] No such file or directory: '/Users/aaravsinha/plume/plumedata//puff_data_noisy6x5b5.pickle'
Traceback (most recent call last):
  File "/Users/aaravsinha/manyplume/oneplume/ppo/evalCli.py", line 271, in eval_loop
    env = make_vec_envs(
  File "/Users/aaravsinha/manyplume/oneplume/ppo/a2c_ppo_acktr/envs.py", line 132, in make_vec_envs
    envs = DummyVecEnv(envs)
  File "/opt/anaconda3/envs/py39/lib/python3.9/site-packages/stable_baselines3/common/vec_env/dummy_vec_env.py", line 26, in __init__
    self.envs = [fn() for fn in env_fns]
  File "/opt/anaconda3/envs/py39/lib/python3.9/site-packages/stable_baselines3/common/vec_env/dummy_vec_env.py", line 26, in <listcomp>
    self.envs = [fn() for fn in env_fns]
  File "/Users/aaravsinha/manyplume/oneplume/ppo/a2c_ppo_acktr/envs.py", line 34, in _thunk
    env = plume_env.PlumeEnvironment(
  File "/Users/aaravsinha/manyplume/oneplume/ppo/../plume_env.py", line 116, in __init__
    self.set_dataset(dataset)
  File "/Users/aaravsinha/manyplume/oneplume/ppo/../plume_env.py", line 206, in set_dataset
    self.data_puffs_all, self.data_wind_all = sim_analysis.load_plume(
  File "/Users/aaravsinha/manyplume/oneplume/ppo/../sim_analysis.py", line 173, in load_plume
    data_puffs = pandas.read_pickle(puff_filename)
  File "/opt/anaconda3/envs/py39/lib/python3.9/site-packages/pandas/io/pickle.py", line 185, in read_pickle
    with get_handle(
  File "/opt/anaconda3/envs/py39/lib/python3.9/site-packages/pandas/io/common.py", line 882, in get_handle
    handle = open(handle, ioargs.mode)
FileNotFoundError: [Errno 2] No such file or directory: '/Users/aaravsinha/plume/plumedata//puff_data_noisy6x5b5.pickle'
