CUDA: False
Namespace(algo='ppo', lr=0.0003, eps=1e-05, alpha=0.99, gamma=0.99, use_gae=True, gae_lambda=0.95, entropy_coef=0.005, value_loss_coef=0.5, max_grad_norm=0.5, seed=3024, cuda_deterministic=False, num_processes=2, num_steps=2048, ppo_epoch=10, num_mini_batch=2, clip_param=0.2, log_interval=1, save_interval=100, no_cuda=False, use_proper_time_limits=False, recurrent_policy=True, use_linear_lr_decay=True, env_name='plume', log_dir='/tmp/gym/', save_dir='./trained_models/ExptWalking20250725/', dynamic=False, eval_type='fixed', eval_episodes=20, eval_interval=None, weight_decay=0.0001, rnn_type='VRNN', hidden_size=64, betadist=False, stacking=0, masking=None, stride=1, dataset=['constantx5b5', 'noisy3x5b5'], num_env_steps=[850000, 3500000], qvar=[0.5, 0.2], birthx=[0.3, 0.8], diff_max=[0.8, 0.8], diff_min=[0.7, 0.4], birthx_max=1.0, dryrun=False, curriculum=False, turnx=1.0, movex=1.0, auto_movex=False, auto_reward=False, loc_algo='uniform', time_algo='uniform', env_dt=0.04, outsuffix='20250725_VRNN_constantx5b5noisy3x5b5_stepoobmetabolicturn_bx0.30.8_t8500003500000_q0.50.2_dmx0.80.8_dmn0.70.4_h64_wd0.0001_n2_walking_seed302496', walking=True, radiusx=1.0, diffusion_min=1.0, diffusion_max=1.0, r_shaping=['step', 'oob', 'metabolic', 'turn'], wind_rel=True, action_feedback=False, squash_action=True, flipping=True, odor_scaling=True, stray_max=2.0, test_episodes=50, viz_episodes=10, model_fname='', obs_noise=0.0, act_noise=0.0, cuda=False)
PPO Args ---> Namespace(algo='ppo', lr=0.0003, eps=1e-05, alpha=0.99, gamma=0.99, use_gae=True, gae_lambda=0.95, entropy_coef=0.005, value_loss_coef=0.5, max_grad_norm=0.5, seed=3024, cuda_deterministic=False, num_processes=2, num_steps=2048, ppo_epoch=10, num_mini_batch=2, clip_param=0.2, log_interval=1, save_interval=100, no_cuda=False, use_proper_time_limits=False, recurrent_policy=True, use_linear_lr_decay=True, env_name='plume', log_dir='/tmp/gym/', save_dir='./trained_models/ExptWalking20250725/', dynamic=False, eval_type='fixed', eval_episodes=20, eval_interval=None, weight_decay=0.0001, rnn_type='VRNN', hidden_size=64, betadist=False, stacking=0, masking=None, stride=1, dataset=['constantx5b5', 'noisy3x5b5'], num_env_steps=[850000, 3500000], qvar=[0.5, 0.2], birthx=[0.3, 0.8], diff_max=[0.8, 0.8], diff_min=[0.7, 0.4], birthx_max=1.0, dryrun=False, curriculum=False, turnx=1.0, movex=1.0, auto_movex=False, auto_reward=False, loc_algo='uniform', time_algo='uniform', env_dt=0.04, outsuffix='20250725_VRNN_constantx5b5noisy3x5b5_stepoobmetabolicturn_bx0.30.8_t8500003500000_q0.50.2_dmx0.80.8_dmn0.70.4_h64_wd0.0001_n2_walking_seed302496', walking=True, radiusx=1.0, diffusion_min=1.0, diffusion_max=1.0, r_shaping=['step', 'oob', 'metabolic', 'turn'], wind_rel=True, action_feedback=False, squash_action=True, flipping=True, odor_scaling=True, stray_max=2.0, test_episodes=50, viz_episodes=10, model_fname='', obs_noise=0.0, act_noise=0.0, cuda=False)
Using Precomputed Plume...
Using Precomputed Plume...
2025-07-25 15:55:51.901 python[51848:41898830] +[NSXPCSharedListener endpointForReply:withListenerName:replyErrorCode:]: an error occurred while attempting to obtain endpoint for listener 'ClientCallsAuxiliary': Connection invalid
2025-07-25 15:55:51.902 python[51846:41898828] +[NSXPCSharedListener endpointForReply:withListenerName:replyErrorCode:]: an error occurred while attempting to obtain endpoint for listener 'ClientCallsAuxiliary': Connection invalid
Using Precomputed Plume...
PlumeEnvironment: {'self': <plume_env.PlumeEnvironment object at 0x17863dd90>, 't_val_min': 60.0, 'sim_steps_max': 300, 'reset_offset_tmax': 30, 'dataset': 'constantx5b5', 'move_capacity': 2.0, 'turn_capacity': 19.634954084936208, 'wind_obsx': 1.0, 'movex': 1.0, 'turnx': 1.0, 'birthx': 0.3, 'birthx_max': 1.0, 'env_dt': 0.04, 'loc_algo': 'uniform', 'qvar': 0.5, 'time_algo': 'uniform', 'angle_algo': 'uniform', 'homed_radius': 0.2, 'stray_max': 2.0, 'wind_rel': True, 'auto_movex': False, 'auto_reward': False, 'diff_max': 0.8, 'diff_min': 0.7, 'r_shaping': ['step', 'oob', 'metabolic', 'turn'], 'rewardx': 1.0, 'rescale': False, 'squash_action': True, 'walking': True, 'walk_move': 0.05, 'walk_turn': 3.14159, 'radiusx': 1.0, 'diffusion_min': 1.0, 'diffusion_max': 1.0, 'action_feedback': False, 'flipping': True, 'odor_scaling': True, 'obs_noise': 0.0, 'act_noise': 0.0, 'dynamic': False, 'seed': 3024, 'verbose': 0, '__class__': <class 'plume_env.PlumeEnvironment'>}
Squashing actions to 0-1
constantx5b5
wind: t_val_diff 0.03999999999999915 env_dt 0.04
puffs: t_val_diff 0.03999999999999915 env_dt 0.04
Reward Shaping ['step', 'oob', 'metabolic', 'turn']
Using MLPBase
hidden_size 64
Using VanillaRNN
Saved ./trained_models/ExptWalking20250725//plume_20250725_VRNN_constantx5b5noisy3x5b5_stepoobmetabolicturn_bx0.30.8_t8500003500000_q0.50.2_dmx0.80.8_dmn0.70.4_h64_wd0.0001_n2_walking_seed302496.pt.start
Stage: 0/2 - constantx5b5 b0.3 q0.5 n850000
Saved ./trained_models/ExptWalking20250725/plume_20250725_VRNN_constantx5b5noisy3x5b5_stepoobmetabolicturn_bx0.30.8_t8500003500000_q0.50.2_dmx0.80.8_dmn0.70.4_h64_wd0.0001_n2_walking_seed302496.pt
Update 0/207, T 4096, FPS 335, 50-training-episode: mean/median -13.0/-10.5, min/max -54.5/-1.0
Update 1/207, T 8192, FPS 321, 50-training-episode: mean/median -12.2/-11.0, min/max -45.5/78.5
Update 2/207, T 12288, FPS 325, 50-training-episode: mean/median -13.8/-11.9, min/max -47.6/61.2
Update 3/207, T 16384, FPS 309, 50-training-episode: mean/median -13.3/-12.4, min/max -34.9/-2.0
Update 4/207, T 20480, FPS 310, 50-training-episode: mean/median -12.9/-15.1, min/max -40.2/84.4
Update 5/207, T 24576, FPS 301, 50-training-episode: mean/median -16.2/-14.6, min/max -40.9/-1.4
Update 6/207, T 28672, FPS 299, 50-training-episode: mean/median -10.3/-9.0, min/max -50.2/74.9
Update 7/207, T 32768, FPS 307, 50-training-episode: mean/median -11.1/-10.9, min/max -31.1/73.4
Update 8/207, T 36864, FPS 314, 50-training-episode: mean/median -14.1/-11.6, min/max -45.9/-1.0
Update 9/207, T 40960, FPS 319, 50-training-episode: mean/median -11.3/-13.3, min/max -36.1/73.7
Update 10/207, T 45056, FPS 324, 50-training-episode: mean/median -11.7/-10.7, min/max -48.6/-1.5
Update 11/207, T 49152, FPS 323, 50-training-episode: mean/median -8.8/-9.9, min/max -37.2/82.7
Update 12/207, T 53248, FPS 325, 50-training-episode: mean/median -11.6/-10.1, min/max -35.8/53.5
Update 13/207, T 57344, FPS 327, 50-training-episode: mean/median -11.6/-10.7, min/max -34.1/-1.0
Update 14/207, T 61440, FPS 331, 50-training-episode: mean/median -12.1/-9.7, min/max -37.0/-1.4
Update 15/207, T 65536, FPS 332, 50-training-episode: mean/median -11.3/-9.1, min/max -27.2/-1.0
Update 16/207, T 69632, FPS 333, 50-training-episode: mean/median -14.5/-12.6, min/max -50.6/-0.9
Update 17/207, T 73728, FPS 335, 50-training-episode: mean/median -12.7/-11.8, min/max -32.9/-1.8
Update 18/207, T 77824, FPS 337, 50-training-episode: mean/median -12.5/-10.3, min/max -40.8/-1.4
Update 19/207, T 81920, FPS 336, 50-training-episode: mean/median -10.5/-9.2, min/max -28.1/-0.9
Update 20/207, T 86016, FPS 336, 50-training-episode: mean/median -10.4/-7.3, min/max -37.3/-1.3
Update 21/207, T 90112, FPS 332, 50-training-episode: mean/median -9.8/-8.3, min/max -28.7/-1.2
Update 22/207, T 94208, FPS 330, 50-training-episode: mean/median -13.1/-13.3, min/max -46.1/-1.3
Update 23/207, T 98304, FPS 330, 50-training-episode: mean/median -11.8/-12.2, min/max -31.8/-1.2
Update 24/207, T 102400, FPS 329, 50-training-episode: mean/median -11.5/-8.7, min/max -34.6/-1.1
Update 25/207, T 106496, FPS 330, 50-training-episode: mean/median -10.9/-8.9, min/max -34.3/-0.9
Update 26/207, T 110592, FPS 331, 50-training-episode: mean/median -12.1/-10.7, min/max -38.8/-1.4
Update 27/207, T 114688, FPS 331, 50-training-episode: mean/median -10.1/-7.8, min/max -36.6/-1.0
Update 28/207, T 118784, FPS 332, 50-training-episode: mean/median -9.5/-8.2, min/max -28.5/-1.1
Update 29/207, T 122880, FPS 333, 50-training-episode: mean/median -11.3/-11.5, min/max -32.7/-1.3
Update 30/207, T 126976, FPS 335, 50-training-episode: mean/median -11.3/-9.0, min/max -38.2/-2.4
Update 31/207, T 131072, FPS 335, 50-training-episode: mean/median -10.9/-11.4, min/max -28.7/-2.1
Update 32/207, T 135168, FPS 337, 50-training-episode: mean/median -10.7/-10.6, min/max -25.1/-1.7
Update 33/207, T 139264, FPS 338, 50-training-episode: mean/median -10.8/-10.4, min/max -28.4/-1.4
Update 34/207, T 143360, FPS 339, 50-training-episode: mean/median -9.3/-9.1, min/max -25.9/-1.6
Update 35/207, T 147456, FPS 339, 50-training-episode: mean/median -13.0/-11.3, min/max -30.9/-1.6
Update 36/207, T 151552, FPS 339, 50-training-episode: mean/median -11.8/-12.0, min/max -31.3/-1.0
Update 37/207, T 155648, FPS 339, 50-training-episode: mean/median -11.0/-10.2, min/max -34.1/-1.8
Update 38/207, T 159744, FPS 337, 50-training-episode: mean/median -13.3/-11.6, min/max -33.6/-1.3
Update 39/207, T 163840, FPS 336, 50-training-episode: mean/median -10.7/-8.7, min/max -32.4/-1.4
Update 40/207, T 167936, FPS 337, 50-training-episode: mean/median -10.8/-9.9, min/max -25.1/-1.6
Update 41/207, T 172032, FPS 337, 50-training-episode: mean/median -8.6/-8.4, min/max -21.0/-1.3
Update 42/207, T 176128, FPS 337, 50-training-episode: mean/median -11.0/-10.4, min/max -27.7/-1.1
Update 43/207, T 180224, FPS 338, 50-training-episode: mean/median -10.6/-11.3, min/max -37.7/-1.2
Update 44/207, T 184320, FPS 338, 50-training-episode: mean/median -11.4/-12.1, min/max -28.4/-2.0
Update 45/207, T 188416, FPS 338, 50-training-episode: mean/median -9.9/-8.4, min/max -30.6/-1.5
Update 46/207, T 192512, FPS 338, 50-training-episode: mean/median -9.5/-8.7, min/max -22.4/-1.1
Update 47/207, T 196608, FPS 339, 50-training-episode: mean/median -10.4/-10.3, min/max -23.6/-1.0
Update 48/207, T 200704, FPS 339, 50-training-episode: mean/median -10.8/-9.7, min/max -27.9/-1.2
Update 49/207, T 204800, FPS 340, 50-training-episode: mean/median -10.9/-10.5, min/max -23.2/-1.5
Update 50/207, T 208896, FPS 340, 50-training-episode: mean/median -9.9/-9.5, min/max -21.6/-1.3
Update 51/207, T 212992, FPS 340, 50-training-episode: mean/median -10.8/-9.7, min/max -25.6/-2.1
Update 52/207, T 217088, FPS 340, 50-training-episode: mean/median -11.6/-11.3, min/max -30.8/-1.1
Update 53/207, T 221184, FPS 340, 50-training-episode: mean/median -10.3/-7.7, min/max -30.3/-1.6
Update 54/207, T 225280, FPS 341, 50-training-episode: mean/median -11.2/-10.5, min/max -23.2/-1.7
Update 55/207, T 229376, FPS 342, 50-training-episode: mean/median -9.1/-9.2, min/max -20.5/-1.4
Update 56/207, T 233472, FPS 342, 50-training-episode: mean/median -10.7/-9.5, min/max -29.3/-1.5
Update 57/207, T 237568, FPS 342, 50-training-episode: mean/median -8.8/-8.4, min/max -26.5/-1.6
Update 58/207, T 241664, FPS 343, 50-training-episode: mean/median -10.2/-10.0, min/max -22.9/-1.5
Update 59/207, T 245760, FPS 344, 50-training-episode: mean/median -10.6/-10.2, min/max -18.3/-1.5
Update 60/207, T 249856, FPS 344, 50-training-episode: mean/median -9.8/-9.8, min/max -21.6/-1.0
Update 61/207, T 253952, FPS 345, 50-training-episode: mean/median -7.8/-8.9, min/max -25.8/80.9
Update 62/207, T 258048, FPS 345, 50-training-episode: mean/median -9.8/-9.7, min/max -28.4/-1.2
Update 63/207, T 262144, FPS 346, 50-training-episode: mean/median -10.6/-9.2, min/max -25.0/-1.5
Update 64/207, T 266240, FPS 346, 50-training-episode: mean/median -10.1/-8.0, min/max -27.2/-1.7
Update 65/207, T 270336, FPS 346, 50-training-episode: mean/median -10.3/-9.9, min/max -25.1/-1.0
Update 66/207, T 274432, FPS 347, 50-training-episode: mean/median -9.3/-9.5, min/max -19.5/-2.4
Update 67/207, T 278528, FPS 347, 50-training-episode: mean/median -9.6/-8.7, min/max -23.0/-1.5
Update 68/207, T 282624, FPS 347, 50-training-episode: mean/median -9.3/-8.3, min/max -29.5/-1.3
Update 69/207, T 286720, FPS 347, 50-training-episode: mean/median -10.1/-11.1, min/max -25.3/-1.1
Update 70/207, T 290816, FPS 347, 50-training-episode: mean/median -8.6/-7.0, min/max -23.1/-2.0
Update 71/207, T 294912, FPS 347, 50-training-episode: mean/median -11.0/-11.3, min/max -31.1/-1.3
Update 72/207, T 299008, FPS 347, 50-training-episode: mean/median -9.5/-9.8, min/max -19.1/-1.2
Update 73/207, T 303104, FPS 347, 50-training-episode: mean/median -9.9/-9.9, min/max -20.6/-1.8
Update 74/207, T 307200, FPS 346, 50-training-episode: mean/median -9.2/-8.3, min/max -30.6/-1.6
Update 75/207, T 311296, FPS 347, 50-training-episode: mean/median -9.9/-9.0, min/max -26.4/-1.2
Update 76/207, T 315392, FPS 347, 50-training-episode: mean/median -9.2/-8.1, min/max -29.2/-1.0
Update 77/207, T 319488, FPS 346, 50-training-episode: mean/median -9.4/-9.2, min/max -20.2/-1.0
Update 78/207, T 323584, FPS 346, 50-training-episode: mean/median -11.1/-10.0, min/max -26.1/-1.4
Update 79/207, T 327680, FPS 346, 50-training-episode: mean/median -11.2/-10.7, min/max -34.0/-1.3
Update 80/207, T 331776, FPS 346, 50-training-episode: mean/median -8.4/-8.0, min/max -20.6/-0.9
Update 81/207, T 335872, FPS 346, 50-training-episode: mean/median -8.6/-7.5, min/max -23.7/-1.0
Update 82/207, T 339968, FPS 346, 50-training-episode: mean/median -8.8/-9.2, min/max -18.5/-1.4
Update 83/207, T 344064, FPS 346, 50-training-episode: mean/median -8.3/-6.8, min/max -21.8/-0.9
Update 84/207, T 348160, FPS 346, 50-training-episode: mean/median -8.6/-8.6, min/max -17.9/-1.7
Update 85/207, T 352256, FPS 346, 50-training-episode: mean/median -10.6/-10.3, min/max -26.8/-1.9
Update 86/207, T 356352, FPS 347, 50-training-episode: mean/median -9.5/-9.1, min/max -21.2/-1.8
Update 87/207, T 360448, FPS 347, 50-training-episode: mean/median -10.4/-10.3, min/max -23.1/-1.5
Update 88/207, T 364544, FPS 347, 50-training-episode: mean/median -11.1/-11.0, min/max -24.0/-1.8
Update 89/207, T 368640, FPS 347, 50-training-episode: mean/median -9.6/-10.8, min/max -20.0/-1.0
Update 90/207, T 372736, FPS 347, 50-training-episode: mean/median -8.6/-7.9, min/max -18.8/-1.0
Update 91/207, T 376832, FPS 347, 50-training-episode: mean/median -8.7/-7.6, min/max -24.0/-1.6
Update 92/207, T 380928, FPS 347, 50-training-episode: mean/median -9.7/-8.4, min/max -24.7/-1.5
Update 93/207, T 385024, FPS 346, 50-training-episode: mean/median -9.6/-8.8, min/max -22.9/-1.4
Update 94/207, T 389120, FPS 346, 50-training-episode: mean/median -9.9/-9.0, min/max -22.5/-1.5
Update 95/207, T 393216, FPS 346, 50-training-episode: mean/median -8.9/-9.5, min/max -17.7/-0.8
Update 96/207, T 397312, FPS 346, 50-training-episode: mean/median -9.9/-9.9, min/max -20.9/-1.5
Update 97/207, T 401408, FPS 345, 50-training-episode: mean/median -8.8/-7.9, min/max -23.4/-1.5
Update 98/207, T 405504, FPS 346, 50-training-episode: mean/median -8.7/-8.3, min/max -22.5/-1.0
Update 99/207, T 409600, FPS 346, 50-training-episode: mean/median -10.6/-9.2, min/max -25.8/-1.7
Saved ./trained_models/ExptWalking20250725/plume_20250725_VRNN_constantx5b5noisy3x5b5_stepoobmetabolicturn_bx0.30.8_t8500003500000_q0.50.2_dmx0.80.8_dmn0.70.4_h64_wd0.0001_n2_walking_seed302496.pt
Update 100/207, T 413696, FPS 346, 50-training-episode: mean/median -8.8/-7.8, min/max -19.6/-1.4
Update 101/207, T 417792, FPS 346, 50-training-episode: mean/median -9.2/-9.2, min/max -22.3/-1.1
Update 102/207, T 421888, FPS 346, 50-training-episode: mean/median -9.9/-8.6, min/max -27.9/-1.4
Update 103/207, T 425984, FPS 345, 50-training-episode: mean/median -9.6/-9.8, min/max -21.9/-0.9
Update 104/207, T 430080, FPS 345, 50-training-episode: mean/median -8.9/-7.9, min/max -23.3/-1.6
Update 105/207, T 434176, FPS 345, 50-training-episode: mean/median -10.4/-10.4, min/max -17.9/-1.2
Update 106/207, T 438272, FPS 345, 50-training-episode: mean/median -9.3/-8.8, min/max -27.3/-1.4
Update 107/207, T 442368, FPS 345, 50-training-episode: mean/median -10.8/-9.0, min/max -27.9/-1.8
Update 108/207, T 446464, FPS 345, 50-training-episode: mean/median -10.2/-9.6, min/max -23.4/-1.4
Update 109/207, T 450560, FPS 344, 50-training-episode: mean/median -8.2/-8.1, min/max -19.6/-0.9
PlumeEnvironment: {'self': <plume_env.PlumeEnvironment object at 0x1016e7250>, 't_val_min': 60.0, 'sim_steps_max': 300, 'reset_offset_tmax': 30, 'dataset': 'constantx5b5', 'move_capacity': 2.0, 'turn_capacity': 19.634954084936208, 'wind_obsx': 1.0, 'movex': 1.0, 'turnx': 1.0, 'birthx': 0.3, 'birthx_max': 1.0, 'env_dt': 0.04, 'loc_algo': 'uniform', 'qvar': 0.5, 'time_algo': 'uniform', 'angle_algo': 'uniform', 'homed_radius': 0.2, 'stray_max': 2.0, 'wind_rel': True, 'auto_movex': False, 'auto_reward': False, 'diff_max': 0.8, 'diff_min': 0.7, 'r_shaping': ['step', 'oob', 'metabolic', 'turn'], 'rewardx': 1.0, 'rescale': False, 'squash_action': True, 'walking': True, 'walk_move': 0.05, 'walk_turn': 3.14159, 'radiusx': 1.0, 'diffusion_min': 1.0, 'diffusion_max': 1.0, 'action_feedback': False, 'flipping': True, 'odor_scaling': True, 'obs_noise': 0.0, 'act_noise': 0.0, 'dynamic': False, 'seed': 3024, 'verbose': 0, '__class__': <class 'plume_env.PlumeEnvironment'>}
Squashing actions to 0-1
constantx5b5
wind: t_val_diff 0.03999999999999915 env_dt 0.04
puffs: t_val_diff 0.03999999999999915 env_dt 0.04
Reward Shaping ['step', 'oob', 'metabolic', 'turn']
PlumeEnvironment: {'self': <plume_env.PlumeEnvironment object at 0x1016e7250>, 't_val_min': 60.0, 'sim_steps_max': 300, 'reset_offset_tmax': 30, 'dataset': 'constantx5b5', 'move_capacity': 2.0, 'turn_capacity': 19.634954084936208, 'wind_obsx': 1.0, 'movex': 1.0, 'turnx': 1.0, 'birthx': 0.3, 'birthx_max': 1.0, 'env_dt': 0.04, 'loc_algo': 'uniform', 'qvar': 0.5, 'time_algo': 'uniform', 'angle_algo': 'uniform', 'homed_radius': 0.2, 'stray_max': 2.0, 'wind_rel': True, 'auto_movex': False, 'auto_reward': False, 'diff_max': 0.8, 'diff_min': 0.7, 'r_shaping': ['step', 'oob', 'metabolic', 'turn'], 'rewardx': 1.0, 'rescale': False, 'squash_action': True, 'walking': True, 'walk_move': 0.05, 'walk_turn': 3.14159, 'radiusx': 1.0, 'diffusion_min': 1.0, 'diffusion_max': 1.0, 'action_feedback': False, 'flipping': True, 'odor_scaling': True, 'obs_noise': 0.0, 'act_noise': 0.0, 'dynamic': False, 'seed': 3024, 'verbose': 0, '__class__': <class 'plume_env.PlumeEnvironment'>}
Squashing actions to 0-1
constantx5b5
wind: t_val_diff 0.03999999999999915 env_dt 0.04
puffs: t_val_diff 0.03999999999999915 env_dt 0.04
Reward Shaping ['step', 'oob', 'metabolic', 'turn']
